<?xml version="1.0" encoding="utf-8"?><testsuites name="pytest tests"><testsuite name="pytest" errors="0" failures="0" skipped="0" tests="31" time="1.722" timestamp="2026-03-13T17:20:24.594044+00:00" hostname="agent-env-1958e3a0-4ad3-4ed2-bebd-790aa8bb8eab"><testcase classname="backend.tests.test_trading_bot_features.TestPositionSync" name="test_adopt_new_position_from_exchange" time="1.524" /><testcase classname="backend.tests.test_trading_bot_features.TestPositionSync" name="test_preserve_existing_sl_tp_when_adopting" time="0.006" /><testcase classname="backend.tests.test_trading_bot_features.TestPositionSync" name="test_update_existing_position_on_resync" time="0.006" /><testcase classname="backend.tests.test_trading_bot_features.TestPositionSync" name="test_short_position_adoption" time="0.018" /><testcase classname="backend.tests.test_trading_bot_features.TestPartialTakeProfit" name="test_compute_partial_tp_price_long" time="0.005" /><testcase classname="backend.tests.test_trading_bot_features.TestPartialTakeProfit" name="test_compute_partial_tp_price_short" time="0.004" /><testcase classname="backend.tests.test_trading_bot_features.TestPartialTakeProfit" name="test_compute_partial_tp_invalid_inputs" time="0.004" /><testcase classname="backend.tests.test_trading_bot_features.TestPartialTakeProfit" name="test_partial_tp_execution_long" time="0.006" /><testcase classname="backend.tests.test_trading_bot_features.TestPartialTakeProfit" name="test_partial_tp_execution_short" time="0.012" /><testcase classname="backend.tests.test_trading_bot_features.TestPartialTakeProfit" name="test_partial_tp_skipped_when_disabled" time="0.006" /><testcase classname="backend.tests.test_trading_bot_features.TestPartialTakeProfit" name="test_partial_tp_skipped_when_already_done" time="0.005" /><testcase classname="backend.tests.test_trading_bot_features.TestPortfolioTotalTP" name="test_portfolio_tp_triggers_all_positions_closed" time="0.022" /><testcase classname="backend.tests.test_trading_bot_features.TestPortfolioTotalTP" name="test_portfolio_tp_not_triggered_below_target" time="0.005" /><testcase classname="backend.tests.test_trading_bot_features.TestPortfolioTotalTP" name="test_portfolio_tp_disabled" time="0.005" /><testcase classname="backend.tests.test_trading_bot_features.TestPortfolioTotalTP" name="test_portfolio_tp_with_no_positions" time="0.005" /><testcase classname="backend.tests.test_trading_bot_features.TestPositionIdxSupport" name="test_execute_close_signature_has_position_idx" time="0.000" /><testcase classname="backend.tests.test_trading_bot_features.TestPositionIdxSupport" name="test_update_sl_signature_has_position_idx" time="0.000" /><testcase classname="backend.tests.test_trading_bot_features.TestPositionIdxSupport" name="test_update_tp_signature_has_position_idx" time="0.000" /><testcase classname="backend.tests.test_trading_bot_features.TestPositionIdxSupport" name="test_bybit_client_close_position_has_position_idx" time="0.000" /><testcase classname="backend.tests.test_trading_bot_features.TestPositionIdxSupport" name="test_bybit_client_update_stop_loss_has_position_idx" time="0.000" /><testcase classname="backend.tests.test_trading_bot_features.TestPositionIdxSupport" name="test_bybit_client_update_take_profit_has_position_idx" time="0.000" /><testcase classname="backend.tests.test_trading_bot_features.TestPositionManager" name="test_position_has_new_fields" time="0.000" /><testcase classname="backend.tests.test_trading_bot_features.TestPositionManager" name="test_position_is_long_property" time="0.000" /><testcase classname="backend.tests.test_trading_bot_features.TestPositionManager" name="test_position_manager_reduce" time="0.000" /><testcase classname="backend.tests.test_trading_bot_features.TestPositionManager" name="test_position_manager_reduce_removes_zero_qty" time="0.000" /><testcase classname="backend.tests.test_trading_bot_features.TestEdgeCasesAndRegression" name="test_partial_tp_with_min_position_size" time="0.005" /><testcase classname="backend.tests.test_trading_bot_features.TestEdgeCasesAndRegression" name="test_derive_manual_position_levels_long" time="0.004" /><testcase classname="backend.tests.test_trading_bot_features.TestEdgeCasesAndRegression" name="test_derive_manual_position_levels_short" time="0.004" /><testcase classname="backend.tests.test_trading_bot_features.TestEdgeCasesAndRegression" name="test_config_has_new_sections" time="0.004" /><testcase classname="backend.tests.test_trading_bot_features.TestEdgeCasesAndRegression" name="test_trading_bot_initializes_new_config_values" time="0.004" /><testcase classname="backend.tests.test_trading_bot_features.TestEdgeCasesAndRegression" name="test_position_controls_dict_includes_partial_tp" time="0.000" /></testsuite></testsuites>