<?xml version="1.0" encoding="utf-8"?><testsuites name="pytest tests"><testsuite name="pytest" errors="0" failures="0" skipped="0" tests="20" time="1.033" timestamp="2026-03-21T12:49:09.058907+00:00" hostname="agent-env-036b33ef-8625-452c-9def-192519f35e6f"><testcase classname="backend.tests.test_iteration30_exchange_closed_cooldown.TestConfigHasExchangeClosedIgnore" name="test_config_has_exchange_closed_in_ignore_cooldown_reasons" time="0.009" /><testcase classname="backend.tests.test_iteration30_exchange_closed_cooldown.TestConfigHasExchangeClosedIgnore" name="test_config_has_exchange_closed_in_ignore_consecutive_reasons" time="0.010" /><testcase classname="backend.tests.test_iteration30_exchange_closed_cooldown.TestConfigHasExchangeClosedIgnore" name="test_config_has_early_exit_in_ignore_lists" time="0.009" /><testcase classname="backend.tests.test_iteration30_exchange_closed_cooldown.TestExchangeClosedNoCooldown" name="test_exchange_closed_tiny_loss_no_cooldown" time="0.000" /><testcase classname="backend.tests.test_iteration30_exchange_closed_cooldown.TestExchangeClosedNoCooldown" name="test_exchange_closed_medium_loss_no_cooldown" time="0.000" /><testcase classname="backend.tests.test_iteration30_exchange_closed_cooldown.TestExchangeClosedNoCooldown" name="test_exchange_closed_large_loss_no_cooldown" time="0.000" /><testcase classname="backend.tests.test_iteration30_exchange_closed_cooldown.TestExchangeClosedNoCooldown" name="test_exchange_closed_case_insensitive" time="0.000" /><testcase classname="backend.tests.test_iteration30_exchange_closed_cooldown.TestStrictThresholdComparison" name="test_loss_exactly_at_cooldown_threshold_no_cooldown" time="0.000" /><testcase classname="backend.tests.test_iteration30_exchange_closed_cooldown.TestStrictThresholdComparison" name="test_loss_exactly_at_consecutive_threshold_no_increment" time="0.000" /><testcase classname="backend.tests.test_iteration30_exchange_closed_cooldown.TestStrictThresholdComparison" name="test_loss_just_below_cooldown_threshold_no_cooldown" time="0.000" /><testcase classname="backend.tests.test_iteration30_exchange_closed_cooldown.TestStrictThresholdComparison" name="test_loss_just_above_cooldown_threshold_triggers_cooldown" time="0.000" /><testcase classname="backend.tests.test_iteration30_exchange_closed_cooldown.TestStrictThresholdComparison" name="test_loss_just_above_consecutive_threshold_increments" time="0.000" /><testcase classname="backend.tests.test_iteration30_exchange_closed_cooldown.TestTinyLossesNoFalsePositive" name="test_micro_loss_no_cooldown" time="0.000" /><testcase classname="backend.tests.test_iteration30_exchange_closed_cooldown.TestTinyLossesNoFalsePositive" name="test_multiple_tiny_losses_no_consecutive_increment" time="0.000" /><testcase classname="backend.tests.test_iteration30_exchange_closed_cooldown.TestTinyLossesNoFalsePositive" name="test_tiny_loss_with_exchange_closed_double_protection" time="0.000" /><testcase classname="backend.tests.test_iteration30_exchange_closed_cooldown.TestRegressionEarlyExitIgnore" name="test_early_exit_small_loss_no_cooldown" time="0.002" /><testcase classname="backend.tests.test_iteration30_exchange_closed_cooldown.TestRegressionEarlyExitIgnore" name="test_early_exit_large_loss_no_cooldown" time="0.000" /><testcase classname="backend.tests.test_iteration30_exchange_closed_cooldown.TestRegressionEarlyExitIgnore" name="test_real_loss_still_triggers_cooldown" time="0.000" /><testcase classname="backend.tests.test_iteration30_exchange_closed_cooldown.TestMixedScenarios" name="test_alternating_exchange_closed_and_real_losses" time="0.000" /><testcase classname="backend.tests.test_iteration30_exchange_closed_cooldown.TestMixedScenarios" name="test_win_resets_consecutive_after_exchange_closed" time="0.000" /></testsuite></testsuites>