<?xml version="1.0" encoding="utf-8"?><testsuites name="pytest tests"><testsuite name="pytest" errors="0" failures="0" skipped="0" tests="42" time="2.823" timestamp="2026-03-20T11:09:14.484048+00:00" hostname="agent-env-036b33ef-8625-452c-9def-192519f35e6f"><testcase classname="backend.tests.test_iteration23_structural_tp_requirement.TestConfigHasStructuralTPRequirement" name="test_require_structural_tp_is_true_in_config" time="0.009" /><testcase classname="backend.tests.test_iteration23_structural_tp_requirement.TestBuyPathStructuralTPDetection" name="test_buy_accepted_with_structural_previous_high" time="0.000" /><testcase classname="backend.tests.test_iteration23_structural_tp_requirement.TestBuyPathStructuralTPDetection" name="test_buy_accepted_with_zone_resistance_levels" time="0.000" /><testcase classname="backend.tests.test_iteration23_structural_tp_requirement.TestBuyPathStructuralTPDetection" name="test_buy_rejected_without_structural_targets" time="0.000" /><testcase classname="backend.tests.test_iteration23_structural_tp_requirement.TestBuyPathStructuralTPDetection" name="test_buy_allowed_when_feature_disabled" time="0.000" /><testcase classname="backend.tests.test_iteration23_structural_tp_requirement.TestSellPathStructuralTPDetection" name="test_sell_accepted_with_structural_previous_low" time="0.000" /><testcase classname="backend.tests.test_iteration23_structural_tp_requirement.TestSellPathStructuralTPDetection" name="test_sell_accepted_with_zone_support_levels" time="0.000" /><testcase classname="backend.tests.test_iteration23_structural_tp_requirement.TestSellPathStructuralTPDetection" name="test_sell_rejected_without_structural_targets" time="0.000" /><testcase classname="backend.tests.test_iteration23_structural_tp_requirement.TestSellPathStructuralTPDetection" name="test_sell_allowed_when_feature_disabled" time="0.000" /><testcase classname="backend.tests.test_iteration23_structural_tp_requirement.TestMetadataContainsTPConfirmedByStructure" name="test_accepted_buy_has_tp_confirmed_by_structure_true" time="0.000" /><testcase classname="backend.tests.test_iteration23_structural_tp_requirement.TestMetadataContainsTPConfirmedByStructure" name="test_accepted_sell_has_tp_confirmed_by_structure_true" time="0.000" /><testcase classname="backend.tests.test_iteration23_structural_tp_requirement.TestMetadataContainsTPConfirmedByStructure" name="test_rejected_signal_has_composite_score_in_metadata" time="0.000" /><testcase classname="backend.tests.test_iteration23_structural_tp_requirement.TestZoneContextStructuralTargets" name="test_buy_accepted_with_bearish_zone_above_price" time="0.000" /><testcase classname="backend.tests.test_iteration23_structural_tp_requirement.TestZoneContextStructuralTargets" name="test_sell_accepted_with_bullish_zone_below_price" time="0.000" /><testcase classname="backend.tests.test_iteration23_structural_tp_requirement.TestNoRegressions" name="test_spread_rejection_still_works" time="0.000" /><testcase classname="backend.tests.test_iteration23_structural_tp_requirement.TestNoRegressions" name="test_score_below_threshold_still_works" time="0.000" /><testcase classname="backend.tests.test_iteration23_structural_tp_requirement.TestNoRegressions" name="test_rr_check_still_enforced_after_structural_tp" time="0.000" /><testcase classname="backend.tests.test_entry_engine_v6.TestWeightedScoring" name="test_all_signals_aligned_bull_enters" time="0.000" /><testcase classname="backend.tests.test_entry_engine_v6.TestWeightedScoring" name="test_all_signals_aligned_bear_enters" time="0.000" /><testcase classname="backend.tests.test_entry_engine_v6.TestWeightedScoring" name="test_conflicting_signals_below_threshold" time="0.000" /><testcase classname="backend.tests.test_entry_engine_v6.TestWeightedScoring" name="test_score_breakdown_in_metadata" time="0.000" /><testcase classname="backend.tests.test_entry_engine_v6.TestWeightedScoring" name="test_neutral_trend_can_still_trade" time="0.000" /><testcase classname="backend.tests.test_entry_engine_v6.TestWeightedScoring" name="test_rr_still_hard_requirement" time="0.000" /><testcase classname="backend.tests.test_entry_engine_v6.TestTransformerCalibration" name="test_no_100_percent_probability" time="0.000" /><testcase classname="backend.tests.test_entry_engine_v6.TestTransformerCalibration" name="test_calibration_preserves_ordering" time="0.000" /><testcase classname="backend.tests.test_entry_engine_v6.TestTransformerCalibration" name="test_calibrated_probs_sum_to_one" time="0.000" /><testcase classname="backend.tests.test_entry_engine_v6.TestOrderflowInScoring" name="test_strong_bullish_imbalance_boosts_score" time="0.000" /><testcase classname="backend.tests.test_entry_engine_v6.TestOrderflowInScoring" name="test_bearish_imbalance_on_bullish_trend_lowers_score" time="0.000" /><testcase classname="backend.tests.test_entry_engine_v6.TestOrderflowInScoring" name="test_uses_normalized_not_raw_ratio" time="0.000" /><testcase classname="backend.tests.test_entry_engine_v6.TestConfigV6" name="test_entry_threshold_in_config" time="0.008" /><testcase classname="backend.tests.test_entry_engine_v6.TestConfigV6" name="test_trade_symbols_25" time="0.009" /><testcase classname="backend.tests.test_entry_engine_v6.TestConfigV6" name="test_rr_ratio_at_least_2" time="0.008" /><testcase classname="backend.tests.test_entry_engine_v6.TestConfigV6" name="test_early_exit_still_zero" time="0.008" /><testcase classname="backend.tests.test_signal_feedback_loop_and_sl_validation" name="test_invalid_sl_long_rejected" time="0.000" /><testcase classname="backend.tests.test_signal_feedback_loop_and_sl_validation" name="test_invalid_sl_short_rejected" time="0.000" /><testcase classname="backend.tests.test_signal_feedback_loop_and_sl_validation" name="test_signal_feedback_loop_labels_and_appends_dataset" time="0.003" /><testcase classname="backend.tests.test_signal_feedback_loop_and_sl_validation" name="test_feedback_loop_daily_retrain_gate" time="0.001" /><testcase classname="backend.tests.test_signal_feedback_loop_and_sl_validation" name="test_quality_gate_rejects_low_expected_edge" time="0.000" /><testcase classname="backend.tests.test_signal_feedback_loop_and_sl_validation" name="test_quality_gate_rejects_chop_regime" time="0.000" /><testcase classname="backend.tests.test_signal_feedback_loop_and_sl_validation" name="test_quality_gate_passes_strong_signal" time="0.000" /><testcase classname="backend.tests.test_signal_feedback_loop_and_sl_validation" name="test_quality_gate_rejects_countertrend_without_strong_confirmation" time="0.000" /><testcase classname="backend.tests.test_signal_feedback_loop_and_sl_validation" name="test_quality_gate_rejects_no_zone_low_confidence" time="0.000" /></testsuite></testsuites>