<?xml version="1.0" encoding="utf-8"?><testsuites name="pytest tests"><testsuite name="pytest" errors="0" failures="0" skipped="0" tests="34" time="2.477" timestamp="2026-03-26T23:39:13.909043+00:00" hostname="agent-env-1562375c-ec60-447e-9efc-9832b760b5ea"><testcase classname="backend.tests.test_iteration41_p0_manual_position_protection.TestExitReasonImport" name="test_exit_reason_imported_from_exit_engine" time="0.001" /><testcase classname="backend.tests.test_iteration41_p0_manual_position_protection.TestExitReasonImport" name="test_exit_reason_used_in_manual_safety_check" time="0.000" /><testcase classname="backend.tests.test_iteration41_p0_manual_position_protection.TestExitReasonImport" name="test_exit_reason_enum_has_required_values" time="2.377" /><testcase classname="backend.tests.test_iteration41_p0_manual_position_protection.TestManualPositionExitBlocking" name="test_manual_position_hard_sl_blocked_by_guard" time="0.000" /><testcase classname="backend.tests.test_iteration41_p0_manual_position_protection.TestManualPositionExitBlocking" name="test_bot_position_hard_sl_allowed" time="0.000" /><testcase classname="backend.tests.test_iteration41_p0_manual_position_protection.TestManualPositionExitBlocking" name="test_manual_position_liquidation_stop_blocked_by_zero_protective_level" time="0.000" /><testcase classname="backend.tests.test_iteration41_p0_manual_position_protection.TestManualPositionExitBlocking" name="test_bot_position_liquidation_stop_triggers" time="0.000" /><testcase classname="backend.tests.test_iteration41_p0_manual_position_protection.TestManualPositionExitBlocking" name="test_manual_position_early_exit_blocked_by_allow_early_exit_false" time="0.000" /><testcase classname="backend.tests.test_iteration41_p0_manual_position_protection.TestManualPositionExitBlocking" name="test_bot_position_early_exit_triggers" time="0.000" /><testcase classname="backend.tests.test_iteration41_p0_manual_position_protection.TestManualPositionExitBlocking" name="test_manual_position_trailing_exit_allowed" time="0.000" /><testcase classname="backend.tests.test_iteration41_p0_manual_position_protection.TestManualPositionExitBlocking" name="test_manual_position_tp_cap_allowed" time="0.000" /><testcase classname="backend.tests.test_iteration41_p0_manual_position_protection.TestBotPositionAllExitReasons" name="test_bot_position_gets_hard_sl" time="0.000" /><testcase classname="backend.tests.test_iteration41_p0_manual_position_protection.TestBotPositionAllExitReasons" name="test_bot_position_gets_liquidation_stop" time="0.000" /><testcase classname="backend.tests.test_iteration41_p0_manual_position_protection.TestBotPositionAllExitReasons" name="test_bot_position_gets_early_exit" time="0.000" /><testcase classname="backend.tests.test_iteration41_p0_manual_position_protection.TestBotPositionAllExitReasons" name="test_bot_position_gets_trailing_exit" time="0.000" /><testcase classname="backend.tests.test_iteration41_p0_manual_position_protection.TestBotPositionAllExitReasons" name="test_bot_position_gets_tp_cap" time="0.000" /><testcase classname="backend.tests.test_iteration41_p0_manual_position_protection.TestForceClosedStaleProtection" name="test_manual_position_not_force_removed_code_present" time="0.000" /><testcase classname="backend.tests.test_iteration41_p0_manual_position_protection.TestForceClosedStaleProtection" name="test_manual_position_sends_alert_on_close_failure" time="0.000" /><testcase classname="backend.tests.test_iteration41_p0_manual_position_protection.TestForceClosedStaleProtection" name="test_bot_position_force_removed_after_3_failures" time="0.000" /><testcase classname="backend.tests.test_iteration41_p0_manual_position_protection.TestForceClosedStaleProtection" name="test_force_remove_only_for_bot_origin" time="0.000" /><testcase classname="backend.tests.test_iteration41_p0_manual_position_protection.TestConfigEarlyExitBars" name="test_early_exit_bars_is_20" time="0.010" /><testcase classname="backend.tests.test_iteration41_p0_manual_position_protection.TestConfigEarlyExitBars" name="test_early_exit_bars_increased_from_6" time="0.000" /><testcase classname="backend.tests.test_iteration41_p0_manual_position_protection.TestExitEngineAllowEarlyExitFalse" name="test_early_exit_skipped_when_allow_early_exit_false" time="0.000" /><testcase classname="backend.tests.test_iteration41_p0_manual_position_protection.TestExitEngineAllowEarlyExitFalse" name="test_early_exit_triggers_when_allow_early_exit_true" time="0.000" /><testcase classname="backend.tests.test_iteration41_p0_manual_position_protection.TestExitEngineAllowEarlyExitFalse" name="test_early_exit_bars_20_requires_more_bars" time="0.000" /><testcase classname="backend.tests.test_iteration41_p0_manual_position_protection.TestMainPyManualSafetyGuard" name="test_manual_safety_comment_present" time="0.000" /><testcase classname="backend.tests.test_iteration41_p0_manual_position_protection.TestMainPyManualSafetyGuard" name="test_manual_safety_checks_origin" time="0.000" /><testcase classname="backend.tests.test_iteration41_p0_manual_position_protection.TestMainPyManualSafetyGuard" name="test_manual_safety_allows_trailing_exit_and_tp_cap" time="0.000" /><testcase classname="backend.tests.test_iteration41_p0_manual_position_protection.TestMainPyManualSafetyGuard" name="test_manual_safety_blocks_other_exits" time="0.000" /><testcase classname="backend.tests.test_iteration41_p0_manual_position_protection.TestMainPyManualSafetyGuard" name="test_manual_safety_sets_should_exit_false" time="0.000" /><testcase classname="backend.tests.test_iteration41_p0_manual_position_protection.TestManualPositionProtectionIntegration" name="test_full_exit_flow_manual_position_hard_sl_blocked" time="0.000" /><testcase classname="backend.tests.test_iteration41_p0_manual_position_protection.TestManualPositionProtectionIntegration" name="test_full_exit_flow_manual_position_trailing_exit_allowed" time="0.000" /><testcase classname="backend.tests.test_iteration41_p0_manual_position_protection.TestManualPositionProtectionIntegration" name="test_full_exit_flow_bot_position_all_exits_allowed" time="0.000" /><testcase classname="backend.tests.test_iteration41_p0_manual_position_protection.TestIteration41P0Summary" name="test_all_p0_fixes_present" time="0.010" /></testsuite></testsuites>