<?xml version="1.0" encoding="utf-8"?><testsuites name="pytest tests"><testsuite name="pytest" errors="0" failures="0" skipped="0" tests="39" time="2.722" timestamp="2026-03-21T11:17:39.228121+00:00" hostname="agent-env-036b33ef-8625-452c-9def-192519f35e6f"><testcase classname="backend.tests.test_iteration27_signal_mode_toggle" name="test_switch_signal_mode_persists_to_config" time="0.003" /><testcase classname="backend.tests.test_iteration27_signal_mode_toggle" name="test_switch_signal_mode_noop_when_same_state" time="0.001" /><testcase classname="backend.tests.test_iteration27_signal_mode_toggle" name="test_telegram_controller_has_mode_switch_actions" time="0.002" /><testcase classname="backend.tests.test_iteration27_signal_mode_toggle_full.TestTelegramMenuHasModeSwitch" name="test_build_keyboard_has_mode_switch_button" time="0.000" /><testcase classname="backend.tests.test_iteration27_signal_mode_toggle_full.TestTelegramMenuHasModeSwitch" name="test_mode_button_shows_signal_only_when_signal_only_true" time="0.000" /><testcase classname="backend.tests.test_iteration27_signal_mode_toggle_full.TestTelegramMenuHasModeSwitch" name="test_mode_button_shows_live_when_signal_only_false" time="0.000" /><testcase classname="backend.tests.test_iteration27_signal_mode_toggle_full.TestConfirmationUI" name="test_on_button_source_has_switch_mode_prompt_handler" time="0.001" /><testcase classname="backend.tests.test_iteration27_signal_mode_toggle_full.TestConfirmationUI" name="test_on_button_source_shows_confirmation_keyboard" time="0.001" /><testcase classname="backend.tests.test_iteration27_signal_mode_toggle_full.TestConfirmationUI" name="test_confirmation_message_shows_current_and_target_mode" time="0.001" /><testcase classname="backend.tests.test_iteration27_signal_mode_toggle_full.TestConfirmActionInvokesCallback" name="test_controller_accepts_mode_switcher_parameter" time="0.000" /><testcase classname="backend.tests.test_iteration27_signal_mode_toggle_full.TestConfirmActionInvokesCallback" name="test_controller_stores_mode_switcher" time="0.041" /><testcase classname="backend.tests.test_iteration27_signal_mode_toggle_full.TestConfirmActionInvokesCallback" name="test_on_button_calls_mode_switcher_on_confirm" time="0.002" /><testcase classname="backend.tests.test_iteration27_signal_mode_toggle_full.TestModeSwitchPersistence" name="test_switch_signal_mode_updates_bot_signal_only" time="0.001" /><testcase classname="backend.tests.test_iteration27_signal_mode_toggle_full.TestModeSwitchPersistence" name="test_switch_signal_mode_updates_controls_signal_only" time="0.001" /><testcase classname="backend.tests.test_iteration27_signal_mode_toggle_full.TestModeSwitchPersistence" name="test_switch_signal_mode_persists_to_config_yaml" time="0.003" /><testcase classname="backend.tests.test_iteration27_signal_mode_toggle_full.TestModeSwitchPersistence" name="test_switch_to_signal_only_persists_true" time="0.001" /><testcase classname="backend.tests.test_iteration27_signal_mode_toggle_full.TestModeSwitchPersistence" name="test_switch_noop_when_already_in_target_mode" time="0.001" /><testcase classname="backend.tests.test_iteration27_signal_mode_toggle_full.TestModeSwitchPersistence" name="test_switch_returns_live_in_message_when_switching_to_live" time="0.001" /><testcase classname="backend.tests.test_iteration27_signal_mode_toggle_full.TestModeSwitchPersistence" name="test_switch_returns_signal_only_in_message_when_switching_to_signal" time="0.001" /><testcase classname="backend.tests.test_iteration27_signal_mode_toggle_full.TestMenuReflectsMode" name="test_menu_text_shows_signal_only_execution_mode" time="0.000" /><testcase classname="backend.tests.test_iteration27_signal_mode_toggle_full.TestMenuReflectsMode" name="test_menu_text_shows_live_execution_mode" time="0.000" /><testcase classname="backend.tests.test_iteration27_signal_mode_toggle_full.TestMenuReflectsMode" name="test_menu_text_has_execution_mode_label" time="0.000" /><testcase classname="backend.tests.test_iteration27_signal_mode_toggle_full.TestNoRegressionAdaptivePresets" name="test_resolve_regime_preset_exists" time="0.000" /><testcase classname="backend.tests.test_iteration27_signal_mode_toggle_full.TestNoRegressionAdaptivePresets" name="test_resolve_regime_preset_trend" time="0.001" /><testcase classname="backend.tests.test_iteration27_signal_mode_toggle_full.TestNoRegressionAdaptivePresets" name="test_resolve_regime_preset_range" time="0.000" /><testcase classname="backend.tests.test_iteration27_signal_mode_toggle_full.TestNoRegressionStrictHTF" name="test_passes_strict_htf_mode_exists" time="0.000" /><testcase classname="backend.tests.test_iteration27_signal_mode_toggle_full.TestNoRegressionStrictHTF" name="test_strict_htf_blocks_buy_in_bear" time="0.000" /><testcase classname="backend.tests.test_iteration27_signal_mode_toggle_full.TestNoRegressionStrictHTF" name="test_strict_htf_blocks_sell_in_bull" time="0.000" /><testcase classname="backend.tests.test_iteration27_signal_mode_toggle_full.TestNoRegressionStrictHTF" name="test_strict_htf_allows_aligned_direction" time="0.000" /><testcase classname="backend.tests.test_iteration27_signal_mode_toggle_full.TestNoRegressionVolatilityFloor" name="test_passes_volatility_floor_exists" time="0.000" /><testcase classname="backend.tests.test_iteration27_signal_mode_toggle_full.TestNoRegressionVolatilityFloor" name="test_volatility_floor_blocks_low_atr" time="0.000" /><testcase classname="backend.tests.test_iteration27_signal_mode_toggle_full.TestNoRegressionVolatilityFloor" name="test_volatility_floor_allows_high_atr" time="0.000" /><testcase classname="backend.tests.test_iteration27_signal_mode_toggle_full.TestLiveControlsSignalOnly" name="test_live_controls_has_signal_only_attribute" time="0.000" /><testcase classname="backend.tests.test_iteration27_signal_mode_toggle_full.TestLiveControlsSignalOnly" name="test_live_controls_signal_only_default_true" time="0.000" /><testcase classname="backend.tests.test_iteration27_signal_mode_toggle_full.TestLiveControlsSignalOnly" name="test_live_controls_signal_only_can_be_set" time="0.000" /><testcase classname="backend.tests.test_iteration27_signal_mode_toggle_full.TestTradingBotModeSwitcherWiring" name="test_trading_bot_passes_mode_switcher_to_telegram_controller" time="0.006" /><testcase classname="backend.tests.test_iteration27_signal_mode_toggle_full.TestCancelAction" name="test_on_button_handles_switch_mode_cancel" time="0.002" /><testcase classname="backend.tests.test_iteration27_signal_mode_toggle_full.TestModeSwitchErrorHandling" name="test_switch_handles_missing_config_gracefully" time="0.001" /><testcase classname="backend.tests.test_iteration27_signal_mode_toggle_full.TestModeSwitchErrorHandling" name="test_switch_handles_invalid_yaml_gracefully" time="0.001" /></testsuite></testsuites>