<?xml version="1.0" encoding="utf-8"?><testsuites name="pytest tests"><testsuite name="pytest" errors="0" failures="0" skipped="0" tests="47" time="1.595" timestamp="2026-03-16T17:07:08.071219+00:00" hostname="agent-env-2c31b3ad-f4e9-4c73-9eb7-06a217173afc"><testcase classname="backend.tests.test_smc_v5_strategy.TestPoint1_4HTrendFilter" name="test_4h_bullish_allows_long" time="0.001" /><testcase classname="backend.tests.test_smc_v5_strategy.TestPoint1_4HTrendFilter" name="test_4h_bearish_allows_short" time="0.000" /><testcase classname="backend.tests.test_smc_v5_strategy.TestPoint1_4HTrendFilter" name="test_4h_neutral_rejects" time="0.000" /><testcase classname="backend.tests.test_smc_v5_strategy.TestPoint1_4HTrendFilter" name="test_4h_bullish_rejects_short_sweep" time="0.000" /><testcase classname="backend.tests.test_smc_v5_strategy.TestPoint1_4HTrendFilter" name="test_4h_bearish_rejects_long_sweep" time="0.000" /><testcase classname="backend.tests.test_smc_v5_strategy.TestPoint2_SweepToZone" name="test_no_sweep_rejects" time="0.000" /><testcase classname="backend.tests.test_smc_v5_strategy.TestPoint2_SweepToZone" name="test_sweep_without_zone_rejects" time="0.000" /><testcase classname="backend.tests.test_smc_v5_strategy.TestPoint2_SweepToZone" name="test_sweep_plus_zone_allows_entry" time="0.000" /><testcase classname="backend.tests.test_smc_v5_strategy.TestPoint2_SweepToZone" name="test_no_zone_data_rejects" time="0.000" /><testcase classname="backend.tests.test_smc_v5_strategy.TestPoint3_EarlyExitDisabled" name="test_config_early_exit_zero" time="0.007" /><testcase classname="backend.tests.test_smc_v5_strategy.TestPoint4_WhitelistOnly" name="test_config_whitelist_enabled" time="0.005" /><testcase classname="backend.tests.test_smc_v5_strategy.TestPoint4_WhitelistOnly" name="test_get_trade_symbols_returns_only_whitelist" time="0.000" /><testcase classname="backend.tests.test_smc_v5_strategy.TestPoint4_WhitelistOnly" name="test_no_meme_coins_in_whitelist" time="0.006" /><testcase classname="backend.tests.test_smc_v5_strategy.TestPoint5_RiskReward" name="test_config_min_rr_ratio" time="0.043" /><testcase classname="backend.tests.test_smc_v5_strategy.TestPoint5_RiskReward" name="test_signal_rr_meets_minimum" time="0.000" /><testcase classname="backend.tests.test_smc_v5_strategy.TestPoint5_RiskReward" name="test_low_rr_rejects" time="0.000" /><testcase classname="backend.tests.test_smc_v5_strategy.TestFullPipeline" name="test_perfect_long_setup" time="0.000" /><testcase classname="backend.tests.test_smc_v5_strategy.TestFullPipeline" name="test_perfect_short_setup" time="0.000" /><testcase classname="backend.tests.test_smc_v5_strategy.TestFullPipeline" name="test_market_blocked_rejects" time="0.000" /><testcase classname="backend.tests.test_smc_v5_strategy.TestFullPipeline" name="test_high_spread_rejects" time="0.000" /><testcase classname="backend.tests.test_smc_v5_strategy.TestFullPipeline" name="test_signal_has_correct_metadata" time="0.000" /><testcase classname="backend.tests.test_smc_v5_strategy.TestLiquidityHeatmap" name="test_detects_bid_walls" time="0.000" /><testcase classname="backend.tests.test_smc_v5_strategy.TestLiquidityHeatmap" name="test_detects_ask_walls" time="0.000" /><testcase classname="backend.tests.test_smc_v5_strategy.TestLiquidityHeatmap" name="test_imbalance_calculation" time="0.000" /><testcase classname="backend.tests.test_smc_v5_strategy.TestLiquidityHeatmap" name="test_liquidity_magnet_direction" time="0.000" /><testcase classname="backend.tests.test_smc_v5_edge_cases.TestEntryEngineOnly4Gates" name="test_no_15m_trend_check_in_generate_signal" time="0.000" /><testcase classname="backend.tests.test_smc_v5_edge_cases.TestEntryEngineOnly4Gates" name="test_no_volume_confirmation_gate" time="0.000" /><testcase classname="backend.tests.test_smc_v5_edge_cases.TestEntryEngineOnly4Gates" name="test_no_smc_score_minimum_gate" time="0.000" /><testcase classname="backend.tests.test_smc_v5_edge_cases.TestEntryEngineOnly4Gates" name="test_signal_contains_4_gates_only_in_reasons" time="0.000" /><testcase classname="backend.tests.test_smc_v5_edge_cases.TestWhitelistEnforcement" name="test_whitelist_logic_ignores_blacklist_not_in_whitelist" time="0.000" /><testcase classname="backend.tests.test_smc_v5_edge_cases.TestWhitelistEnforcement" name="test_whitelist_logic_respects_blacklist_overlap" time="0.000" /><testcase classname="backend.tests.test_smc_v5_edge_cases.TestWhitelistEnforcement" name="test_whitelist_mode_ignores_volume_ranking" time="0.000" /><testcase classname="backend.tests.test_smc_v5_edge_cases.TestLiquidityHeatmapEdgeCases" name="test_empty_orderbook" time="0.000" /><testcase classname="backend.tests.test_smc_v5_edge_cases.TestLiquidityHeatmapEdgeCases" name="test_single_level_orderbook" time="0.000" /><testcase classname="backend.tests.test_smc_v5_edge_cases.TestLiquidityHeatmapEdgeCases" name="test_malformed_orderbook_entries" time="0.000" /><testcase classname="backend.tests.test_smc_v5_edge_cases.TestLiquidityHeatmapEdgeCases" name="test_liquidity_magnet_neutral_when_balanced" time="0.000" /><testcase classname="backend.tests.test_smc_v5_edge_cases.TestLiquidityHeatmapEdgeCases" name="test_liquidity_magnet_down_when_bid_dominant" time="0.000" /><testcase classname="backend.tests.test_smc_v5_edge_cases.TestZoneContextEdgeCases" name="test_price_in_ob_zone" time="0.000" /><testcase classname="backend.tests.test_smc_v5_edge_cases.TestZoneContextEdgeCases" name="test_price_near_zone_within_tolerance" time="0.000" /><testcase classname="backend.tests.test_smc_v5_edge_cases.TestZoneContextEdgeCases" name="test_multiple_zones_selects_correct_bias" time="0.000" /><testcase classname="backend.tests.test_smc_v5_edge_cases.TestStructureEdgeCases" name="test_structure_none_rejects" time="0.000" /><testcase classname="backend.tests.test_smc_v5_edge_cases.TestStructureEdgeCases" name="test_zero_atr_fallback" time="0.000" /><testcase classname="backend.tests.test_smc_v5_edge_cases.TestStructureEdgeCases" name="test_high_funding_rate_rejects" time="0.000" /><testcase classname="backend.tests.test_smc_v5_edge_cases.TestConfigEdgeCases" name="test_min_rr_ratio_at_least_2" time="0.006" /><testcase classname="backend.tests.test_smc_v5_edge_cases.TestConfigEdgeCases" name="test_early_exit_bars_exactly_zero" time="0.006" /><testcase classname="backend.tests.test_smc_v5_edge_cases.TestConfigEdgeCases" name="test_whitelist_has_exactly_5_coins" time="0.006" /><testcase classname="backend.tests.test_smc_v5_edge_cases.TestConfigEdgeCases" name="test_whitelist_contains_only_major_coins" time="0.006" /></testsuite></testsuites>