<?xml version="1.0" encoding="utf-8"?><testsuites name="pytest tests"><testsuite name="pytest" errors="0" failures="53" skipped="0" tests="246" time="5.056" timestamp="2026-03-15T03:41:32.383751+00:00" hostname="agent-env-5d940d85-dadb-4907-8603-71fa0eb4fbc6"><testcase classname="backend.tests.test_directional_heatmap_fallback.TestDirectionalHeatmapFallbackLogic" name="test_bullish_market_creates_upside_target" time="0.074" /><testcase classname="backend.tests.test_directional_heatmap_fallback.TestDirectionalHeatmapFallbackLogic" name="test_bearish_market_creates_downside_target" time="0.005" /><testcase classname="backend.tests.test_directional_heatmap_fallback.TestDirectionalHeatmapFallbackLogic" name="test_neutral_market_returns_empty_analysis" time="0.005" /><testcase classname="backend.tests.test_directional_heatmap_fallback.TestDirectionalHeatmapFallbackLogic" name="test_orderflow_can_break_tie" time="0.005" /><testcase classname="backend.tests.test_directional_heatmap_fallback.TestDirectionalHeatmapFallbackLogic" name="test_htf_trend_vote_counts" time="0.005" /><testcase classname="backend.tests.test_directional_heatmap_fallback.TestDirectionalHeatmapFallbackLogic" name="test_zero_price_returns_neutral" time="0.007" /><testcase classname="backend.tests.test_directional_heatmap_fallback.TestDirectionalHeatmapFallbackLogic" name="test_negative_price_returns_neutral" time="0.005" /><testcase classname="backend.tests.test_directional_heatmap_fallback.TestDirectionalHeatmapFallbackLogic" name="test_fallback_uses_atr_for_distance" time="0.005" /><testcase classname="backend.tests.test_directional_heatmap_fallback.TestDirectionalHeatmapFallbackLogic" name="test_fallback_uses_min_distance_when_atr_small" time="0.005" /><testcase classname="backend.tests.test_directional_heatmap_fallback.TestDirectionalHeatmapFallbackLogic" name="test_fallback_with_zero_atr_uses_default" time="0.005" /><testcase classname="backend.tests.test_directional_heatmap_fallback.TestDirectionalHeatmapFallbackLogic" name="test_bearish_target_never_goes_negative" time="0.005" /><testcase classname="backend.tests.test_directional_heatmap_fallback.TestDirectionalHeatmapFallbackLogic" name="test_cluster_has_proper_attributes" time="0.005" /><testcase classname="backend.tests.test_directional_heatmap_fallback.TestDirectionalFallbackIntegration" name="test_manage_positions_uses_directional_fallback" time="0.005" /><testcase classname="backend.tests.test_directional_heatmap_fallback.TestDirectionalFallbackIntegration" name="test_analyze_symbol_uses_directional_fallback" time="0.007" /><testcase classname="backend.tests.test_directional_heatmap_fallback.TestNoRegressions" name="test_profit_drawdown_guard_still_works" time="0.005" /><testcase classname="backend.tests.test_directional_heatmap_fallback.TestNoRegressions" name="test_basket_profit_guard_still_works" time="0.006"><failure message="assert 3 == 2&#10; +  where 3 = &lt;main.TradingBot object at 0xf8ebd2a4eb50&gt;.basket_profit_min_positions">backend/tests/test_directional_heatmap_fallback.py:333: in test_basket_profit_guard_still_works
    assert trading_bot.basket_profit_min_positions == 2
E   assert 3 == 2
E    +  where 3 = &lt;main.TradingBot object at 0xf8ebd2a4eb50&gt;.basket_profit_min_positions</failure></testcase><testcase classname="backend.tests.test_directional_heatmap_fallback.TestNoRegressions" name="test_manual_position_logic_intact" time="0.006" /><testcase classname="backend.tests.test_directional_heatmap_fallback.TestNoRegressions" name="test_portfolio_tp_disabled_by_default" time="0.005" /><testcase classname="backend.tests.test_directional_heatmap_fallback.TestNoRegressions" name="test_synthetic_heatmap_still_used_first" time="0.005" /><testcase classname="backend.tests.test_directional_heatmap_fallback.TestNoRegressions" name="test_live_liquidation_events_preferred" time="0.005" /><testcase classname="backend.tests.test_entry_engine_and_level_derivation.TestEntryEngineStructureDetection" name="test_breakout_long_detected" time="0.005"><failure message="AttributeError: 'EntryEngine' object has no attribute '_detect_structure'">backend/tests/test_entry_engine_and_level_derivation.py:122: in test_breakout_long_detected
    structure = entry_engine._detect_structure(klines, current_price, market)
                ^^^^^^^^^^^^^^^^^^^^^^^^^^^^^^
E   AttributeError: 'EntryEngine' object has no attribute '_detect_structure'</failure></testcase><testcase classname="backend.tests.test_entry_engine_and_level_derivation.TestEntryEngineStructureDetection" name="test_breakout_short_detected" time="0.006"><failure message="AttributeError: 'EntryEngine' object has no attribute '_detect_structure'">backend/tests/test_entry_engine_and_level_derivation.py:134: in test_breakout_short_detected
    structure = entry_engine._detect_structure(klines, current_price, market)
                ^^^^^^^^^^^^^^^^^^^^^^^^^^^^^^
E   AttributeError: 'EntryEngine' object has no attribute '_detect_structure'</failure></testcase><testcase classname="backend.tests.test_entry_engine_and_level_derivation.TestEntryEngineStructureDetection" name="test_pullback_long_detected" time="0.005"><failure message="AttributeError: 'EntryEngine' object has no attribute '_detect_structure'">backend/tests/test_entry_engine_and_level_derivation.py:145: in test_pullback_long_detected
    structure = entry_engine._detect_structure(klines, current_price, market)
                ^^^^^^^^^^^^^^^^^^^^^^^^^^^^^^
E   AttributeError: 'EntryEngine' object has no attribute '_detect_structure'</failure></testcase><testcase classname="backend.tests.test_entry_engine_and_level_derivation.TestEntryEngineStructureDetection" name="test_insufficient_klines_returns_no_structure" time="0.005"><failure message="AttributeError: 'EntryEngine' object has no attribute '_detect_structure'">backend/tests/test_entry_engine_and_level_derivation.py:157: in test_insufficient_klines_returns_no_structure
    structure = entry_engine._detect_structure(klines, current_price, market)
                ^^^^^^^^^^^^^^^^^^^^^^^^^^^^^^
E   AttributeError: 'EntryEngine' object has no attribute '_detect_structure'</failure></testcase><testcase classname="backend.tests.test_entry_engine_and_level_derivation.TestEntryEngineStructureDetection" name="test_structure_in_metadata" time="0.006" /><testcase classname="backend.tests.test_entry_engine_and_level_derivation.TestEntryEngineLevelResolution" name="test_resolve_levels_long_direction" time="0.005"><failure message="AttributeError: 'EntryEngine' object has no attribute '_resolve_levels'">backend/tests/test_entry_engine_and_level_derivation.py:200: in test_resolve_levels_long_direction
    levels = entry_engine._resolve_levels(klines, liq, current_price, is_long=True)
             ^^^^^^^^^^^^^^^^^^^^^^^^^^^^
E   AttributeError: 'EntryEngine' object has no attribute '_resolve_levels'</failure></testcase><testcase classname="backend.tests.test_entry_engine_and_level_derivation.TestEntryEngineLevelResolution" name="test_resolve_levels_short_direction" time="0.005"><failure message="AttributeError: 'EntryEngine' object has no attribute '_resolve_levels'">backend/tests/test_entry_engine_and_level_derivation.py:216: in test_resolve_levels_short_direction
    levels = entry_engine._resolve_levels(klines, liq, current_price, is_long=False)
             ^^^^^^^^^^^^^^^^^^^^^^^^^^^^
E   AttributeError: 'EntryEngine' object has no attribute '_resolve_levels'</failure></testcase><testcase classname="backend.tests.test_entry_engine_and_level_derivation.TestEntryEngineLevelResolution" name="test_level_tp_buffer_atr_applied" time="0.005" /><testcase classname="backend.tests.test_entry_engine_and_level_derivation.TestAIVetoSoftBypass" name="test_ai_soft_bypass_conditions" time="0.006"><failure message="assert 52 == 55&#10; +  where 52 = &lt;analysis.ai_analyzer.AITradeAnalyzer object at 0xf8ebd2b24810&gt;.min_confidence&#10; +    where &lt;analysis.ai_analyzer.AITradeAnalyzer object at 0xf8ebd2b24810&gt; = &lt;main.TradingBot object at 0xf8ebd2990550&gt;.ai_analyzer">backend/tests/test_entry_engine_and_level_derivation.py:241: in test_ai_soft_bypass_conditions
    assert trading_bot.ai_analyzer.min_confidence == 55
E   assert 52 == 55
E    +  where 52 = &lt;analysis.ai_analyzer.AITradeAnalyzer object at 0xf8ebd2b24810&gt;.min_confidence
E    +    where &lt;analysis.ai_analyzer.AITradeAnalyzer object at 0xf8ebd2b24810&gt; = &lt;main.TradingBot object at 0xf8ebd2990550&gt;.ai_analyzer</failure></testcase><testcase classname="backend.tests.test_entry_engine_and_level_derivation.TestAIVetoSoftBypass" name="test_ai_fail_open_setting" time="0.005" /><testcase classname="backend.tests.test_entry_engine_and_level_derivation.TestScanSummaryLogs" name="test_scan_entries_has_rejection_tracking" time="0.006" /><testcase classname="backend.tests.test_entry_engine_and_level_derivation.TestManualPositionLevelBasedTPSL" name="test_derive_manual_position_levels_long_with_clusters" time="0.005"><failure message="ValueError: too many values to unpack (expected 2)">backend/tests/test_entry_engine_and_level_derivation.py:293: in test_derive_manual_position_levels_long_with_clusters
    sl, tp = trading_bot._derive_manual_position_levels("BUY", entry_price, 0, 0, atr, liq_analysis=liq, klines=klines)
    ^^^^^^
E   ValueError: too many values to unpack (expected 2)</failure></testcase><testcase classname="backend.tests.test_entry_engine_and_level_derivation.TestManualPositionLevelBasedTPSL" name="test_derive_manual_position_levels_short_with_clusters" time="0.005"><failure message="ValueError: too many values to unpack (expected 2)">backend/tests/test_entry_engine_and_level_derivation.py:312: in test_derive_manual_position_levels_short_with_clusters
    sl, tp = trading_bot._derive_manual_position_levels("SELL", entry_price, 0, 0, atr, liq_analysis=liq, klines=klines)
    ^^^^^^
E   ValueError: too many values to unpack (expected 2)</failure></testcase><testcase classname="backend.tests.test_entry_engine_and_level_derivation.TestManualPositionLevelBasedTPSL" name="test_derive_levels_uses_swing_levels_when_no_clusters" time="0.005"><failure message="ValueError: too many values to unpack (expected 2)">backend/tests/test_entry_engine_and_level_derivation.py:334: in test_derive_levels_uses_swing_levels_when_no_clusters
    sl, tp = trading_bot._derive_manual_position_levels("BUY", entry_price, 0, 0, atr, liq_analysis=liq, klines=klines)
    ^^^^^^
E   ValueError: too many values to unpack (expected 2)</failure></testcase><testcase classname="backend.tests.test_entry_engine_and_level_derivation.TestManualPositionLevelBasedTPSL" name="test_preserve_existing_sl_tp_flag" time="0.005" /><testcase classname="backend.tests.test_entry_engine_and_level_derivation.TestManualPositionLevelBasedTPSL" name="test_sync_exchange_position_uses_level_derivation" time="0.006" /><testcase classname="backend.tests.test_entry_engine_and_level_derivation.TestRRFallback" name="test_derive_levels_rr_fallback_long" time="0.005"><failure message="ValueError: too many values to unpack (expected 2)">backend/tests/test_entry_engine_and_level_derivation.py:407: in test_derive_levels_rr_fallback_long
    sl, tp = trading_bot._derive_manual_position_levels("BUY", entry_price, 0, 0, atr, liq_analysis=liq, klines=klines)
    ^^^^^^
E   ValueError: too many values to unpack (expected 2)</failure></testcase><testcase classname="backend.tests.test_entry_engine_and_level_derivation.TestRRFallback" name="test_derive_levels_rr_fallback_short" time="0.005"><failure message="ValueError: too many values to unpack (expected 2)">backend/tests/test_entry_engine_and_level_derivation.py:426: in test_derive_levels_rr_fallback_short
    sl, tp = trading_bot._derive_manual_position_levels("SELL", entry_price, 0, 0, atr, liq_analysis=liq, klines=klines)
    ^^^^^^
E   ValueError: too many values to unpack (expected 2)</failure></testcase><testcase classname="backend.tests.test_entry_engine_and_level_derivation.TestNoRegressions" name="test_heatmap_fallback_still_works" time="0.005" /><testcase classname="backend.tests.test_entry_engine_and_level_derivation.TestNoRegressions" name="test_directional_fallback_still_works" time="0.005" /><testcase classname="backend.tests.test_entry_engine_and_level_derivation.TestNoRegressions" name="test_profit_drawdown_guard_still_works" time="0.005" /><testcase classname="backend.tests.test_entry_engine_and_level_derivation.TestNoRegressions" name="test_basket_profit_guard_still_works" time="0.005"><failure message="assert 3 == 2&#10; +  where 3 = &lt;main.TradingBot object at 0xf8ebd2b19f10&gt;.basket_profit_min_positions">backend/tests/test_entry_engine_and_level_derivation.py:473: in test_basket_profit_guard_still_works
    assert trading_bot.basket_profit_min_positions == 2
E   assert 3 == 2
E    +  where 3 = &lt;main.TradingBot object at 0xf8ebd2b19f10&gt;.basket_profit_min_positions</failure></testcase><testcase classname="backend.tests.test_entry_engine_and_level_derivation.TestNoRegressions" name="test_entry_engine_config_values" time="0.005"><failure message="assert 0.54 == 0.56&#10; +  where 0.54 = &lt;engine.entry_engine.EntryEngine object at 0xf8ebd2a56e10&gt;.transformer_threshold">backend/tests/test_entry_engine_and_level_derivation.py:479: in test_entry_engine_config_values
    assert entry_engine.transformer_threshold == 0.56
E   assert 0.54 == 0.56
E    +  where 0.54 = &lt;engine.entry_engine.EntryEngine object at 0xf8ebd2a56e10&gt;.transformer_threshold</failure></testcase><testcase classname="backend.tests.test_generic_market_quality.TestNoSymbolSpecificGuard" name="test_main_py_has_no_hardcoded_symbols" time="0.001" /><testcase classname="backend.tests.test_generic_market_quality.TestNoSymbolSpecificGuard" name="test_entry_engine_has_no_hardcoded_symbols" time="0.000" /><testcase classname="backend.tests.test_generic_market_quality.TestNoSymbolSpecificGuard" name="test_market_quality_filter_is_symbol_agnostic" time="0.006"><failure message="AttributeError: 'TradingBot' object has no attribute '_passes_market_quality_filter'">backend/tests/test_generic_market_quality.py:121: in test_market_quality_filter_is_symbol_agnostic
    result1, _ = trading_bot._passes_market_quality_filter(
                 ^^^^^^^^^^^^^^^^^^^^^^^^^^^^^^^^^^^^^^^^^
E   AttributeError: 'TradingBot' object has no attribute '_passes_market_quality_filter'</failure></testcase><testcase classname="backend.tests.test_generic_market_quality.TestFifteenMinuteStructureFilter" name="test_breakout_requires_15m_confirmation" time="0.006"><failure message="AttributeError: 'TradingBot' object has no attribute '_passes_market_quality_filter'">backend/tests/test_generic_market_quality.py:165: in test_breakout_requires_15m_confirmation
    ok, reason = trading_bot._passes_market_quality_filter(
                 ^^^^^^^^^^^^^^^^^^^^^^^^^^^^^^^^^^^^^^^^^
E   AttributeError: 'TradingBot' object has no attribute '_passes_market_quality_filter'</failure></testcase><testcase classname="backend.tests.test_generic_market_quality.TestFifteenMinuteStructureFilter" name="test_breakout_passes_when_15m_confirmed" time="0.005"><failure message="AttributeError: 'TradingBot' object has no attribute '_passes_market_quality_filter'">backend/tests/test_generic_market_quality.py:202: in test_breakout_passes_when_15m_confirmed
    ok, reason = trading_bot._passes_market_quality_filter(
                 ^^^^^^^^^^^^^^^^^^^^^^^^^^^^^^^^^^^^^^^^^
E   AttributeError: 'TradingBot' object has no attribute '_passes_market_quality_filter'</failure></testcase><testcase classname="backend.tests.test_generic_market_quality.TestFifteenMinuteStructureFilter" name="test_short_breakout_requires_15m_low_confirmation" time="0.005"><failure message="AttributeError: 'TradingBot' object has no attribute '_passes_market_quality_filter'">backend/tests/test_generic_market_quality.py:238: in test_short_breakout_requires_15m_low_confirmation
    ok, reason = trading_bot._passes_market_quality_filter(
                 ^^^^^^^^^^^^^^^^^^^^^^^^^^^^^^^^^^^^^^^^^
E   AttributeError: 'TradingBot' object has no attribute '_passes_market_quality_filter'</failure></testcase><testcase classname="backend.tests.test_generic_market_quality.TestChopOnlyBreakoutAllowed" name="test_chop_blocks_pullback_entry" time="0.006"><failure message="AttributeError: 'TradingBot' object has no attribute '_passes_market_quality_filter'">backend/tests/test_generic_market_quality.py:274: in test_chop_blocks_pullback_entry
    ok, reason = trading_bot._passes_market_quality_filter(
                 ^^^^^^^^^^^^^^^^^^^^^^^^^^^^^^^^^^^^^^^^^
E   AttributeError: 'TradingBot' object has no attribute '_passes_market_quality_filter'</failure></testcase><testcase classname="backend.tests.test_generic_market_quality.TestChopOnlyBreakoutAllowed" name="test_chop_blocks_continuation_entry" time="0.005"><failure message="AttributeError: 'TradingBot' object has no attribute '_passes_market_quality_filter'">backend/tests/test_generic_market_quality.py:305: in test_chop_blocks_continuation_entry
    ok, reason = trading_bot._passes_market_quality_filter(
                 ^^^^^^^^^^^^^^^^^^^^^^^^^^^^^^^^^^^^^^^^^
E   AttributeError: 'TradingBot' object has no attribute '_passes_market_quality_filter'</failure></testcase><testcase classname="backend.tests.test_generic_market_quality.TestChopOnlyBreakoutAllowed" name="test_chop_allows_confirmed_breakout_with_volume" time="0.005"><failure message="AttributeError: 'TradingBot' object has no attribute '_passes_market_quality_filter'">backend/tests/test_generic_market_quality.py:341: in test_chop_allows_confirmed_breakout_with_volume
    ok, reason = trading_bot._passes_market_quality_filter(
                 ^^^^^^^^^^^^^^^^^^^^^^^^^^^^^^^^^^^^^^^^^
E   AttributeError: 'TradingBot' object has no attribute '_passes_market_quality_filter'</failure></testcase><testcase classname="backend.tests.test_generic_market_quality.TestChopOnlyBreakoutAllowed" name="test_chop_breakout_requires_volume_confirmation" time="0.005"><failure message="AttributeError: 'TradingBot' object has no attribute '_passes_market_quality_filter'">backend/tests/test_generic_market_quality.py:376: in test_chop_breakout_requires_volume_confirmation
    ok, reason = trading_bot._passes_market_quality_filter(
                 ^^^^^^^^^^^^^^^^^^^^^^^^^^^^^^^^^^^^^^^^^
E   AttributeError: 'TradingBot' object has no attribute '_passes_market_quality_filter'</failure></testcase><testcase classname="backend.tests.test_generic_market_quality.TestEntryEngineChopHandling" name="test_long_ready_blocks_non_breakout_in_chop" time="0.006"><failure message="AttributeError: 'EntryEngine' object has no attribute '_long_ready'">backend/tests/test_generic_market_quality.py:418: in test_long_ready_blocks_non_breakout_in_chop
    result = entry_engine._long_ready(
             ^^^^^^^^^^^^^^^^^^^^^^^^
E   AttributeError: 'EntryEngine' object has no attribute '_long_ready'</failure></testcase><testcase classname="backend.tests.test_generic_market_quality.TestEntryEngineChopHandling" name="test_short_ready_blocks_non_breakout_in_chop" time="0.006"><failure message="AttributeError: 'EntryEngine' object has no attribute '_short_ready'">backend/tests/test_generic_market_quality.py:458: in test_short_ready_blocks_non_breakout_in_chop
    result = entry_engine._short_ready(
             ^^^^^^^^^^^^^^^^^^^^^^^^^
E   AttributeError: 'EntryEngine' object has no attribute '_short_ready'</failure></testcase><testcase classname="backend.tests.test_generic_market_quality.TestEntryEngineChopHandling" name="test_long_ready_allows_breakout_in_chop" time="0.006"><failure message="AttributeError: 'EntryEngine' object has no attribute '_long_ready'">backend/tests/test_generic_market_quality.py:498: in test_long_ready_allows_breakout_in_chop
    result = entry_engine._long_ready(
             ^^^^^^^^^^^^^^^^^^^^^^^^
E   AttributeError: 'EntryEngine' object has no attribute '_long_ready'</failure></testcase><testcase classname="backend.tests.test_generic_market_quality.TestLowATRBreakoutException" name="test_low_atr_breakout_allowed" time="0.007" /><testcase classname="backend.tests.test_generic_market_quality.TestLowATRBreakoutException" name="test_low_atr_pullback_blocked" time="0.007"><failure message="AssertionError: assert not True&#10; +  where True = EntrySignal(should_enter=True, side='BUY', confidence=0.8, entry_price=10.1, stop_loss=10.0, take_profit=10.4, rr_ratio=2.0, reasons=[], filters_passed={}, capital_score=0.0, metadata={'structure_breakout': False, 'structure_pullback': True, 'liquidity': 559034.999999997, 'volatility': 0.0007920792079207092, 'adx': 100.00000000000001, 'trend': 'bullish', 'htf_trend': 'bullish', 'atr_pct': 0.07920792079207092}).should_enter">backend/tests/test_generic_market_quality.py:621: in test_low_atr_pullback_blocked
    assert not signal.should_enter  # Should be blocked
    ^^^^^^^^^^^^^^^^^^^^^^^^^^^^^^
E   AssertionError: assert not True
E    +  where True = EntrySignal(should_enter=True, side='BUY', confidence=0.8, entry_price=10.1, stop_loss=10.0, take_profit=10.4, rr_ratio=2.0, reasons=[], filters_passed={}, capital_score=0.0, metadata={'structure_breakout': False, 'structure_pullback': True, 'liquidity': 559034.999999997, 'volatility': 0.0007920792079207092, 'adx': 100.00000000000001, 'trend': 'bullish', 'htf_trend': 'bullish', 'atr_pct': 0.07920792079207092}).should_enter</failure></testcase><testcase classname="backend.tests.test_generic_market_quality.TestGenericFilteringForAllSymbols" name="test_filter_works_for_btc" time="0.005"><failure message="AttributeError: 'TradingBot' object has no attribute '_passes_market_quality_filter'">backend/tests/test_generic_market_quality.py:660: in test_filter_works_for_btc
    ok, _ = trading_bot._passes_market_quality_filter(
            ^^^^^^^^^^^^^^^^^^^^^^^^^^^^^^^^^^^^^^^^^
E   AttributeError: 'TradingBot' object has no attribute '_passes_market_quality_filter'</failure></testcase><testcase classname="backend.tests.test_generic_market_quality.TestGenericFilteringForAllSymbols" name="test_filter_works_for_eth" time="0.005"><failure message="AttributeError: 'TradingBot' object has no attribute '_passes_market_quality_filter'">backend/tests/test_generic_market_quality.py:689: in test_filter_works_for_eth
    ok, _ = trading_bot._passes_market_quality_filter(
            ^^^^^^^^^^^^^^^^^^^^^^^^^^^^^^^^^^^^^^^^^
E   AttributeError: 'TradingBot' object has no attribute '_passes_market_quality_filter'</failure></testcase><testcase classname="backend.tests.test_generic_market_quality.TestGenericFilteringForAllSymbols" name="test_filter_works_for_xrp" time="0.005"><failure message="AttributeError: 'TradingBot' object has no attribute '_passes_market_quality_filter'">backend/tests/test_generic_market_quality.py:718: in test_filter_works_for_xrp
    ok, _ = trading_bot._passes_market_quality_filter(
            ^^^^^^^^^^^^^^^^^^^^^^^^^^^^^^^^^^^^^^^^^
E   AttributeError: 'TradingBot' object has no attribute '_passes_market_quality_filter'</failure></testcase><testcase classname="backend.tests.test_generic_market_quality.TestGenericFilteringForAllSymbols" name="test_filter_works_for_random_altcoin" time="0.006"><failure message="AttributeError: 'TradingBot' object has no attribute '_passes_market_quality_filter'">backend/tests/test_generic_market_quality.py:747: in test_filter_works_for_random_altcoin
    ok, _ = trading_bot._passes_market_quality_filter(
            ^^^^^^^^^^^^^^^^^^^^^^^^^^^^^^^^^^^^^^^^^
E   AttributeError: 'TradingBot' object has no attribute '_passes_market_quality_filter'</failure></testcase><testcase classname="backend.tests.test_liquidation_heatmap_adaptive.TestAdaptiveClusterStep" name="test_cluster_step_high_price_btc" time="0.000" /><testcase classname="backend.tests.test_liquidation_heatmap_adaptive.TestAdaptiveClusterStep" name="test_cluster_step_mid_price_eth" time="0.000" /><testcase classname="backend.tests.test_liquidation_heatmap_adaptive.TestAdaptiveClusterStep" name="test_cluster_step_price_100_to_1000" time="0.000" /><testcase classname="backend.tests.test_liquidation_heatmap_adaptive.TestAdaptiveClusterStep" name="test_cluster_step_price_10_to_100" time="0.000" /><testcase classname="backend.tests.test_liquidation_heatmap_adaptive.TestAdaptiveClusterStep" name="test_cluster_step_low_price_1_to_10" time="0.000" /><testcase classname="backend.tests.test_liquidation_heatmap_adaptive.TestAdaptiveClusterStep" name="test_cluster_step_very_low_price_0_1_to_1" time="0.000" /><testcase classname="backend.tests.test_liquidation_heatmap_adaptive.TestAdaptiveClusterStep" name="test_cluster_step_ultra_low_price_below_0_1" time="0.000" /><testcase classname="backend.tests.test_liquidation_heatmap_adaptive.TestAdaptiveClusterStep" name="test_cluster_step_boundary_at_10" time="0.000" /><testcase classname="backend.tests.test_liquidation_heatmap_adaptive.TestAdaptiveClusterStep" name="test_cluster_step_boundary_at_1" time="0.000" /><testcase classname="backend.tests.test_liquidation_heatmap_adaptive.TestLowPriceSymbolHeatmap" name="test_low_price_symbol_clusters_properly" time="0.000" /><testcase classname="backend.tests.test_liquidation_heatmap_adaptive.TestLowPriceSymbolHeatmap" name="test_low_price_symbol_no_events_returns_neutral" time="0.000" /><testcase classname="backend.tests.test_liquidation_heatmap_adaptive.TestLowPriceSymbolHeatmap" name="test_low_price_symbol_bearish_magnet" time="0.000" /><testcase classname="backend.tests.test_liquidation_heatmap_adaptive.TestSyntheticHeatmapFallback" name="test_synthetic_fallback_provides_target_when_no_live_events" time="0.005" /><testcase classname="backend.tests.test_liquidation_heatmap_adaptive.TestSyntheticHeatmapFallback" name="test_synthetic_fallback_builds_from_highs_and_lows" time="0.005" /><testcase classname="backend.tests.test_liquidation_heatmap_adaptive.TestSyntheticHeatmapFallback" name="test_synthetic_fallback_uses_last_36_candles" time="0.005" /><testcase classname="backend.tests.test_liquidation_heatmap_adaptive.TestSyntheticHeatmapFallback" name="test_live_events_preferred_over_synthetic" time="0.005" /><testcase classname="backend.tests.test_liquidation_heatmap_adaptive.TestAnalyzeSymbolNoLongerBlocks" name="test_analyze_symbol_uses_synthetic_fallback_for_low_price" time="0.006" /><testcase classname="backend.tests.test_liquidation_heatmap_adaptive.TestHighPriceHeatmapNoRegression" name="test_btc_heatmap_still_works" time="0.000" /><testcase classname="backend.tests.test_liquidation_heatmap_adaptive.TestHighPriceHeatmapNoRegression" name="test_eth_heatmap_still_works" time="0.000" /><testcase classname="backend.tests.test_liquidation_heatmap_adaptive.TestEdgeCases" name="test_zero_price_returns_neutral" time="0.000" /><testcase classname="backend.tests.test_liquidation_heatmap_adaptive.TestEdgeCases" name="test_events_with_zero_price_ignored" time="0.000" /><testcase classname="backend.tests.test_liquidation_heatmap_adaptive.TestEdgeCases" name="test_events_with_zero_size_ignored" time="0.000" /><testcase classname="backend.tests.test_micro_exit_prevention.TestRLPositionAgentMicroClosesPrevention" name="test_rl_agent_does_not_close_on_micro_profit_001_pct" time="0.000" /><testcase classname="backend.tests.test_micro_exit_prevention.TestRLPositionAgentMicroClosesPrevention" name="test_rl_agent_does_not_close_on_micro_loss_002_pct" time="0.000" /><testcase classname="backend.tests.test_micro_exit_prevention.TestRLPositionAgentMicroClosesPrevention" name="test_rl_agent_requires_meaningful_profit_to_close" time="0.000" /><testcase classname="backend.tests.test_micro_exit_prevention.TestRLPositionAgentMicroClosesPrevention" name="test_rl_agent_requires_meaningful_loss_to_panic_close" time="0.000" /><testcase classname="backend.tests.test_micro_exit_prevention.TestRLPositionAgentMicroClosesPrevention" name="test_rl_agent_requires_meaningful_profit_to_reduce" time="0.000" /><testcase classname="backend.tests.test_micro_exit_prevention.TestEntryEngineMinimumDistances" name="test_config_has_minimum_distances" time="0.005" /><testcase classname="backend.tests.test_micro_exit_prevention.TestEntryEngineMinimumDistances" name="test_entry_engine_enforces_min_tp_distance" time="0.005" /><testcase classname="backend.tests.test_micro_exit_prevention.TestEntryEngineMinimumDistances" name="test_entry_engine_enforces_min_sl_distance" time="0.005" /><testcase classname="backend.tests.test_micro_exit_prevention.TestManualPositionLevelEnforcement" name="test_derive_manual_levels_enforces_min_stop_distance" time="0.005"><failure message="ValueError: too many values to unpack (expected 2)">backend/tests/test_micro_exit_prevention.py:275: in test_derive_manual_levels_enforces_min_stop_distance
    sl, tp = bot._derive_manual_position_levels("BUY", entry_price, 0, 0, atr, liq_analysis=liq, klines=None)
    ^^^^^^
E   ValueError: too many values to unpack (expected 2)</failure></testcase><testcase classname="backend.tests.test_micro_exit_prevention.TestManualPositionLevelEnforcement" name="test_derive_manual_levels_enforces_min_tp_distance" time="0.005"><failure message="ValueError: too many values to unpack (expected 2)">backend/tests/test_micro_exit_prevention.py:291: in test_derive_manual_levels_enforces_min_tp_distance
    sl, tp = bot._derive_manual_position_levels("BUY", entry_price, 0, 0, atr, liq_analysis=liq, klines=None)
    ^^^^^^
E   ValueError: too many values to unpack (expected 2)</failure></testcase><testcase classname="backend.tests.test_micro_exit_prevention.TestProtectiveLiqLevelStorage" name="test_entry_signal_metadata_stores_final_stop_as_protective_level" time="0.005" /><testcase classname="backend.tests.test_micro_exit_prevention.TestMicroExitPreventionIntegration" name="test_xrpusdt_short_would_not_close_at_001_pct" time="0.005" /><testcase classname="backend.tests.test_micro_exit_prevention.TestMicroExitPreventionIntegration" name="test_btcusdt_short_would_not_close_at_002_pct_loss" time="0.007" /><testcase classname="backend.tests.test_p0_fixes.TestRiskGuardEmergencyReset" name="test_reset_guard_clears_emergency" time="0.000" /><testcase classname="backend.tests.test_p0_fixes.TestRiskGuardEmergencyReset" name="test_resume_clears_emergency" time="0.000" /><testcase classname="backend.tests.test_p0_fixes.TestRiskGuardEmergencyReset" name="test_resume_clears_stopped_status" time="0.000" /><testcase classname="backend.tests.test_p0_fixes.TestRiskGuardEmergencyReset" name="test_reset_clears_consecutive_losses" time="0.000" /><testcase classname="backend.tests.test_p0_fixes.TestTelegramStartBotResumesGuard" name="test_start_bot_clears_emergency" time="0.000" /><testcase classname="backend.tests.test_p0_fixes.TestBybitClientThrottling" name="test_bybit_has_request_lock" time="0.000" /><testcase classname="backend.tests.test_p0_fixes.TestBybitClientThrottling" name="test_bybit_has_rate_limit_intervals" time="0.000" /><testcase classname="backend.tests.test_p0_fixes.TestBybitClientThrottling" name="test_bybit_has_respect_rate_limit_method" time="0.000" /><testcase classname="backend.tests.test_p0_fixes.TestBybitClientThrottling" name="test_bybit_has_last_request_timestamps" time="0.000" /><testcase classname="backend.tests.test_p0_fixes.TestBybitClientThrottling" name="test_bybit_request_has_retries" time="0.000" /><testcase classname="backend.tests.test_p0_fixes.TestConfigCautiousDefaults" name="test_entry_transformer_threshold_cautious" time="0.005"><failure message="AssertionError: Expected 0.56, got 0.54&#10;assert 0.54 == 0.56">backend/tests/test_p0_fixes.py:184: in test_entry_transformer_threshold_cautious
    assert threshold == 0.56, f"Expected 0.56, got {threshold}"
E   AssertionError: Expected 0.56, got 0.54
E   assert 0.54 == 0.56</failure></testcase><testcase classname="backend.tests.test_p0_fixes.TestConfigCautiousDefaults" name="test_entry_max_liq_distance_reasonable" time="0.005" /><testcase classname="backend.tests.test_p0_fixes.TestConfigCautiousDefaults" name="test_entry_min_orderflow_imbalance_reasonable" time="0.005" /><testcase classname="backend.tests.test_p0_fixes.TestConfigCautiousDefaults" name="test_atr_min_pct_allows_trades" time="0.005" /><testcase classname="backend.tests.test_p0_fixes.TestConfigCautiousDefaults" name="test_market_trade_symbols_count" time="0.006" /><testcase classname="backend.tests.test_p0_fixes.TestConfigCautiousDefaults" name="test_ai_min_confidence_reasonable" time="0.005"><failure message="AssertionError: Unexpected min_confidence: 52&#10;assert 55 &lt;= 52">backend/tests/test_p0_fixes.py:225: in test_ai_min_confidence_reasonable
    assert 55 &lt;= confidence &lt;= 75, f"Unexpected min_confidence: {confidence}"
E   AssertionError: Unexpected min_confidence: 52
E   assert 55 &lt;= 52</failure></testcase><testcase classname="backend.tests.test_p0_fixes.TestPortfolioTPDisabledByDefault" name="test_portfolio_tp_disabled_in_config" time="0.005" /><testcase classname="backend.tests.test_p0_fixes.TestPortfolioTPDisabledByDefault" name="test_portfolio_tp_requires_two_positions" time="0.005" /><testcase classname="backend.tests.test_p0_fixes.TestPortfolioTPDisabledByDefault" name="test_portfolio_tp_bot_initialization_disabled" time="0.005" /><testcase classname="backend.tests.test_p0_fixes.TestBasketProfitGuard" name="test_basket_profit_guard_enabled_in_config" time="0.005" /><testcase classname="backend.tests.test_p0_fixes.TestBasketProfitGuard" name="test_basket_profit_guard_drawdown_threshold" time="0.005"><failure message="AssertionError: Expected ~20%, got 12.0&#10;assert 15.0 &lt;= 12.0">backend/tests/test_p0_fixes.py:300: in test_basket_profit_guard_drawdown_threshold
    assert 15.0 &lt;= drawdown &lt;= 25.0, f"Expected ~20%, got {drawdown}"
E   AssertionError: Expected ~20%, got 12.0
E   assert 15.0 &lt;= 12.0</failure></testcase><testcase classname="backend.tests.test_p0_fixes.TestBasketProfitGuard" name="test_basket_profit_guard_requires_negative_position" time="0.005"><failure message="assert False is True">backend/tests/test_p0_fixes.py:308: in test_basket_profit_guard_requires_negative_position
    assert required is True
E   assert False is True</failure></testcase><testcase classname="backend.tests.test_p0_fixes.TestBasketProfitGuard" name="test_basket_profit_guard_closes_basket_on_drawdown" time="0.006"><failure message="AssertionError: Expected 2 close calls, got 0&#10;assert 0 == 2&#10; +  where 0 = len([])">backend/tests/test_p0_fixes.py:350: in test_basket_profit_guard_closes_basket_on_drawdown
    assert len(calls) == 2, f"Expected 2 close calls, got {len(calls)}"
E   AssertionError: Expected 2 close calls, got 0
E   assert 0 == 2
E    +  where 0 = len([])</failure></testcase><testcase classname="backend.tests.test_p0_fixes.TestBasketProfitGuard" name="test_basket_profit_guard_does_not_close_without_negative" time="0.005" /><testcase classname="backend.tests.test_p0_fixes.TestManualPositionBehavior" name="test_manual_position_preserves_existing_tp" time="0.240" /><testcase classname="backend.tests.test_p0_fixes.TestManualPositionBehavior" name="test_manual_position_avoids_early_exit" time="0.000" /><testcase classname="backend.tests.test_p0_fixes.TestManualPositionBehavior" name="test_bot_position_can_early_exit" time="0.000" /><testcase classname="backend.tests.test_p0_fixes.TestManualPositionBehavior" name="test_manual_rl_disabled_by_default" time="0.006" /><testcase classname="backend.tests.test_p0_fixes.TestOrchestrationNoRegressions" name="test_bot_initialization_succeeds" time="0.006" /><testcase classname="backend.tests.test_p0_fixes.TestOrchestrationNoRegressions" name="test_controls_emergency_flag_behavior" time="0.006" /><testcase classname="backend.tests.test_p0_fixes.TestOrchestrationNoRegressions" name="test_can_trade_respects_emergency" time="0.000" /><testcase classname="backend.tests.test_p0_fixes.TestOrchestrationNoRegressions" name="test_basket_profit_state_resets_on_close_all" time="0.006" /><testcase classname="backend.tests.test_profit_drawdown_guard.TestProfitDrawdownGuardConfig" name="test_config_has_profit_drawdown_guard_section" time="0.005" /><testcase classname="backend.tests.test_profit_drawdown_guard.TestProfitDrawdownGuardConfig" name="test_trading_bot_has_profit_drawdown_guard_params" time="0.005" /><testcase classname="backend.tests.test_profit_drawdown_guard.TestProfitDrawdownGuardArmingRule" name="test_apply_profit_drawdown_profile_long_position" time="0.005" /><testcase classname="backend.tests.test_profit_drawdown_guard.TestProfitDrawdownGuardArmingRule" name="test_apply_profit_drawdown_profile_short_position" time="0.005" /><testcase classname="backend.tests.test_profit_drawdown_guard.TestProfitDrawdownGuardArmingRule" name="test_apply_profit_drawdown_profile_preserves_higher_activation_long" time="0.005" /><testcase classname="backend.tests.test_profit_drawdown_guard.TestProfitDrawdownGuardArmingRule" name="test_apply_profit_drawdown_profile_preserves_lower_activation_short" time="0.005" /><testcase classname="backend.tests.test_profit_drawdown_guard.TestProfitDrawdownGuardActivationAndRetrace" name="test_guard_not_armed_below_3_percent" time="0.005" /><testcase classname="backend.tests.test_profit_drawdown_guard.TestProfitDrawdownGuardActivationAndRetrace" name="test_guard_arms_at_3_percent_profit" time="0.005" /><testcase classname="backend.tests.test_profit_drawdown_guard.TestProfitDrawdownGuardActivationAndRetrace" name="test_guard_tracks_peak_profit" time="0.005" /><testcase classname="backend.tests.test_profit_drawdown_guard.TestProfitDrawdownGuardActivationAndRetrace" name="test_guard_triggers_on_25_percent_retrace_from_peak" time="0.005" /><testcase classname="backend.tests.test_profit_drawdown_guard.TestProfitDrawdownGuardActivationAndRetrace" name="test_guard_does_not_trigger_if_still_rising" time="0.005" /><testcase classname="backend.tests.test_profit_drawdown_guard.TestProfitDrawdownGuardActivationAndRetrace" name="test_guard_for_short_position" time="0.005" /><testcase classname="backend.tests.test_profit_drawdown_guard.TestManualPositionsPreserveTPAndSkipEarlyExit" name="test_manual_position_external_tp_locked" time="0.241" /><testcase classname="backend.tests.test_profit_drawdown_guard.TestManualPositionsPreserveTPAndSkipEarlyExit" name="test_manual_position_skip_early_exit" time="0.000" /><testcase classname="backend.tests.test_profit_drawdown_guard.TestManualPositionsPreserveTPAndSkipEarlyExit" name="test_bot_position_can_early_exit" time="0.000" /><testcase classname="backend.tests.test_profit_drawdown_guard.TestProfitDrawdownGuardAppliedToAllPositions" name="test_apply_profile_called_for_bot_position" time="0.006" /><testcase classname="backend.tests.test_profit_drawdown_guard.TestProfitDrawdownGuardAppliedToAllPositions" name="test_apply_profile_called_for_manual_position" time="0.824" /><testcase classname="backend.tests.test_profit_drawdown_guard.TestNoRegressions" name="test_basket_profit_guard_still_works" time="0.006"><failure message="AssertionError: assert None == 20.0&#10; +  where None = get('basket_profit_guard', 'drawdown_pct_from_peak')&#10; +    where get = &lt;core.config.BotConfig object at 0xf8ebd28c3650&gt;.get">backend/tests/test_profit_drawdown_guard.py:495: in test_basket_profit_guard_still_works
    assert cfg.get("basket_profit_guard", "drawdown_pct_from_peak") == 20.0
E   AssertionError: assert None == 20.0
E    +  where None = get('basket_profit_guard', 'drawdown_pct_from_peak')
E    +    where get = &lt;core.config.BotConfig object at 0xf8ebd28c3650&gt;.get</failure></testcase><testcase classname="backend.tests.test_profit_drawdown_guard.TestNoRegressions" name="test_portfolio_tp_still_disabled" time="0.005" /><testcase classname="backend.tests.test_profit_drawdown_guard.TestNoRegressions" name="test_position_has_profit_guard_fields" time="0.000" /><testcase classname="backend.tests.test_profit_drawdown_guard.TestNoRegressions" name="test_controls_dict_includes_profit_guard_info" time="0.000" /><testcase classname="backend.tests.test_smc_zones_and_entry.TestStructureZoneAnalyzer" name="test_bullish_fvg_detection" time="0.000" /><testcase classname="backend.tests.test_smc_zones_and_entry.TestStructureZoneAnalyzer" name="test_bearish_fvg_detection" time="0.000" /><testcase classname="backend.tests.test_smc_zones_and_entry.TestStructureZoneAnalyzer" name="test_bullish_ob_detection" time="0.000" /><testcase classname="backend.tests.test_smc_zones_and_entry.TestStructureZoneAnalyzer" name="test_bearish_ob_detection" time="0.000" /><testcase classname="backend.tests.test_smc_zones_and_entry.TestStructureZoneAnalyzer" name="test_mitigation_tracking" time="0.000" /><testcase classname="backend.tests.test_smc_zones_and_entry.TestStructureZoneAnalyzer" name="test_insufficient_klines" time="0.000" /><testcase classname="backend.tests.test_smc_zones_and_entry.TestZoneContext" name="test_price_in_bullish_zone" time="0.000" /><testcase classname="backend.tests.test_smc_zones_and_entry.TestZoneContext" name="test_price_in_bullish_zone_outside" time="0.000" /><testcase classname="backend.tests.test_smc_zones_and_entry.TestZoneContext" name="test_price_near_bullish_zone" time="0.000" /><testcase classname="backend.tests.test_smc_zones_and_entry.TestZoneContext" name="test_price_in_bearish_zone" time="0.000" /><testcase classname="backend.tests.test_smc_zones_and_entry.TestZoneContext" name="test_price_near_bearish_zone" time="0.000" /><testcase classname="backend.tests.test_smc_zones_and_entry.TestZoneContext" name="test_structural_sl_long" time="0.000" /><testcase classname="backend.tests.test_smc_zones_and_entry.TestZoneContext" name="test_structural_sl_short" time="0.000" /><testcase classname="backend.tests.test_smc_zones_and_entry.TestZoneContext" name="test_structural_tp_long" time="0.000" /><testcase classname="backend.tests.test_smc_zones_and_entry.TestZoneContext" name="test_structural_tp_short" time="0.000" /><testcase classname="backend.tests.test_smc_zones_and_entry.TestZoneContext" name="test_bullish_confluence" time="0.000" /><testcase classname="backend.tests.test_smc_zones_and_entry.TestZoneContext" name="test_bearish_confluence" time="0.000" /><testcase classname="backend.tests.test_smc_zones_and_entry.TestZoneContext" name="test_no_confluence_without_both" time="0.000" /><testcase classname="backend.tests.test_smc_zones_and_entry.TestEntryEngine" name="test_buy_signal_in_bullish_zone_uptrend" time="0.005" /><testcase classname="backend.tests.test_smc_zones_and_entry.TestEntryEngine" name="test_sell_signal_in_bearish_zone_downtrend" time="0.005" /><testcase classname="backend.tests.test_smc_zones_and_entry.TestEntryEngine" name="test_no_signal_when_no_zones_near" time="0.005" /><testcase classname="backend.tests.test_smc_zones_and_entry.TestEntryEngine" name="test_low_transformer_does_not_block_high_smc" time="0.005" /><testcase classname="backend.tests.test_smc_zones_and_entry.TestEntryEngine" name="test_sl_from_structure" time="0.005" /><testcase classname="backend.tests.test_smc_zones_and_entry.TestEntryEngine" name="test_min_rr_ratio_enforced" time="0.005" /><testcase classname="backend.tests.test_smc_zones_and_entry.TestEntryEngine" name="test_min_stop_distance_pct_enforced" time="0.005" /><testcase classname="backend.tests.test_smc_zones_and_entry.TestEntryEngine" name="test_min_target_profit_pct_enforced" time="0.005" /><testcase classname="backend.tests.test_smc_zones_and_entry.TestExitEngine" name="test_initialize_position_sets_trailing_activation" time="0.000" /><testcase classname="backend.tests.test_smc_zones_and_entry.TestExitEngine" name="test_check_exit_hard_sl" time="0.000" /><testcase classname="backend.tests.test_smc_zones_and_entry.TestExitEngine" name="test_check_exit_tp_cap" time="0.000" /><testcase classname="backend.tests.test_smc_zones_and_entry.TestExitEngine" name="test_check_exit_trailing_exit" time="0.000" /><testcase classname="backend.tests.test_smc_zones_and_entry.TestExitEngine" name="test_update_trailing_activates_after_profit" time="0.000" /><testcase classname="backend.tests.test_smc_zones_and_entry.TestExitEngine" name="test_no_close_on_micro_profit" time="0.000" /><testcase classname="backend.tests.test_smc_zones_and_entry.TestBasketProfitGuard" name="test_basket_profit_state_has_drawdown_field" time="0.000" /><testcase classname="backend.tests.test_smc_zones_and_entry.TestBasketProfitGuard" name="test_basket_guard_does_not_close_immediately" time="0.000" /><testcase classname="backend.tests.test_smc_zones_and_entry.TestBasketProfitGuard" name="test_basket_guard_closes_after_15_minutes" time="0.000" /><testcase classname="backend.tests.test_smc_zones_and_entry.TestBasketProfitGuard" name="test_basket_guard_timer_reset" time="0.000" /><testcase classname="backend.tests.test_smc_zones_and_entry.TestConfigVerification" name="test_rl_disabled" time="0.005" /><testcase classname="backend.tests.test_smc_zones_and_entry.TestConfigVerification" name="test_zone_proximity_pct_exists" time="0.005" /><testcase classname="backend.tests.test_smc_zones_and_entry.TestConfigVerification" name="test_min_profit_before_trail_pct_exists" time="0.005" /><testcase classname="backend.tests.test_smc_zones_and_entry.TestConfigVerification" name="test_drawdown_confirm_sec_exists" time="0.005" /><testcase classname="backend.tests.test_smc_zones_and_entry.TestConfigVerification" name="test_all_required_config_keys" time="0.005" /><testcase classname="backend.tests.test_strategy_v2_changes.TestRSIRemovedFromEntryConditions" name="test_entry_engine_has_no_rsi_threshold" time="0.005" /><testcase classname="backend.tests.test_strategy_v2_changes.TestRSIRemovedFromEntryConditions" name="test_long_ready_conditions_no_rsi" time="0.005"><failure message="AttributeError: 'EntryEngine' object has no attribute '_long_ready'">backend/tests/test_strategy_v2_changes.py:67: in test_long_ready_conditions_no_rsi
    source = inspect.getsource(entry_engine._long_ready)
                               ^^^^^^^^^^^^^^^^^^^^^^^^
E   AttributeError: 'EntryEngine' object has no attribute '_long_ready'</failure></testcase><testcase classname="backend.tests.test_strategy_v2_changes.TestRSIRemovedFromEntryConditions" name="test_short_ready_conditions_no_rsi" time="0.005"><failure message="AttributeError: 'EntryEngine' object has no attribute '_short_ready'">backend/tests/test_strategy_v2_changes.py:73: in test_short_ready_conditions_no_rsi
    source = inspect.getsource(entry_engine._short_ready)
                               ^^^^^^^^^^^^^^^^^^^^^^^^^
E   AttributeError: 'EntryEngine' object has no attribute '_short_ready'</failure></testcase><testcase classname="backend.tests.test_strategy_v2_changes.TestBreakoutPullbackContinuationStrategy" name="test_structure_detection_returns_all_scenarios" time="0.005"><failure message="AttributeError: 'EntryEngine' object has no attribute '_detect_structure'">backend/tests/test_strategy_v2_changes.py:87: in test_structure_detection_returns_all_scenarios
    structure = entry_engine._detect_structure(klines, klines[-1]["close"], market)
                ^^^^^^^^^^^^^^^^^^^^^^^^^^^^^^
E   AttributeError: 'EntryEngine' object has no attribute '_detect_structure'</failure></testcase><testcase classname="backend.tests.test_strategy_v2_changes.TestBreakoutPullbackContinuationStrategy" name="test_breakout_long_requires_trend_and_structure" time="0.005"><failure message="AttributeError: 'EntryEngine' object has no attribute '_detect_structure'">backend/tests/test_strategy_v2_changes.py:103: in test_breakout_long_requires_trend_and_structure
    structure = entry_engine._detect_structure(klines, current_price, market)
                ^^^^^^^^^^^^^^^^^^^^^^^^^^^^^^
E   AttributeError: 'EntryEngine' object has no attribute '_detect_structure'</failure></testcase><testcase classname="backend.tests.test_strategy_v2_changes.TestBreakoutPullbackContinuationStrategy" name="test_continuation_detection_checks_momentum" time="0.005"><failure message="AttributeError: 'EntryEngine' object has no attribute '_detect_structure'">backend/tests/test_strategy_v2_changes.py:117: in test_continuation_detection_checks_momentum
    structure = entry_engine._detect_structure(klines, current_price, market)
                ^^^^^^^^^^^^^^^^^^^^^^^^^^^^^^
E   AttributeError: 'EntryEngine' object has no attribute '_detect_structure'</failure></testcase><testcase classname="backend.tests.test_strategy_v2_changes.TestAIAdvisoryModeWithFakeBreakoutVeto" name="test_ai_analyzer_system_prompt_mentions_breakout_continuation" time="0.005" /><testcase classname="backend.tests.test_strategy_v2_changes.TestAIAdvisoryModeWithFakeBreakoutVeto" name="test_ai_fake_breakout_veto_keywords" time="0.001" /><testcase classname="backend.tests.test_strategy_v2_changes.TestAIAdvisoryModeWithFakeBreakoutVeto" name="test_ai_min_confidence_lowered_for_v2" time="0.005"><failure message="assert 52 == 55&#10; +  where 52 = &lt;analysis.ai_analyzer.AITradeAnalyzer object at 0xf8ebd2874e50&gt;.min_confidence&#10; +    where &lt;analysis.ai_analyzer.AITradeAnalyzer object at 0xf8ebd2874e50&gt; = &lt;main.TradingBot object at 0xf8ebd28990d0&gt;.ai_analyzer">backend/tests/test_strategy_v2_changes.py:150: in test_ai_min_confidence_lowered_for_v2
    assert trading_bot.ai_analyzer.min_confidence == 55
E   assert 52 == 55
E    +  where 52 = &lt;analysis.ai_analyzer.AITradeAnalyzer object at 0xf8ebd2874e50&gt;.min_confidence
E    +    where &lt;analysis.ai_analyzer.AITradeAnalyzer object at 0xf8ebd2874e50&gt; = &lt;main.TradingBot object at 0xf8ebd28990d0&gt;.ai_analyzer</failure></testcase><testcase classname="backend.tests.test_strategy_v2_changes.TestAIAdvisoryModeWithFakeBreakoutVeto" name="test_ai_fail_open_enabled" time="0.005" /><testcase classname="backend.tests.test_strategy_v2_changes.TestLevelBasedSLTPDerivation" name="test_entry_engine_uses_level_for_stop_loss" time="0.005" /><testcase classname="backend.tests.test_strategy_v2_changes.TestLevelBasedSLTPDerivation" name="test_entry_engine_uses_level_for_take_profit" time="0.005" /><testcase classname="backend.tests.test_strategy_v2_changes.TestLevelBasedSLTPDerivation" name="test_manual_position_derives_levels_from_structure" time="0.005"><failure message="ValueError: too many values to unpack (expected 2)">backend/tests/test_strategy_v2_changes.py:186: in test_manual_position_derives_levels_from_structure
    sl, tp = trading_bot._derive_manual_position_levels("BUY", entry_price, 0, 0, atr, liq_analysis=liq, klines=klines)
    ^^^^^^
E   ValueError: too many values to unpack (expected 2)</failure></testcase><testcase classname="backend.tests.test_strategy_v2_changes.TestScanSummaryRejectionLogs" name="test_scan_summary_log_format" time="0.000" /><testcase classname="backend.tests.test_strategy_v2_changes.TestScanSummaryRejectionLogs" name="test_reject_reason_tracking" time="0.000" /><testcase classname="backend.tests.test_strategy_v2_changes.TestStrategyV2ConfigValues" name="test_transformer_threshold_permissive" time="0.005"><failure message="assert 0.54 == 0.56">backend/tests/test_strategy_v2_changes.py:221: in test_transformer_threshold_permissive
    assert threshold == 0.56
E   assert 0.54 == 0.56</failure></testcase><testcase classname="backend.tests.test_strategy_v2_changes.TestStrategyV2ConfigValues" name="test_max_liq_distance_expanded" time="0.005"><failure message="assert 1.3 == 1.1">backend/tests/test_strategy_v2_changes.py:226: in test_max_liq_distance_expanded
    assert distance == 1.10
E   assert 1.3 == 1.1</failure></testcase><testcase classname="backend.tests.test_strategy_v2_changes.TestStrategyV2ConfigValues" name="test_min_orderflow_imbalance_lowered" time="0.005"><failure message="assert 1.03 == 1.05">backend/tests/test_strategy_v2_changes.py:231: in test_min_orderflow_imbalance_lowered
    assert imbalance == 1.05
E   assert 1.03 == 1.05</failure></testcase><testcase classname="backend.tests.test_strategy_v2_changes.TestStrategyV2ConfigValues" name="test_min_rr_ratio_reasonable" time="0.005"><failure message="assert 1.3 == 1.4">backend/tests/test_strategy_v2_changes.py:236: in test_min_rr_ratio_reasonable
    assert rr == 1.4
E   assert 1.3 == 1.4</failure></testcase><testcase classname="backend.tests.test_strategy_v2_changes.TestStrategyV2ConfigValues" name="test_allowed_regimes_include_chop" time="0.005" /><testcase classname="backend.tests.test_strategy_v2_changes.TestNoRegressionsPreviousGuards" name="test_profit_drawdown_guard_enabled" time="0.005" /><testcase classname="backend.tests.test_strategy_v2_changes.TestNoRegressionsPreviousGuards" name="test_basket_profit_guard_enabled" time="0.005"><failure message="assert 3 == 2&#10; +  where 3 = &lt;main.TradingBot object at 0xf8ebd287b2d0&gt;.basket_profit_min_positions">backend/tests/test_strategy_v2_changes.py:256: in test_basket_profit_guard_enabled
    assert trading_bot.basket_profit_min_positions == 2
E   assert 3 == 2
E    +  where 3 = &lt;main.TradingBot object at 0xf8ebd287b2d0&gt;.basket_profit_min_positions</failure></testcase><testcase classname="backend.tests.test_strategy_v2_changes.TestNoRegressionsPreviousGuards" name="test_manual_position_preserves_tp" time="0.005" /><testcase classname="backend.tests.test_strategy_v2_changes.TestNoRegressionsPreviousGuards" name="test_partial_tp_enabled" time="0.005" /><testcase classname="backend.tests.test_trading_bot_features.TestPositionSync" name="test_adopt_new_position_from_exchange" time="0.242" /><testcase classname="backend.tests.test_trading_bot_features.TestPositionSync" name="test_preserve_existing_sl_tp_when_adopting" time="0.241" /><testcase classname="backend.tests.test_trading_bot_features.TestPositionSync" name="test_update_existing_position_on_resync" time="0.008" /><testcase classname="backend.tests.test_trading_bot_features.TestPositionSync" name="test_short_position_adoption" time="0.241" /><testcase classname="backend.tests.test_trading_bot_features.TestPartialTakeProfit" name="test_compute_partial_tp_price_long" time="0.006" /><testcase classname="backend.tests.test_trading_bot_features.TestPartialTakeProfit" name="test_compute_partial_tp_price_short" time="0.005" /><testcase classname="backend.tests.test_trading_bot_features.TestPartialTakeProfit" name="test_compute_partial_tp_invalid_inputs" time="0.005" /><testcase classname="backend.tests.test_trading_bot_features.TestPartialTakeProfit" name="test_partial_tp_execution_long" time="0.007" /><testcase classname="backend.tests.test_trading_bot_features.TestPartialTakeProfit" name="test_partial_tp_execution_short" time="0.007" /><testcase classname="backend.tests.test_trading_bot_features.TestPartialTakeProfit" name="test_partial_tp_skipped_when_disabled" time="0.006" /><testcase classname="backend.tests.test_trading_bot_features.TestPartialTakeProfit" name="test_partial_tp_skipped_when_already_done" time="0.006" /><testcase classname="backend.tests.test_trading_bot_features.TestPortfolioTotalTP" name="test_portfolio_tp_triggers_all_positions_closed" time="0.006" /><testcase classname="backend.tests.test_trading_bot_features.TestPortfolioTotalTP" name="test_portfolio_tp_not_triggered_below_target" time="0.006" /><testcase classname="backend.tests.test_trading_bot_features.TestPortfolioTotalTP" name="test_portfolio_tp_disabled" time="0.006" /><testcase classname="backend.tests.test_trading_bot_features.TestPortfolioTotalTP" name="test_portfolio_tp_with_no_positions" time="0.006" /><testcase classname="backend.tests.test_trading_bot_features.TestPositionIdxSupport" name="test_execute_close_signature_has_position_idx" time="0.000" /><testcase classname="backend.tests.test_trading_bot_features.TestPositionIdxSupport" name="test_update_sl_signature_has_position_idx" time="0.000" /><testcase classname="backend.tests.test_trading_bot_features.TestPositionIdxSupport" name="test_update_tp_signature_has_position_idx" time="0.000" /><testcase classname="backend.tests.test_trading_bot_features.TestPositionIdxSupport" name="test_bybit_client_close_position_has_position_idx" time="0.000" /><testcase classname="backend.tests.test_trading_bot_features.TestPositionIdxSupport" name="test_bybit_client_update_stop_loss_has_position_idx" time="0.000" /><testcase classname="backend.tests.test_trading_bot_features.TestPositionIdxSupport" name="test_bybit_client_update_take_profit_has_position_idx" time="0.000" /><testcase classname="backend.tests.test_trading_bot_features.TestPositionManager" name="test_position_has_new_fields" time="0.000" /><testcase classname="backend.tests.test_trading_bot_features.TestPositionManager" name="test_position_is_long_property" time="0.000" /><testcase classname="backend.tests.test_trading_bot_features.TestPositionManager" name="test_position_manager_reduce" time="0.000" /><testcase classname="backend.tests.test_trading_bot_features.TestPositionManager" name="test_position_manager_reduce_removes_zero_qty" time="0.000" /><testcase classname="backend.tests.test_trading_bot_features.TestEdgeCasesAndRegression" name="test_partial_tp_with_min_position_size" time="0.006" /><testcase classname="backend.tests.test_trading_bot_features.TestEdgeCasesAndRegression" name="test_derive_manual_position_levels_long" time="0.005"><failure message="ValueError: too many values to unpack (expected 2)">backend/tests/test_trading_bot_features.py:598: in test_derive_manual_position_levels_long
    derived_sl, derived_tp = trading_bot._derive_manual_position_levels(
    ^^^^^^^^^^^^^^^^^^^^^^
E   ValueError: too many values to unpack (expected 2)</failure></testcase><testcase classname="backend.tests.test_trading_bot_features.TestEdgeCasesAndRegression" name="test_derive_manual_position_levels_short" time="0.005"><failure message="ValueError: too many values to unpack (expected 2)">backend/tests/test_trading_bot_features.py:613: in test_derive_manual_position_levels_short
    derived_sl, derived_tp = trading_bot._derive_manual_position_levels(
    ^^^^^^^^^^^^^^^^^^^^^^
E   ValueError: too many values to unpack (expected 2)</failure></testcase><testcase classname="backend.tests.test_trading_bot_features.TestEdgeCasesAndRegression" name="test_config_has_new_sections" time="0.005" /><testcase classname="backend.tests.test_trading_bot_features.TestEdgeCasesAndRegression" name="test_trading_bot_initializes_new_config_values" time="0.005" /><testcase classname="backend.tests.test_trading_bot_features.TestEdgeCasesAndRegression" name="test_position_controls_dict_includes_partial_tp" time="0.000" /></testsuite></testsuites>