<?xml version="1.0" encoding="utf-8"?><testsuites name="pytest tests"><testsuite name="pytest" errors="0" failures="0" skipped="0" tests="20" time="2.415" timestamp="2026-03-22T06:40:42.604850+00:00" hostname="agent-env-036b33ef-8625-452c-9def-192519f35e6f"><testcase classname="backend.tests.test_iteration32_train_transformer.TestAugmentationTrainOnly" name="test_stratified_split_returns_original_data" time="0.001" /><testcase classname="backend.tests.test_iteration32_train_transformer.TestAugmentationTrainOnly" name="test_augment_wins_only_modifies_input_copy" time="0.000" /><testcase classname="backend.tests.test_iteration32_train_transformer.TestAugmentationTrainOnly" name="test_val_set_not_augmented_in_train_flow" time="0.000" /><testcase classname="backend.tests.test_iteration32_train_transformer.TestWinAugmentationCapped" name="test_augment_wins_respects_target_cap" time="0.000" /><testcase classname="backend.tests.test_iteration32_train_transformer.TestWinAugmentationCapped" name="test_augment_wins_does_not_exceed_95_percent_of_losses" time="0.001" /><testcase classname="backend.tests.test_iteration32_train_transformer.TestWinAugmentationCapped" name="test_augment_wins_factor_1_returns_copy" time="0.000" /><testcase classname="backend.tests.test_iteration32_train_transformer.TestPosWeightComputation" name="test_pos_weight_formula" time="0.000" /><testcase classname="backend.tests.test_iteration32_train_transformer.TestPosWeightComputation" name="test_pos_weight_uses_raw_not_augmented" time="0.000" /><testcase classname="backend.tests.test_iteration32_train_transformer.TestThresholdSelectionSweep" name="test_select_best_threshold_sweeps_range" time="0.008" /><testcase classname="backend.tests.test_iteration32_train_transformer.TestThresholdSelectionSweep" name="test_select_best_threshold_requires_min_predictions" time="0.002" /><testcase classname="backend.tests.test_iteration32_train_transformer.TestThresholdSelectionSweep" name="test_select_best_threshold_prefers_higher_precision" time="0.004" /><testcase classname="backend.tests.test_iteration32_train_transformer.TestCheckpointFallback" name="test_improved_logic_precision_first" time="0.000" /><testcase classname="backend.tests.test_iteration32_train_transformer.TestCheckpointFallback" name="test_checkpoint_saves_all_metrics" time="0.001" /><testcase classname="backend.tests.test_iteration32_train_transformer.TestSyntheticDataRun" name="test_train_on_synthetic_data" time="1.404" /><testcase classname="backend.tests.test_iteration32_train_transformer.TestSyntheticDataRun" name="test_load_dataset_filters_invalid_results" time="0.001" /><testcase classname="backend.tests.test_iteration32_train_transformer.TestComputeMetrics" name="test_compute_metrics_basic" time="0.001" /><testcase classname="backend.tests.test_iteration32_train_transformer.TestModelArchitecture" name="test_model_feature_dim" time="0.009" /><testcase classname="backend.tests.test_iteration32_train_transformer.TestModelArchitecture" name="test_model_forward_pass" time="0.008" /><testcase classname="backend.tests.test_iteration32_train_transformer.TestModelArchitecture" name="test_model_param_count" time="0.002" /><testcase classname="backend.tests.test_iteration32_train_transformer.TestWeightedSampler" name="test_build_weighted_sampler" time="0.000" /></testsuite></testsuites>