<?xml version="1.0" encoding="utf-8"?><testsuites name="pytest tests"><testsuite name="pytest" errors="0" failures="0" skipped="0" tests="114" time="2.780" timestamp="2026-03-19T14:07:53.951650+00:00" hostname="agent-env-036b33ef-8625-452c-9def-192519f35e6f"><testcase classname="backend.tests.test_ai_analyzer_direction_uniformity" name="test_direction_mismatch_detected_buy_vs_sell" time="0.001" /><testcase classname="backend.tests.test_ai_analyzer_direction_uniformity" name="test_direction_mismatch_not_detected_when_aligned" time="0.000" /><testcase classname="backend.tests.test_ai_analyzer_direction_uniformity" name="test_direction_mismatch_ignores_wait_or_neutral" time="0.000" /><testcase classname="backend.tests.test_ai_analyzer_direction_uniformity" name="test_uniform_bias_detected_same_side_and_near_confidence" time="0.000" /><testcase classname="backend.tests.test_ai_analyzer_direction_uniformity" name="test_uniform_bias_not_detected_when_confidence_spread_wide" time="0.000" /><testcase classname="backend.tests.test_ai_analyzer_direction_uniformity" name="test_uniform_bias_not_detected_when_mixed_directions" time="0.000" /><testcase classname="backend.tests.test_ai_analyzer_bias_prevention_iteration20.TestConfigValues" name="test_require_direction_match_is_true" time="0.008" /><testcase classname="backend.tests.test_ai_analyzer_bias_prevention_iteration20.TestConfigValues" name="test_uniformity_guard_enabled_is_true" time="0.007" /><testcase classname="backend.tests.test_ai_analyzer_bias_prevention_iteration20.TestConfigValues" name="test_uniformity_window_is_8" time="0.008" /><testcase classname="backend.tests.test_ai_analyzer_bias_prevention_iteration20.TestConfigValues" name="test_uniformity_conf_spread_max_is_3" time="0.007" /><testcase classname="backend.tests.test_ai_analyzer_bias_prevention_iteration20.TestConfigValues" name="test_ai_enabled_is_true" time="0.007" /><testcase classname="backend.tests.test_ai_analyzer_bias_prevention_iteration20.TestConfigValues" name="test_ai_min_confidence_is_55" time="0.007" /><testcase classname="backend.tests.test_ai_analyzer_bias_prevention_iteration20.TestConfigValues" name="test_ai_fail_open_is_false" time="0.007" /><testcase classname="backend.tests.test_ai_analyzer_bias_prevention_iteration20.TestDirectionMismatch" name="test_buy_vs_sell_detected" time="0.000" /><testcase classname="backend.tests.test_ai_analyzer_bias_prevention_iteration20.TestDirectionMismatch" name="test_sell_vs_buy_detected" time="0.000" /><testcase classname="backend.tests.test_ai_analyzer_bias_prevention_iteration20.TestDirectionMismatch" name="test_buy_aligned_not_detected" time="0.000" /><testcase classname="backend.tests.test_ai_analyzer_bias_prevention_iteration20.TestDirectionMismatch" name="test_sell_aligned_not_detected" time="0.000" /><testcase classname="backend.tests.test_ai_analyzer_bias_prevention_iteration20.TestDirectionMismatch" name="test_wait_ai_decision_not_mismatch" time="0.000" /><testcase classname="backend.tests.test_ai_analyzer_bias_prevention_iteration20.TestDirectionMismatch" name="test_neutral_proposed_not_mismatch" time="0.000" /><testcase classname="backend.tests.test_ai_analyzer_bias_prevention_iteration20.TestDirectionMismatch" name="test_case_insensitive" time="0.000" /><testcase classname="backend.tests.test_ai_analyzer_bias_prevention_iteration20.TestDirectionMismatch" name="test_none_values_handled" time="0.000" /><testcase classname="backend.tests.test_ai_analyzer_bias_prevention_iteration20.TestUniformBiasDetection" name="test_repeated_sell_85_detected" time="0.000" /><testcase classname="backend.tests.test_ai_analyzer_bias_prevention_iteration20.TestUniformBiasDetection" name="test_repeated_sell_near_identical_conf_detected" time="0.000" /><testcase classname="backend.tests.test_ai_analyzer_bias_prevention_iteration20.TestUniformBiasDetection" name="test_repeated_buy_near_identical_conf_detected" time="0.000" /><testcase classname="backend.tests.test_ai_analyzer_bias_prevention_iteration20.TestUniformBiasDetection" name="test_wide_confidence_spread_not_detected" time="0.000" /><testcase classname="backend.tests.test_ai_analyzer_bias_prevention_iteration20.TestUniformBiasDetection" name="test_mixed_directions_not_detected" time="0.000" /><testcase classname="backend.tests.test_ai_analyzer_bias_prevention_iteration20.TestUniformBiasDetection" name="test_not_detected_below_window_size" time="0.000" /><testcase classname="backend.tests.test_ai_analyzer_bias_prevention_iteration20.TestUniformBiasDetection" name="test_only_most_recent_window_checked" time="0.000" /><testcase classname="backend.tests.test_ai_analyzer_bias_prevention_iteration20.TestUniformBiasDetection" name="test_wait_decisions_not_recorded" time="0.000" /><testcase classname="backend.tests.test_ai_analyzer_bias_prevention_iteration20.TestUniformBiasDetection" name="test_guard_disabled_returns_false" time="0.000" /><testcase classname="backend.tests.test_ai_analyzer_bias_prevention_iteration20.TestMainPyWiring" name="test_main_py_has_require_direction_match_wiring" time="0.000" /><testcase classname="backend.tests.test_ai_analyzer_bias_prevention_iteration20.TestMainPyWiring" name="test_main_py_has_uniformity_guard_enabled_wiring" time="0.000" /><testcase classname="backend.tests.test_ai_analyzer_bias_prevention_iteration20.TestMainPyWiring" name="test_main_py_has_uniformity_window_wiring" time="0.000" /><testcase classname="backend.tests.test_ai_analyzer_bias_prevention_iteration20.TestMainPyWiring" name="test_main_py_has_uniformity_conf_spread_max_wiring" time="0.000" /><testcase classname="backend.tests.test_ai_analyzer_bias_prevention_iteration20.TestAnalyzerMethodsExist" name="test_analyzer_has_require_direction_match_attr" time="0.000" /><testcase classname="backend.tests.test_ai_analyzer_bias_prevention_iteration20.TestAnalyzerMethodsExist" name="test_analyzer_has_uniformity_guard_enabled_attr" time="0.000" /><testcase classname="backend.tests.test_ai_analyzer_bias_prevention_iteration20.TestAnalyzerMethodsExist" name="test_analyzer_has_uniformity_window_attr" time="0.000" /><testcase classname="backend.tests.test_ai_analyzer_bias_prevention_iteration20.TestAnalyzerMethodsExist" name="test_analyzer_has_uniformity_conf_spread_max_attr" time="0.000" /><testcase classname="backend.tests.test_ai_analyzer_bias_prevention_iteration20.TestAnalyzerMethodsExist" name="test_analyzer_has_recent_ai_deque" time="0.000" /><testcase classname="backend.tests.test_ai_analyzer_bias_prevention_iteration20.TestAnalyzerMethodsExist" name="test_analyzer_has_direction_mismatch_method" time="0.000" /><testcase classname="backend.tests.test_ai_analyzer_bias_prevention_iteration20.TestAnalyzerMethodsExist" name="test_analyzer_has_record_ai_output_method" time="0.000" /><testcase classname="backend.tests.test_ai_analyzer_bias_prevention_iteration20.TestAnalyzerMethodsExist" name="test_analyzer_has_uniform_bias_detected_method" time="0.000" /><testcase classname="backend.tests.test_ai_analyzer_bias_prevention_iteration20.TestPreventsSellBiasScenario" name="test_direction_mismatch_prevents_wrong_direction_entry" time="0.000" /><testcase classname="backend.tests.test_ai_analyzer_bias_prevention_iteration20.TestPreventsSellBiasScenario" name="test_uniformity_guard_prevents_repeated_pattern" time="0.000" /><testcase classname="backend.tests.test_ai_analyzer_bias_prevention_iteration20.TestPreventsSellBiasScenario" name="test_healthy_ai_variance_allowed" time="0.000" /><testcase classname="backend.tests.test_ai_analyzer_bias_prevention_iteration20.TestPreventsSellBiasScenario" name="test_aligned_directions_with_varied_confidence_allowed" time="0.000" /><testcase classname="backend.tests.test_ai_analyzer_bias_prevention_iteration20.TestEdgeCases" name="test_confidence_exactly_at_spread_boundary" time="0.000" /><testcase classname="backend.tests.test_ai_analyzer_bias_prevention_iteration20.TestEdgeCases" name="test_confidence_just_over_spread_boundary" time="0.000" /><testcase classname="backend.tests.test_ai_analyzer_bias_prevention_iteration20.TestEdgeCases" name="test_window_size_1_not_useful" time="0.000" /><testcase classname="backend.tests.test_ai_analyzer_bias_prevention_iteration20.TestEdgeCases" name="test_zero_confidence_recorded" time="0.000" /><testcase classname="backend.tests.test_ai_analyzer_bias_prevention_iteration20.TestEdgeCases" name="test_100_confidence_recorded" time="0.000" /><testcase classname="backend.tests.test_ai_analyzer_bias_prevention_iteration20.TestDefaultValues" name="test_default_require_direction_match" time="0.000" /><testcase classname="backend.tests.test_ai_analyzer_bias_prevention_iteration20.TestDefaultValues" name="test_default_uniformity_guard_enabled" time="0.000" /><testcase classname="backend.tests.test_ai_analyzer_bias_prevention_iteration20.TestDefaultValues" name="test_default_uniformity_window" time="0.000" /><testcase classname="backend.tests.test_ai_analyzer_bias_prevention_iteration20.TestDefaultValues" name="test_default_uniformity_conf_spread_max" time="0.000" /><testcase classname="backend.tests.test_quality_gate_iteration17.TestExpectedEdgeThresholdFilter" name="test_expected_edge_formula_without_trained_model" time="0.000" /><testcase classname="backend.tests.test_quality_gate_iteration17.TestExpectedEdgeThresholdFilter" name="test_expected_edge_formula_with_trained_model" time="0.000" /><testcase classname="backend.tests.test_quality_gate_iteration17.TestExpectedEdgeThresholdFilter" name="test_rejects_low_expected_edge" time="0.000" /><testcase classname="backend.tests.test_quality_gate_iteration17.TestExpectedEdgeThresholdFilter" name="test_passes_sufficient_expected_edge" time="0.000" /><testcase classname="backend.tests.test_quality_gate_iteration17.TestExpectedEdgeThresholdFilter" name="test_boundary_expected_edge_exactly_at_threshold" time="0.000" /><testcase classname="backend.tests.test_quality_gate_iteration17.TestAntiFlatFilters" name="test_rejects_chop_regime_when_not_allowed" time="0.000" /><testcase classname="backend.tests.test_quality_gate_iteration17.TestAntiFlatFilters" name="test_allows_chop_regime_when_enabled" time="0.000" /><testcase classname="backend.tests.test_quality_gate_iteration17.TestAntiFlatFilters" name="test_rejects_low_adx" time="0.000" /><testcase classname="backend.tests.test_quality_gate_iteration17.TestAntiFlatFilters" name="test_passes_sufficient_adx" time="0.000" /><testcase classname="backend.tests.test_quality_gate_iteration17.TestAntiFlatFilters" name="test_rejects_low_atr_pct" time="0.000" /><testcase classname="backend.tests.test_quality_gate_iteration17.TestAntiFlatFilters" name="test_passes_sufficient_atr_pct" time="0.000" /><testcase classname="backend.tests.test_quality_gate_iteration17.TestAntiFlatFilters" name="test_rejects_flat_orderflow_low_imbalance" time="0.000" /><testcase classname="backend.tests.test_quality_gate_iteration17.TestAntiFlatFilters" name="test_passes_sufficient_imbalance" time="0.000" /><testcase classname="backend.tests.test_quality_gate_iteration17.TestAntiFlatFilters" name="test_negative_imbalance_uses_absolute_value" time="0.000" /><testcase classname="backend.tests.test_quality_gate_iteration17.TestAntiFlatFilters" name="test_rejects_flat_htf_trend_when_required" time="0.000" /><testcase classname="backend.tests.test_quality_gate_iteration17.TestAntiFlatFilters" name="test_allows_flat_htf_trend_when_not_required" time="0.000" /><testcase classname="backend.tests.test_quality_gate_iteration17.TestLowConfidenceRejection" name="test_rejects_low_confidence" time="0.000" /><testcase classname="backend.tests.test_quality_gate_iteration17.TestLowConfidenceRejection" name="test_passes_sufficient_confidence" time="0.000" /><testcase classname="backend.tests.test_quality_gate_iteration17.TestLowConfidenceRejection" name="test_confidence_checked_before_anti_flat" time="0.000" /><testcase classname="backend.tests.test_quality_gate_iteration17.TestQualityGateMetadata" name="test_passed_signal_contains_expected_edge" time="0.000" /><testcase classname="backend.tests.test_quality_gate_iteration17.TestQualityGateMetadata" name="test_passed_signal_contains_symbol" time="0.000" /><testcase classname="backend.tests.test_quality_gate_iteration17.TestQualityGateMetadata" name="test_rejected_signal_still_has_expected_edge" time="0.000" /><testcase classname="backend.tests.test_quality_gate_iteration17.TestConfigDrivenBehavior" name="test_config_yaml_has_quality_gate_section" time="0.000" /><testcase classname="backend.tests.test_quality_gate_iteration17.TestConfigDrivenBehavior" name="test_config_contains_enabled_setting" time="0.000" /><testcase classname="backend.tests.test_quality_gate_iteration17.TestConfigDrivenBehavior" name="test_config_contains_min_confidence" time="0.000" /><testcase classname="backend.tests.test_quality_gate_iteration17.TestConfigDrivenBehavior" name="test_config_contains_min_expected_edge" time="0.000" /><testcase classname="backend.tests.test_quality_gate_iteration17.TestConfigDrivenBehavior" name="test_config_contains_anti_flat_settings" time="0.000" /><testcase classname="backend.tests.test_quality_gate_iteration17.TestQualityGateAppliedInSignalOnlyMode" name="test_scan_entries_checks_quality_gate_in_signal_only" time="0.000" /><testcase classname="backend.tests.test_quality_gate_iteration17.TestQualityGateAppliedInSignalOnlyMode" name="test_quality_gate_rejection_is_logged" time="0.000" /><testcase classname="backend.tests.test_quality_gate_iteration17.TestQualityGateAppliedInSignalOnlyMode" name="test_quality_gate_metadata_updated_for_passed_signals" time="0.000" /><testcase classname="backend.tests.test_quality_gate_iteration17.TestTelegramMessageContainsExpectedEdge" name="test_telegram_message_builder_has_expected_edge" time="0.000" /><testcase classname="backend.tests.test_quality_gate_iteration17.TestNoRegressionsInRelatedFeatures" name="test_signal_feedback_register_still_called" time="0.000" /><testcase classname="backend.tests.test_quality_gate_iteration17.TestNoRegressionsInRelatedFeatures" name="test_sl_validation_code_still_present" time="0.000" /><testcase classname="backend.tests.test_quality_gate_iteration17.TestNoRegressionsInRelatedFeatures" name="test_trained_model_integration_paths_exist" time="0.000" /><testcase classname="backend.tests.test_quality_gate_iteration17.TestNoRegressionsInRelatedFeatures" name="test_feedback_loop_enabled_check_exists" time="0.000" /><testcase classname="backend.tests.test_quality_gate_iteration17.TestQualityGateDisabledBehavior" name="test_quality_gate_disabled_skips_anti_flat_checks" time="0.000" /><testcase classname="backend.tests.test_quality_gate_iteration17.TestEdgeCasesAndBoundaryConditions" name="test_zero_confidence_rejected" time="0.000" /><testcase classname="backend.tests.test_quality_gate_iteration17.TestEdgeCasesAndBoundaryConditions" name="test_zero_rr_ratio_handled" time="0.000" /><testcase classname="backend.tests.test_quality_gate_iteration17.TestEdgeCasesAndBoundaryConditions" name="test_none_values_in_metadata_handled" time="0.000" /><testcase classname="backend.tests.test_quality_gate_iteration17.TestEdgeCasesAndBoundaryConditions" name="test_missing_metadata_keys_handled" time="0.000" /><testcase classname="backend.tests.test_quality_gate_iteration17.TestOrderOfFilterChecks" name="test_confidence_checked_before_expected_edge" time="0.000" /><testcase classname="backend.tests.test_quality_gate_iteration17.TestOrderOfFilterChecks" name="test_expected_edge_checked_before_anti_flat" time="0.000" /><testcase classname="backend.tests.test_quality_gate_iteration17.TestOrderOfFilterChecks" name="test_anti_flat_checks_run_in_order_chop_adx_atr_imbalance_htf" time="0.000" /><testcase classname="backend.tests.test_entry_engine_v6.TestWeightedScoring" name="test_all_signals_aligned_bull_enters" time="0.000" /><testcase classname="backend.tests.test_entry_engine_v6.TestWeightedScoring" name="test_all_signals_aligned_bear_enters" time="0.000" /><testcase classname="backend.tests.test_entry_engine_v6.TestWeightedScoring" name="test_conflicting_signals_below_threshold" time="0.000" /><testcase classname="backend.tests.test_entry_engine_v6.TestWeightedScoring" name="test_score_breakdown_in_metadata" time="0.000" /><testcase classname="backend.tests.test_entry_engine_v6.TestWeightedScoring" name="test_neutral_trend_can_still_trade" time="0.000" /><testcase classname="backend.tests.test_entry_engine_v6.TestWeightedScoring" name="test_rr_still_hard_requirement" time="0.000" /><testcase classname="backend.tests.test_entry_engine_v6.TestTransformerCalibration" name="test_no_100_percent_probability" time="0.000" /><testcase classname="backend.tests.test_entry_engine_v6.TestTransformerCalibration" name="test_calibration_preserves_ordering" time="0.000" /><testcase classname="backend.tests.test_entry_engine_v6.TestTransformerCalibration" name="test_calibrated_probs_sum_to_one" time="0.000" /><testcase classname="backend.tests.test_entry_engine_v6.TestOrderflowInScoring" name="test_strong_bullish_imbalance_boosts_score" time="0.000" /><testcase classname="backend.tests.test_entry_engine_v6.TestOrderflowInScoring" name="test_bearish_imbalance_on_bullish_trend_lowers_score" time="0.000" /><testcase classname="backend.tests.test_entry_engine_v6.TestOrderflowInScoring" name="test_uses_normalized_not_raw_ratio" time="0.000" /><testcase classname="backend.tests.test_entry_engine_v6.TestConfigV6" name="test_entry_threshold_in_config" time="0.007" /><testcase classname="backend.tests.test_entry_engine_v6.TestConfigV6" name="test_trade_symbols_25" time="0.009" /><testcase classname="backend.tests.test_entry_engine_v6.TestConfigV6" name="test_rr_ratio_at_least_2" time="0.007" /><testcase classname="backend.tests.test_entry_engine_v6.TestConfigV6" name="test_early_exit_still_zero" time="0.007" /></testsuite></testsuites>