<?xml version="1.0" encoding="utf-8"?><testsuites name="pytest tests"><testsuite name="pytest" errors="0" failures="0" skipped="0" tests="20" time="2.695" timestamp="2026-03-21T12:35:12.074832+00:00" hostname="agent-env-036b33ef-8625-452c-9def-192519f35e6f"><testcase classname="backend.tests.test_iteration29_early_exit_disable_full.TestEarlyExitDisabledWhenBarsZero" name="test_early_exit_disabled_long_position_zero_bars_config" time="0.001" /><testcase classname="backend.tests.test_iteration29_early_exit_disable_full.TestEarlyExitDisabledWhenBarsZero" name="test_early_exit_disabled_short_position_zero_bars_config" time="0.000" /><testcase classname="backend.tests.test_iteration29_early_exit_disable_full.TestEarlyExitDisabledWhenBarsZero" name="test_early_exit_disabled_even_with_zero_profit" time="0.000" /><testcase classname="backend.tests.test_iteration29_early_exit_disable_full.TestEarlyExitDisabledWhenBarsNegative" name="test_early_exit_disabled_negative_bars_config" time="0.000" /><testcase classname="backend.tests.test_iteration29_early_exit_disable_full.TestEarlyExitDisabledWhenBarsNegative" name="test_early_exit_disabled_large_negative_bars_config" time="0.000" /><testcase classname="backend.tests.test_iteration29_early_exit_disable_full.TestEarlyExitEnabledWhenBarsPositive" name="test_early_exit_triggers_when_bars_positive_and_no_profit" time="0.000" /><testcase classname="backend.tests.test_iteration29_early_exit_disable_full.TestEarlyExitEnabledWhenBarsPositive" name="test_early_exit_does_not_trigger_when_profit_sufficient" time="0.000" /><testcase classname="backend.tests.test_iteration29_early_exit_disable_full.TestEarlyExitEnabledWhenBarsPositive" name="test_early_exit_does_not_trigger_before_bars_threshold" time="0.000" /><testcase classname="backend.tests.test_iteration29_early_exit_disable_full.TestEarlyExitEnabledWhenBarsPositive" name="test_early_exit_respects_allow_early_exit_flag" time="0.000" /><testcase classname="backend.tests.test_iteration29_early_exit_disable_full.TestConfigHasEarlyExitBarsZero" name="test_config_has_early_exit_bars_zero" time="0.009" /><testcase classname="backend.tests.test_iteration29_early_exit_disable_full.TestExitEngineCodeCorrectness" name="test_check_exit_has_early_exit_bars_greater_than_zero_check" time="0.001" /><testcase classname="backend.tests.test_iteration29_early_exit_disable_full.TestRegressionIteration28RiskCooldown" name="test_early_exit_small_loss_no_cooldown" time="0.000" /><testcase classname="backend.tests.test_iteration29_early_exit_disable_full.TestRegressionIteration28RiskCooldown" name="test_early_exit_small_loss_no_consecutive_increment" time="0.000" /><testcase classname="backend.tests.test_iteration29_early_exit_disable_full.TestRegressionIteration28RiskCooldown" name="test_real_loss_triggers_cooldown" time="0.000" /><testcase classname="backend.tests.test_iteration29_early_exit_disable_full.TestRegressionIteration28RiskCooldown" name="test_real_loss_increments_consecutive" time="0.000" /><testcase classname="backend.tests.test_iteration29_early_exit_disable_full.TestRegressionIteration27SignalModeToggle" name="test_trading_bot_has_switch_signal_mode_method" time="1.685" /><testcase classname="backend.tests.test_iteration29_early_exit_disable_full.TestRegressionIteration27SignalModeToggle" name="test_telegram_controller_has_mode_switch_actions" time="0.002" /><testcase classname="backend.tests.test_iteration29_early_exit_disable_full.TestEdgeCases" name="test_early_exit_bars_exactly_at_threshold" time="0.000" /><testcase classname="backend.tests.test_iteration29_early_exit_disable_full.TestEdgeCases" name="test_other_exit_reasons_still_work_when_early_exit_disabled" time="0.000" /><testcase classname="backend.tests.test_iteration29_early_exit_disable_full.TestEdgeCases" name="test_tp_still_works_when_early_exit_disabled" time="0.000" /></testsuite></testsuites>