<?xml version="1.0" encoding="utf-8"?><testsuites name="pytest tests"><testsuite name="pytest" errors="0" failures="1" skipped="0" tests="192" time="3.340" timestamp="2026-03-21T05:20:25.564800+00:00" hostname="agent-env-036b33ef-8625-452c-9def-192519f35e6f"><testcase classname="backend.tests.test_ai_analyzer_bias_prevention_iteration20.TestConfigValues" name="test_require_direction_match_is_true" time="0.010" /><testcase classname="backend.tests.test_ai_analyzer_bias_prevention_iteration20.TestConfigValues" name="test_uniformity_guard_enabled_is_true" time="0.008" /><testcase classname="backend.tests.test_ai_analyzer_bias_prevention_iteration20.TestConfigValues" name="test_uniformity_window_is_8" time="0.008" /><testcase classname="backend.tests.test_ai_analyzer_bias_prevention_iteration20.TestConfigValues" name="test_uniformity_conf_spread_max_is_3" time="0.008" /><testcase classname="backend.tests.test_ai_analyzer_bias_prevention_iteration20.TestConfigValues" name="test_ai_enabled_is_true" time="0.008" /><testcase classname="backend.tests.test_ai_analyzer_bias_prevention_iteration20.TestConfigValues" name="test_ai_min_confidence_is_55" time="0.008" /><testcase classname="backend.tests.test_ai_analyzer_bias_prevention_iteration20.TestConfigValues" name="test_ai_fail_open_is_false" time="0.008" /><testcase classname="backend.tests.test_ai_analyzer_bias_prevention_iteration20.TestDirectionMismatch" name="test_buy_vs_sell_detected" time="0.000" /><testcase classname="backend.tests.test_ai_analyzer_bias_prevention_iteration20.TestDirectionMismatch" name="test_sell_vs_buy_detected" time="0.000" /><testcase classname="backend.tests.test_ai_analyzer_bias_prevention_iteration20.TestDirectionMismatch" name="test_buy_aligned_not_detected" time="0.000" /><testcase classname="backend.tests.test_ai_analyzer_bias_prevention_iteration20.TestDirectionMismatch" name="test_sell_aligned_not_detected" time="0.000" /><testcase classname="backend.tests.test_ai_analyzer_bias_prevention_iteration20.TestDirectionMismatch" name="test_wait_ai_decision_not_mismatch" time="0.000" /><testcase classname="backend.tests.test_ai_analyzer_bias_prevention_iteration20.TestDirectionMismatch" name="test_neutral_proposed_not_mismatch" time="0.000" /><testcase classname="backend.tests.test_ai_analyzer_bias_prevention_iteration20.TestDirectionMismatch" name="test_case_insensitive" time="0.000" /><testcase classname="backend.tests.test_ai_analyzer_bias_prevention_iteration20.TestDirectionMismatch" name="test_none_values_handled" time="0.000" /><testcase classname="backend.tests.test_ai_analyzer_bias_prevention_iteration20.TestUniformBiasDetection" name="test_repeated_sell_85_detected" time="0.000" /><testcase classname="backend.tests.test_ai_analyzer_bias_prevention_iteration20.TestUniformBiasDetection" name="test_repeated_sell_near_identical_conf_detected" time="0.000" /><testcase classname="backend.tests.test_ai_analyzer_bias_prevention_iteration20.TestUniformBiasDetection" name="test_repeated_buy_near_identical_conf_detected" time="0.000" /><testcase classname="backend.tests.test_ai_analyzer_bias_prevention_iteration20.TestUniformBiasDetection" name="test_wide_confidence_spread_not_detected" time="0.000" /><testcase classname="backend.tests.test_ai_analyzer_bias_prevention_iteration20.TestUniformBiasDetection" name="test_mixed_directions_not_detected" time="0.000" /><testcase classname="backend.tests.test_ai_analyzer_bias_prevention_iteration20.TestUniformBiasDetection" name="test_not_detected_below_window_size" time="0.000" /><testcase classname="backend.tests.test_ai_analyzer_bias_prevention_iteration20.TestUniformBiasDetection" name="test_only_most_recent_window_checked" time="0.000" /><testcase classname="backend.tests.test_ai_analyzer_bias_prevention_iteration20.TestUniformBiasDetection" name="test_wait_decisions_not_recorded" time="0.000" /><testcase classname="backend.tests.test_ai_analyzer_bias_prevention_iteration20.TestUniformBiasDetection" name="test_guard_disabled_returns_false" time="0.000" /><testcase classname="backend.tests.test_ai_analyzer_bias_prevention_iteration20.TestMainPyWiring" name="test_main_py_has_require_direction_match_wiring" time="0.000" /><testcase classname="backend.tests.test_ai_analyzer_bias_prevention_iteration20.TestMainPyWiring" name="test_main_py_has_uniformity_guard_enabled_wiring" time="0.000" /><testcase classname="backend.tests.test_ai_analyzer_bias_prevention_iteration20.TestMainPyWiring" name="test_main_py_has_uniformity_window_wiring" time="0.000" /><testcase classname="backend.tests.test_ai_analyzer_bias_prevention_iteration20.TestMainPyWiring" name="test_main_py_has_uniformity_conf_spread_max_wiring" time="0.000" /><testcase classname="backend.tests.test_ai_analyzer_bias_prevention_iteration20.TestAnalyzerMethodsExist" name="test_analyzer_has_require_direction_match_attr" time="0.000" /><testcase classname="backend.tests.test_ai_analyzer_bias_prevention_iteration20.TestAnalyzerMethodsExist" name="test_analyzer_has_uniformity_guard_enabled_attr" time="0.000" /><testcase classname="backend.tests.test_ai_analyzer_bias_prevention_iteration20.TestAnalyzerMethodsExist" name="test_analyzer_has_uniformity_window_attr" time="0.000" /><testcase classname="backend.tests.test_ai_analyzer_bias_prevention_iteration20.TestAnalyzerMethodsExist" name="test_analyzer_has_uniformity_conf_spread_max_attr" time="0.000" /><testcase classname="backend.tests.test_ai_analyzer_bias_prevention_iteration20.TestAnalyzerMethodsExist" name="test_analyzer_has_recent_ai_deque" time="0.000" /><testcase classname="backend.tests.test_ai_analyzer_bias_prevention_iteration20.TestAnalyzerMethodsExist" name="test_analyzer_has_direction_mismatch_method" time="0.000" /><testcase classname="backend.tests.test_ai_analyzer_bias_prevention_iteration20.TestAnalyzerMethodsExist" name="test_analyzer_has_record_ai_output_method" time="0.000" /><testcase classname="backend.tests.test_ai_analyzer_bias_prevention_iteration20.TestAnalyzerMethodsExist" name="test_analyzer_has_uniform_bias_detected_method" time="0.000" /><testcase classname="backend.tests.test_ai_analyzer_bias_prevention_iteration20.TestPreventsSellBiasScenario" name="test_direction_mismatch_prevents_wrong_direction_entry" time="0.000" /><testcase classname="backend.tests.test_ai_analyzer_bias_prevention_iteration20.TestPreventsSellBiasScenario" name="test_uniformity_guard_prevents_repeated_pattern" time="0.000" /><testcase classname="backend.tests.test_ai_analyzer_bias_prevention_iteration20.TestPreventsSellBiasScenario" name="test_healthy_ai_variance_allowed" time="0.000" /><testcase classname="backend.tests.test_ai_analyzer_bias_prevention_iteration20.TestPreventsSellBiasScenario" name="test_aligned_directions_with_varied_confidence_allowed" time="0.000" /><testcase classname="backend.tests.test_ai_analyzer_bias_prevention_iteration20.TestEdgeCases" name="test_confidence_exactly_at_spread_boundary" time="0.000" /><testcase classname="backend.tests.test_ai_analyzer_bias_prevention_iteration20.TestEdgeCases" name="test_confidence_just_over_spread_boundary" time="0.000" /><testcase classname="backend.tests.test_ai_analyzer_bias_prevention_iteration20.TestEdgeCases" name="test_window_size_1_not_useful" time="0.000" /><testcase classname="backend.tests.test_ai_analyzer_bias_prevention_iteration20.TestEdgeCases" name="test_zero_confidence_recorded" time="0.000" /><testcase classname="backend.tests.test_ai_analyzer_bias_prevention_iteration20.TestEdgeCases" name="test_100_confidence_recorded" time="0.000" /><testcase classname="backend.tests.test_ai_analyzer_bias_prevention_iteration20.TestDefaultValues" name="test_default_require_direction_match" time="0.000" /><testcase classname="backend.tests.test_ai_analyzer_bias_prevention_iteration20.TestDefaultValues" name="test_default_uniformity_guard_enabled" time="0.000" /><testcase classname="backend.tests.test_ai_analyzer_bias_prevention_iteration20.TestDefaultValues" name="test_default_uniformity_window" time="0.000" /><testcase classname="backend.tests.test_ai_analyzer_bias_prevention_iteration20.TestDefaultValues" name="test_default_uniformity_conf_spread_max" time="0.000" /><testcase classname="backend.tests.test_ai_analyzer_direction_uniformity" name="test_direction_mismatch_detected_buy_vs_sell" time="0.000" /><testcase classname="backend.tests.test_ai_analyzer_direction_uniformity" name="test_direction_mismatch_not_detected_when_aligned" time="0.000" /><testcase classname="backend.tests.test_ai_analyzer_direction_uniformity" name="test_direction_mismatch_ignores_wait_or_neutral" time="0.000" /><testcase classname="backend.tests.test_ai_analyzer_direction_uniformity" name="test_uniform_bias_detected_same_side_and_near_confidence" time="0.000" /><testcase classname="backend.tests.test_ai_analyzer_direction_uniformity" name="test_uniform_bias_not_detected_when_confidence_spread_wide" time="0.000" /><testcase classname="backend.tests.test_ai_analyzer_direction_uniformity" name="test_uniform_bias_not_detected_when_mixed_directions" time="0.000" /><testcase classname="backend.tests.test_directional_heatmap_fallback.TestDirectionalHeatmapFallbackLogic" name="test_bullish_market_creates_upside_target" time="0.014" /><testcase classname="backend.tests.test_directional_heatmap_fallback.TestDirectionalHeatmapFallbackLogic" name="test_bearish_market_creates_downside_target" time="0.012" /><testcase classname="backend.tests.test_directional_heatmap_fallback.TestDirectionalHeatmapFallbackLogic" name="test_neutral_market_returns_empty_analysis" time="0.012" /><testcase classname="backend.tests.test_directional_heatmap_fallback.TestDirectionalHeatmapFallbackLogic" name="test_orderflow_can_break_tie" time="0.012" /><testcase classname="backend.tests.test_directional_heatmap_fallback.TestDirectionalHeatmapFallbackLogic" name="test_htf_trend_vote_counts" time="0.012" /><testcase classname="backend.tests.test_directional_heatmap_fallback.TestDirectionalHeatmapFallbackLogic" name="test_zero_price_returns_neutral" time="0.012" /><testcase classname="backend.tests.test_directional_heatmap_fallback.TestDirectionalHeatmapFallbackLogic" name="test_negative_price_returns_neutral" time="0.012" /><testcase classname="backend.tests.test_directional_heatmap_fallback.TestDirectionalHeatmapFallbackLogic" name="test_fallback_uses_atr_for_distance" time="0.014" /><testcase classname="backend.tests.test_directional_heatmap_fallback.TestDirectionalHeatmapFallbackLogic" name="test_fallback_uses_min_distance_when_atr_small" time="0.012" /><testcase classname="backend.tests.test_directional_heatmap_fallback.TestDirectionalHeatmapFallbackLogic" name="test_fallback_with_zero_atr_uses_default" time="0.012" /><testcase classname="backend.tests.test_directional_heatmap_fallback.TestDirectionalHeatmapFallbackLogic" name="test_bearish_target_never_goes_negative" time="0.012" /><testcase classname="backend.tests.test_directional_heatmap_fallback.TestDirectionalHeatmapFallbackLogic" name="test_cluster_has_proper_attributes" time="0.012" /><testcase classname="backend.tests.test_directional_heatmap_fallback.TestDirectionalFallbackIntegration" name="test_manage_positions_uses_directional_fallback" time="0.012" /><testcase classname="backend.tests.test_directional_heatmap_fallback.TestDirectionalFallbackIntegration" name="test_analyze_symbol_uses_directional_fallback" time="0.014" /><testcase classname="backend.tests.test_directional_heatmap_fallback.TestNoRegressions" name="test_profit_drawdown_guard_still_works" time="0.012" /><testcase classname="backend.tests.test_directional_heatmap_fallback.TestNoRegressions" name="test_basket_profit_guard_still_works" time="0.012" /><testcase classname="backend.tests.test_directional_heatmap_fallback.TestNoRegressions" name="test_manual_position_logic_intact" time="0.012" /><testcase classname="backend.tests.test_directional_heatmap_fallback.TestNoRegressions" name="test_portfolio_tp_disabled_by_default" time="0.012" /><testcase classname="backend.tests.test_directional_heatmap_fallback.TestNoRegressions" name="test_synthetic_heatmap_still_used_first" time="0.012" /><testcase classname="backend.tests.test_directional_heatmap_fallback.TestNoRegressions" name="test_live_liquidation_events_preferred" time="0.012" /><testcase classname="backend.tests.test_entry_engine_sl_and_antichase_iteration18.TestConfigIteration18" name="test_entry_threshold_is_0_62" time="0.008" /><testcase classname="backend.tests.test_entry_engine_sl_and_antichase_iteration18.TestConfigIteration18" name="test_trained_model_disabled" time="0.008"><failure message="assert True is False">backend/tests/test_entry_engine_sl_and_antichase_iteration18.py:199: in test_trained_model_disabled
    assert cfg["entry"]["trained_model_enabled"] is False
E   assert True is False</failure></testcase><testcase classname="backend.tests.test_entry_engine_sl_and_antichase_iteration18.TestConfigIteration18" name="test_min_stop_atr_mult_present" time="0.008" /><testcase classname="backend.tests.test_entry_engine_sl_and_antichase_iteration18.TestConfigIteration18" name="test_max_entry_extension_atr_present" time="0.010" /><testcase classname="backend.tests.test_entry_engine_sl_and_antichase_iteration18.TestConfigIteration18" name="test_entry_range_atr_mult_present" time="0.008" /><testcase classname="backend.tests.test_entry_engine_sl_and_antichase_iteration18.TestSLFloor" name="test_sl_floor_applied_when_sl_too_tight" time="0.000" /><testcase classname="backend.tests.test_entry_engine_sl_and_antichase_iteration18.TestSLFloor" name="test_sl_floor_not_applied_when_sl_already_wide" time="0.000" /><testcase classname="backend.tests.test_entry_engine_sl_and_antichase_iteration18.TestSLFloor" name="test_sl_floor_works_for_shorts" time="0.000" /><testcase classname="backend.tests.test_entry_engine_sl_and_antichase_iteration18.TestSLFloor" name="test_engine_loads_min_stop_atr_mult_from_config" time="0.000" /><testcase classname="backend.tests.test_entry_engine_sl_and_antichase_iteration18.TestAntiChaseReject" name="test_rejects_long_entry_too_extended_from_zone" time="0.000" /><testcase classname="backend.tests.test_entry_engine_sl_and_antichase_iteration18.TestAntiChaseReject" name="test_accepts_long_entry_within_extension_limit" time="0.000" /><testcase classname="backend.tests.test_entry_engine_sl_and_antichase_iteration18.TestAntiChaseReject" name="test_rejects_short_entry_too_extended_from_zone" time="0.000" /><testcase classname="backend.tests.test_entry_engine_sl_and_antichase_iteration18.TestAntiChaseReject" name="test_extension_atr_in_reject_metadata" time="0.000" /><testcase classname="backend.tests.test_entry_engine_sl_and_antichase_iteration18.TestAntiChaseReject" name="test_engine_loads_max_entry_extension_atr_from_config" time="0.000" /><testcase classname="backend.tests.test_entry_engine_sl_and_antichase_iteration18.TestMetadataFields" name="test_entry_range_low_in_metadata" time="0.000" /><testcase classname="backend.tests.test_entry_engine_sl_and_antichase_iteration18.TestMetadataFields" name="test_entry_range_high_in_metadata" time="0.000" /><testcase classname="backend.tests.test_entry_engine_sl_and_antichase_iteration18.TestMetadataFields" name="test_entry_range_for_long_is_below_current_price" time="0.000" /><testcase classname="backend.tests.test_entry_engine_sl_and_antichase_iteration18.TestMetadataFields" name="test_entry_range_for_short_is_above_current_price" time="0.000" /><testcase classname="backend.tests.test_entry_engine_sl_and_antichase_iteration18.TestMetadataFields" name="test_smc_score_in_metadata" time="0.000" /><testcase classname="backend.tests.test_entry_engine_sl_and_antichase_iteration18.TestMetadataFields" name="test_smc_score_equals_composite_score" time="0.000" /><testcase classname="backend.tests.test_entry_engine_sl_and_antichase_iteration18.TestMetadataFields" name="test_entry_range_uses_atr_multiplier" time="0.000" /><testcase classname="backend.tests.test_entry_engine_sl_and_antichase_iteration18.TestTelegramEntryRange" name="test_main_py_telegram_message_has_entry_range" time="0.000" /><testcase classname="backend.tests.test_entry_engine_sl_and_antichase_iteration18.TestTelegramEntryRange" name="test_telegram_message_structure" time="0.000" /><testcase classname="backend.tests.test_entry_engine_sl_and_antichase_iteration18.TestEngineInitialization" name="test_entry_threshold_loaded" time="0.000" /><testcase classname="backend.tests.test_entry_engine_sl_and_antichase_iteration18.TestEngineInitialization" name="test_min_stop_atr_mult_loaded" time="0.000" /><testcase classname="backend.tests.test_entry_engine_sl_and_antichase_iteration18.TestEngineInitialization" name="test_max_entry_extension_atr_loaded" time="0.000" /><testcase classname="backend.tests.test_entry_engine_sl_and_antichase_iteration18.TestEngineInitialization" name="test_entry_range_atr_mult_loaded" time="0.000" /><testcase classname="backend.tests.test_entry_engine_sl_and_antichase_iteration18.TestEngineInitialization" name="test_trained_model_enabled_loaded" time="0.000" /><testcase classname="backend.tests.test_entry_engine_sl_and_antichase_iteration18.TestEngineInitialization" name="test_trained_model_min_prob_loaded" time="0.000" /><testcase classname="backend.tests.test_entry_engine_sl_and_antichase_iteration18.TestSLDistanceValidation" name="test_sl_uses_max_of_pct_and_atr_floor" time="0.000" /><testcase classname="backend.tests.test_entry_engine_sl_and_antichase_iteration18.TestSLDistanceValidation" name="test_sl_validates_long_not_above_entry" time="0.000" /><testcase classname="backend.tests.test_entry_engine_sl_and_antichase_iteration18.TestSLDistanceValidation" name="test_sl_validates_short_not_below_entry" time="0.000" /><testcase classname="backend.tests.test_entry_engine_v6.TestWeightedScoring" name="test_all_signals_aligned_bull_enters" time="0.000" /><testcase classname="backend.tests.test_entry_engine_v6.TestWeightedScoring" name="test_all_signals_aligned_bear_enters" time="0.000" /><testcase classname="backend.tests.test_entry_engine_v6.TestWeightedScoring" name="test_conflicting_signals_below_threshold" time="0.000" /><testcase classname="backend.tests.test_entry_engine_v6.TestWeightedScoring" name="test_score_breakdown_in_metadata" time="0.000" /><testcase classname="backend.tests.test_entry_engine_v6.TestWeightedScoring" name="test_neutral_trend_can_still_trade" time="0.000" /><testcase classname="backend.tests.test_entry_engine_v6.TestWeightedScoring" name="test_rr_still_hard_requirement" time="0.000" /><testcase classname="backend.tests.test_entry_engine_v6.TestTransformerCalibration" name="test_no_100_percent_probability" time="0.000" /><testcase classname="backend.tests.test_entry_engine_v6.TestTransformerCalibration" name="test_calibration_preserves_ordering" time="0.000" /><testcase classname="backend.tests.test_entry_engine_v6.TestTransformerCalibration" name="test_calibrated_probs_sum_to_one" time="0.000" /><testcase classname="backend.tests.test_entry_engine_v6.TestOrderflowInScoring" name="test_strong_bullish_imbalance_boosts_score" time="0.000" /><testcase classname="backend.tests.test_entry_engine_v6.TestOrderflowInScoring" name="test_bearish_imbalance_on_bullish_trend_lowers_score" time="0.000" /><testcase classname="backend.tests.test_entry_engine_v6.TestOrderflowInScoring" name="test_uses_normalized_not_raw_ratio" time="0.000" /><testcase classname="backend.tests.test_entry_engine_v6.TestConfigV6" name="test_entry_threshold_in_config" time="0.008" /><testcase classname="backend.tests.test_entry_engine_v6.TestConfigV6" name="test_trade_symbols_25" time="0.008" /><testcase classname="backend.tests.test_entry_engine_v6.TestConfigV6" name="test_rr_ratio_at_least_2" time="0.008" /><testcase classname="backend.tests.test_entry_engine_v6.TestConfigV6" name="test_early_exit_still_zero" time="0.008" /><testcase classname="backend.tests.test_iteration21_full_feature_verification.TestSymbolQualityFilter" name="test_blocks_symbol_with_consecutive_losses" time="0.001" /><testcase classname="backend.tests.test_iteration21_full_feature_verification.TestSymbolQualityFilter" name="test_blocks_symbol_with_low_winrate_and_negative_avg_pnl" time="0.001" /><testcase classname="backend.tests.test_iteration21_full_feature_verification.TestSymbolQualityFilter" name="test_allows_symbol_with_good_stats" time="0.001" /><testcase classname="backend.tests.test_iteration21_full_feature_verification.TestSymbolQualityFilter" name="test_whitelist_bypass_allows_poor_symbol" time="0.000" /><testcase classname="backend.tests.test_iteration21_full_feature_verification.TestSymbolQualityFilter" name="test_insufficient_history_allows_entry" time="0.001" /><testcase classname="backend.tests.test_iteration21_full_feature_verification.TestCorrelationFilter" name="test_blocks_strongly_correlated_pair" time="0.000" /><testcase classname="backend.tests.test_iteration21_full_feature_verification.TestCorrelationFilter" name="test_allows_uncorrelated_pair" time="0.000" /><testcase classname="backend.tests.test_iteration21_full_feature_verification.TestCorrelationFilter" name="test_allows_entry_with_no_open_positions" time="0.000" /><testcase classname="backend.tests.test_iteration21_full_feature_verification.TestCorrelationFilter" name="test_allows_same_symbol" time="0.000" /><testcase classname="backend.tests.test_iteration21_full_feature_verification.TestCorrelationFilter" name="test_correlation_calculation_accuracy" time="0.000" /><testcase classname="backend.tests.test_iteration21_full_feature_verification.TestFeedbackRetrainDataset" name="test_zone_matches_side_for_long" time="0.000" /><testcase classname="backend.tests.test_iteration21_full_feature_verification.TestFeedbackRetrainDataset" name="test_zone_matches_side_for_short" time="0.000" /><testcase classname="backend.tests.test_iteration21_full_feature_verification.TestFeedbackRetrainDataset" name="test_build_retrain_dataset_merges_base_and_feedback" time="0.001" /><testcase classname="backend.tests.test_iteration21_full_feature_verification.TestRiskManagementConfig" name="test_max_trades_per_day_configured" time="0.008" /><testcase classname="backend.tests.test_iteration21_full_feature_verification.TestRiskManagementConfig" name="test_cooldown_after_loss_sec_configured" time="0.008" /><testcase classname="backend.tests.test_iteration21_full_feature_verification.TestRiskManagementConfig" name="test_max_trades_per_symbol_24h_configured" time="0.008" /><testcase classname="backend.tests.test_iteration21_full_feature_verification.TestRiskManagementConfig" name="test_max_positions_configured" time="0.008" /><testcase classname="backend.tests.test_iteration21_full_feature_verification.TestRiskManagementConfig" name="test_feedback_apply_to_risk_guard_disabled" time="0.008" /><testcase classname="backend.tests.test_iteration21_full_feature_verification.TestMTFZoneConfirmation" name="test_mtf_zone_confirmation_enabled" time="0.008" /><testcase classname="backend.tests.test_iteration21_full_feature_verification.TestMTFZoneConfirmation" name="test_mtf_min_confidence_if_single_tf" time="0.008" /><testcase classname="backend.tests.test_iteration21_full_feature_verification.TestMTFZoneConfirmation" name="test_require_any_zone_is_false" time="0.008" /><testcase classname="backend.tests.test_iteration21_full_feature_verification.TestConfigSectionsExist" name="test_symbol_quality_section_exists" time="0.008" /><testcase classname="backend.tests.test_iteration21_full_feature_verification.TestConfigSectionsExist" name="test_correlation_section_exists" time="0.008" /><testcase classname="backend.tests.test_iteration21_full_feature_verification.TestConfigSectionsExist" name="test_mtf_zone_confirmation_section_exists" time="0.008" /><testcase classname="backend.tests.test_iteration21_full_feature_verification.TestConfigSectionsExist" name="test_feedback_loop_merged_dataset_options_exist" time="0.008" /><testcase classname="backend.tests.test_iteration21_full_feature_verification.TestIteration21Integration" name="test_trading_bot_initializes_all_features" time="0.012" /><testcase classname="backend.tests.test_iteration21_full_feature_verification.TestIteration21Integration" name="test_symbol_quality_metadata_in_signal" time="0.002" /><testcase classname="backend.tests.test_iteration21_full_feature_verification.TestIteration21Integration" name="test_correlation_filter_in_scan_entries" time="0.002" /><testcase classname="backend.tests.test_iteration21_full_feature_verification.TestIteration21Integration" name="test_mtf_zone_confirmation_in_analyze_symbol" time="0.002" /><testcase classname="backend.tests.test_iteration22_signal_only_cooldown_fix.TestConfigFix" name="test_apply_to_risk_guard_is_false_in_config" time="0.009" /><testcase classname="backend.tests.test_iteration22_signal_only_cooldown_fix.TestConfigFix" name="test_signal_only_is_true_in_config" time="0.008" /><testcase classname="backend.tests.test_iteration22_signal_only_cooldown_fix.TestMainPyCodeFix" name="test_process_signal_feedback_loop_has_signal_only_guard" time="0.001" /><testcase classname="backend.tests.test_iteration22_signal_only_cooldown_fix.TestMainPyCodeFix" name="test_record_trade_call_is_inside_double_guard" time="0.001" /><testcase classname="backend.tests.test_iteration22_signal_only_cooldown_fix.TestTradingBotInitialization" name="test_bot_initializes_with_correct_flags" time="0.012" /><testcase classname="backend.tests.test_iteration22_signal_only_cooldown_fix.TestSignalOnlyModeDoesNotThrottle" name="test_feedback_outcomes_do_not_call_record_trade_in_signal_only_mode" time="0.012" /><testcase classname="backend.tests.test_iteration22_signal_only_cooldown_fix.TestSignalOnlyModeDoesNotThrottle" name="test_even_with_apply_to_risk_guard_true_signal_only_blocks" time="0.012" /><testcase classname="backend.tests.test_iteration22_signal_only_cooldown_fix.TestSignalOnlyModeDoesNotThrottle" name="test_record_trade_called_only_when_not_signal_only" time="0.012" /><testcase classname="backend.tests.test_iteration22_signal_only_cooldown_fix.TestRegressionIteration21Features" name="test_feedback_apply_to_risk_guard_config_option_exists" time="0.009" /><testcase classname="backend.tests.test_iteration22_signal_only_cooldown_fix.TestRegressionIteration21Features" name="test_signal_feedback_loop_enabled" time="0.008" /><testcase classname="backend.tests.test_iteration22_signal_only_cooldown_fix.TestRegressionIteration21Features" name="test_mtf_zone_confirmation_still_enabled" time="0.008" /><testcase classname="backend.tests.test_iteration22_signal_only_cooldown_fix.TestRegressionIteration21Features" name="test_symbol_quality_filter_still_enabled" time="0.008" /><testcase classname="backend.tests.test_iteration22_signal_only_cooldown_fix.TestRegressionIteration21Features" name="test_correlation_filter_still_enabled" time="0.010" /><testcase classname="backend.tests.test_iteration23_structural_tp_requirement.TestConfigHasStructuralTPRequirement" name="test_require_structural_tp_is_true_in_config" time="0.008" /><testcase classname="backend.tests.test_iteration23_structural_tp_requirement.TestBuyPathStructuralTPDetection" name="test_buy_accepted_with_structural_previous_high" time="0.000" /><testcase classname="backend.tests.test_iteration23_structural_tp_requirement.TestBuyPathStructuralTPDetection" name="test_buy_accepted_with_zone_resistance_levels" time="0.000" /><testcase classname="backend.tests.test_iteration23_structural_tp_requirement.TestBuyPathStructuralTPDetection" name="test_buy_rejected_without_structural_targets" time="0.000" /><testcase classname="backend.tests.test_iteration23_structural_tp_requirement.TestBuyPathStructuralTPDetection" name="test_buy_allowed_when_feature_disabled" time="0.000" /><testcase classname="backend.tests.test_iteration23_structural_tp_requirement.TestSellPathStructuralTPDetection" name="test_sell_accepted_with_structural_previous_low" time="0.000" /><testcase classname="backend.tests.test_iteration23_structural_tp_requirement.TestSellPathStructuralTPDetection" name="test_sell_accepted_with_zone_support_levels" time="0.000" /><testcase classname="backend.tests.test_iteration23_structural_tp_requirement.TestSellPathStructuralTPDetection" name="test_sell_rejected_without_structural_targets" time="0.000" /><testcase classname="backend.tests.test_iteration23_structural_tp_requirement.TestSellPathStructuralTPDetection" name="test_sell_allowed_when_feature_disabled" time="0.000" /><testcase classname="backend.tests.test_iteration23_structural_tp_requirement.TestMetadataContainsTPConfirmedByStructure" name="test_accepted_buy_has_tp_confirmed_by_structure_true" time="0.000" /><testcase classname="backend.tests.test_iteration23_structural_tp_requirement.TestMetadataContainsTPConfirmedByStructure" name="test_accepted_sell_has_tp_confirmed_by_structure_true" time="0.000" /><testcase classname="backend.tests.test_iteration23_structural_tp_requirement.TestMetadataContainsTPConfirmedByStructure" name="test_rejected_signal_has_composite_score_in_metadata" time="0.000" /><testcase classname="backend.tests.test_iteration23_structural_tp_requirement.TestZoneContextStructuralTargets" name="test_buy_accepted_with_bearish_zone_above_price" time="0.000" /><testcase classname="backend.tests.test_iteration23_structural_tp_requirement.TestZoneContextStructuralTargets" name="test_sell_accepted_with_bullish_zone_below_price" time="0.000" /><testcase classname="backend.tests.test_iteration23_structural_tp_requirement.TestNoRegressions" name="test_spread_rejection_still_works" time="0.000" /><testcase classname="backend.tests.test_iteration23_structural_tp_requirement.TestNoRegressions" name="test_score_below_threshold_still_works" time="0.000" /><testcase classname="backend.tests.test_iteration23_structural_tp_requirement.TestNoRegressions" name="test_rr_check_still_enforced_after_structural_tp" time="0.000" /><testcase classname="backend.tests.test_iteration24_quality_labels_retrain.TestConfigMinLabelsThreshold" name="test_config_min_new_labels_for_retrain_is_150" time="0.008" /><testcase classname="backend.tests.test_iteration24_quality_labels_retrain.TestConfigMinLabelsThreshold" name="test_signal_feedback_loop_reads_min_labels_from_config" time="0.001" /><testcase classname="backend.tests.test_iteration24_quality_labels_retrain.TestQualityLabelsTracking" name="test_state_has_quality_labels_since_retrain_field" time="0.000" /><testcase classname="backend.tests.test_iteration24_quality_labels_retrain.TestQualityLabelsTracking" name="test_add_quality_labels_increments_counter" time="0.001" /><testcase classname="backend.tests.test_iteration24_quality_labels_retrain.TestQualityLabelsTracking" name="test_add_quality_labels_persists_to_file" time="0.001" /><testcase classname="backend.tests.test_iteration24_quality_labels_retrain.TestQualityLabelsTracking" name="test_add_quality_labels_ignores_zero_or_negative" time="0.000" /><testcase classname="backend.tests.test_iteration24_quality_labels_retrain.TestQualityLabelsTracking" name="test_mark_retrain_attempt_success_resets_quality_labels" time="0.001" /><testcase classname="backend.tests.test_iteration24_quality_labels_retrain.TestQualityLabelsTracking" name="test_mark_retrain_attempt_failure_keeps_quality_labels" time="0.000" /><testcase classname="backend.tests.test_iteration24_quality_labels_retrain.TestRetrainGateUsesQualityLabels" name="test_retrain_blocked_when_quality_labels_below_threshold" time="0.000" /><testcase classname="backend.tests.test_iteration24_quality_labels_retrain.TestRetrainGateUsesQualityLabels" name="test_retrain_allowed_when_quality_labels_at_threshold" time="0.000" /><testcase time="0.000" /></testsuite></testsuites>