<?xml version="1.0" encoding="utf-8"?><testsuites name="pytest tests"><testsuite name="pytest" errors="0" failures="0" skipped="0" tests="130" time="2.887" timestamp="2026-03-19T13:14:39.511529+00:00" hostname="agent-env-036b33ef-8625-452c-9def-192519f35e6f"><testcase classname="backend.tests.test_quality_gate_iteration17.TestExpectedEdgeThresholdFilter" name="test_expected_edge_formula_without_trained_model" time="0.001" /><testcase classname="backend.tests.test_quality_gate_iteration17.TestExpectedEdgeThresholdFilter" name="test_expected_edge_formula_with_trained_model" time="0.000" /><testcase classname="backend.tests.test_quality_gate_iteration17.TestExpectedEdgeThresholdFilter" name="test_rejects_low_expected_edge" time="0.000" /><testcase classname="backend.tests.test_quality_gate_iteration17.TestExpectedEdgeThresholdFilter" name="test_passes_sufficient_expected_edge" time="0.000" /><testcase classname="backend.tests.test_quality_gate_iteration17.TestExpectedEdgeThresholdFilter" name="test_boundary_expected_edge_exactly_at_threshold" time="0.000" /><testcase classname="backend.tests.test_quality_gate_iteration17.TestAntiFlatFilters" name="test_rejects_chop_regime_when_not_allowed" time="0.000" /><testcase classname="backend.tests.test_quality_gate_iteration17.TestAntiFlatFilters" name="test_allows_chop_regime_when_enabled" time="0.001" /><testcase classname="backend.tests.test_quality_gate_iteration17.TestAntiFlatFilters" name="test_rejects_low_adx" time="0.000" /><testcase classname="backend.tests.test_quality_gate_iteration17.TestAntiFlatFilters" name="test_passes_sufficient_adx" time="0.001" /><testcase classname="backend.tests.test_quality_gate_iteration17.TestAntiFlatFilters" name="test_rejects_low_atr_pct" time="0.000" /><testcase classname="backend.tests.test_quality_gate_iteration17.TestAntiFlatFilters" name="test_passes_sufficient_atr_pct" time="0.000" /><testcase classname="backend.tests.test_quality_gate_iteration17.TestAntiFlatFilters" name="test_rejects_flat_orderflow_low_imbalance" time="0.000" /><testcase classname="backend.tests.test_quality_gate_iteration17.TestAntiFlatFilters" name="test_passes_sufficient_imbalance" time="0.000" /><testcase classname="backend.tests.test_quality_gate_iteration17.TestAntiFlatFilters" name="test_negative_imbalance_uses_absolute_value" time="0.000" /><testcase classname="backend.tests.test_quality_gate_iteration17.TestAntiFlatFilters" name="test_rejects_flat_htf_trend_when_required" time="0.001" /><testcase classname="backend.tests.test_quality_gate_iteration17.TestAntiFlatFilters" name="test_allows_flat_htf_trend_when_not_required" time="0.000" /><testcase classname="backend.tests.test_quality_gate_iteration17.TestLowConfidenceRejection" name="test_rejects_low_confidence" time="0.000" /><testcase classname="backend.tests.test_quality_gate_iteration17.TestLowConfidenceRejection" name="test_passes_sufficient_confidence" time="0.001" /><testcase classname="backend.tests.test_quality_gate_iteration17.TestLowConfidenceRejection" name="test_confidence_checked_before_anti_flat" time="0.000" /><testcase classname="backend.tests.test_quality_gate_iteration17.TestQualityGateMetadata" name="test_passed_signal_contains_expected_edge" time="0.000" /><testcase classname="backend.tests.test_quality_gate_iteration17.TestQualityGateMetadata" name="test_passed_signal_contains_symbol" time="0.001" /><testcase classname="backend.tests.test_quality_gate_iteration17.TestQualityGateMetadata" name="test_rejected_signal_still_has_expected_edge" time="0.000" /><testcase classname="backend.tests.test_quality_gate_iteration17.TestConfigDrivenBehavior" name="test_config_yaml_has_quality_gate_section" time="0.000" /><testcase classname="backend.tests.test_quality_gate_iteration17.TestConfigDrivenBehavior" name="test_config_contains_enabled_setting" time="0.001" /><testcase classname="backend.tests.test_quality_gate_iteration17.TestConfigDrivenBehavior" name="test_config_contains_min_confidence" time="0.001" /><testcase classname="backend.tests.test_quality_gate_iteration17.TestConfigDrivenBehavior" name="test_config_contains_min_expected_edge" time="0.001" /><testcase classname="backend.tests.test_quality_gate_iteration17.TestConfigDrivenBehavior" name="test_config_contains_anti_flat_settings" time="0.000" /><testcase classname="backend.tests.test_quality_gate_iteration17.TestQualityGateAppliedInSignalOnlyMode" name="test_scan_entries_checks_quality_gate_in_signal_only" time="0.001" /><testcase classname="backend.tests.test_quality_gate_iteration17.TestQualityGateAppliedInSignalOnlyMode" name="test_quality_gate_rejection_is_logged" time="0.000" /><testcase classname="backend.tests.test_quality_gate_iteration17.TestQualityGateAppliedInSignalOnlyMode" name="test_quality_gate_metadata_updated_for_passed_signals" time="0.001" /><testcase classname="backend.tests.test_quality_gate_iteration17.TestTelegramMessageContainsExpectedEdge" name="test_telegram_message_builder_has_expected_edge" time="0.001" /><testcase classname="backend.tests.test_quality_gate_iteration17.TestNoRegressionsInRelatedFeatures" name="test_signal_feedback_register_still_called" time="0.000" /><testcase classname="backend.tests.test_quality_gate_iteration17.TestNoRegressionsInRelatedFeatures" name="test_sl_validation_code_still_present" time="0.000" /><testcase classname="backend.tests.test_quality_gate_iteration17.TestNoRegressionsInRelatedFeatures" name="test_trained_model_integration_paths_exist" time="0.000" /><testcase classname="backend.tests.test_quality_gate_iteration17.TestNoRegressionsInRelatedFeatures" name="test_feedback_loop_enabled_check_exists" time="0.000" /><testcase classname="backend.tests.test_quality_gate_iteration17.TestQualityGateDisabledBehavior" name="test_quality_gate_disabled_skips_anti_flat_checks" time="0.001" /><testcase classname="backend.tests.test_quality_gate_iteration17.TestEdgeCasesAndBoundaryConditions" name="test_zero_confidence_rejected" time="0.000" /><testcase classname="backend.tests.test_quality_gate_iteration17.TestEdgeCasesAndBoundaryConditions" name="test_zero_rr_ratio_handled" time="0.000" /><testcase classname="backend.tests.test_quality_gate_iteration17.TestEdgeCasesAndBoundaryConditions" name="test_none_values_in_metadata_handled" time="0.001" /><testcase classname="backend.tests.test_quality_gate_iteration17.TestEdgeCasesAndBoundaryConditions" name="test_missing_metadata_keys_handled" time="0.000" /><testcase classname="backend.tests.test_quality_gate_iteration17.TestOrderOfFilterChecks" name="test_confidence_checked_before_expected_edge" time="0.000" /><testcase classname="backend.tests.test_quality_gate_iteration17.TestOrderOfFilterChecks" name="test_expected_edge_checked_before_anti_flat" time="0.000" /><testcase classname="backend.tests.test_quality_gate_iteration17.TestOrderOfFilterChecks" name="test_anti_flat_checks_run_in_order_chop_adx_atr_imbalance_htf" time="0.001" /><testcase classname="backend.tests.test_signal_feedback_loop_and_sl_validation" name="test_invalid_sl_long_rejected" time="0.000" /><testcase classname="backend.tests.test_signal_feedback_loop_and_sl_validation" name="test_invalid_sl_short_rejected" time="0.000" /><testcase classname="backend.tests.test_signal_feedback_loop_and_sl_validation" name="test_signal_feedback_loop_labels_and_appends_dataset" time="0.003" /><testcase classname="backend.tests.test_signal_feedback_loop_and_sl_validation" name="test_feedback_loop_daily_retrain_gate" time="0.001" /><testcase classname="backend.tests.test_signal_feedback_loop_and_sl_validation" name="test_quality_gate_rejects_low_expected_edge" time="0.001" /><testcase classname="backend.tests.test_signal_feedback_loop_and_sl_validation" name="test_quality_gate_rejects_chop_regime" time="0.000" /><testcase classname="backend.tests.test_signal_feedback_loop_and_sl_validation" name="test_quality_gate_passes_strong_signal" time="0.001" /><testcase classname="backend.tests.test_signal_feedback_loop_and_sl_validation" name="test_quality_gate_rejects_countertrend_without_strong_confirmation" time="0.000" /><testcase classname="backend.tests.test_signal_feedback_loop_and_sl_validation" name="test_quality_gate_rejects_no_zone_low_confidence" time="0.001" /><testcase classname="backend.tests.test_lynusdt_hotfix_iteration19.TestConfigHotfixValues" name="test_min_expected_edge_is_0_68" time="0.000" /><testcase classname="backend.tests.test_lynusdt_hotfix_iteration19.TestConfigHotfixValues" name="test_anti_flat_min_abs_imbalance_is_0_10" time="0.001" /><testcase classname="backend.tests.test_lynusdt_hotfix_iteration19.TestConfigHotfixValues" name="test_countertrend_min_confidence_is_0_82" time="0.001" /><testcase classname="backend.tests.test_lynusdt_hotfix_iteration19.TestConfigHotfixValues" name="test_countertrend_min_abs_imbalance_is_0_20" time="0.000" /><testcase classname="backend.tests.test_lynusdt_hotfix_iteration19.TestConfigHotfixValues" name="test_no_zone_min_confidence_is_0_84" time="0.000" /><testcase classname="backend.tests.test_lynusdt_hotfix_iteration19.TestConfigHotfixValues" name="test_lynusdt_not_in_blacklist" time="0.000" /><testcase classname="backend.tests.test_lynusdt_hotfix_iteration19.TestSoftCountertrendFilter" name="test_rejects_sell_against_bullish_4h_with_low_confidence" time="0.001" /><testcase classname="backend.tests.test_lynusdt_hotfix_iteration19.TestSoftCountertrendFilter" name="test_rejects_sell_against_bullish_4h_with_weak_imbalance" time="0.000" /><testcase classname="backend.tests.test_lynusdt_hotfix_iteration19.TestSoftCountertrendFilter" name="test_allows_sell_against_bullish_4h_with_high_conf_and_strong_imbalance" time="0.000" /><testcase classname="backend.tests.test_lynusdt_hotfix_iteration19.TestSoftCountertrendFilter" name="test_rejects_buy_against_bearish_4h_with_low_confidence" time="0.000" /><testcase classname="backend.tests.test_lynusdt_hotfix_iteration19.TestSoftCountertrendFilter" name="test_allows_buy_against_bearish_4h_with_high_conf_and_strong_imbalance" time="0.000" /><testcase classname="backend.tests.test_lynusdt_hotfix_iteration19.TestSoftCountertrendFilter" name="test_no_countertrend_filter_when_4h_trend_neutral" time="0.000" /><testcase classname="backend.tests.test_lynusdt_hotfix_iteration19.TestSoftCountertrendFilter" name="test_no_countertrend_filter_for_trend_aligned_trade" time="0.000" /><testcase classname="backend.tests.test_lynusdt_hotfix_iteration19.TestNoZoneElevatedConfidenceFilter" name="test_rejects_no_zone_with_low_confidence" time="0.000" /><testcase classname="backend.tests.test_lynusdt_hotfix_iteration19.TestNoZoneElevatedConfidenceFilter" name="test_allows_no_zone_with_high_confidence" time="0.000" /><testcase classname="backend.tests.test_lynusdt_hotfix_iteration19.TestNoZoneElevatedConfidenceFilter" name="test_allows_valid_zone_with_lower_confidence" time="0.000" /><testcase classname="backend.tests.test_lynusdt_hotfix_iteration19.TestNoZoneElevatedConfidenceFilter" name="test_no_zone_boundary_at_0_84" time="0.000" /><testcase classname="backend.tests.test_lynusdt_hotfix_iteration19.TestExpectedEdgeThreshold068" name="test_rejects_expected_edge_below_0_68" time="0.000" /><testcase classname="backend.tests.test_lynusdt_hotfix_iteration19.TestExpectedEdgeThreshold068" name="test_passes_expected_edge_at_0_68" time="0.000" /><testcase classname="backend.tests.test_lynusdt_hotfix_iteration19.TestExpectedEdgeThreshold068" name="test_expected_edge_formula_correct" time="0.000" /><testcase classname="backend.tests.test_lynusdt_hotfix_iteration19.TestTightenedImbalanceThreshold" name="test_rejects_imbalance_below_0_10" time="0.000" /><testcase classname="backend.tests.test_lynusdt_hotfix_iteration19.TestTightenedImbalanceThreshold" name="test_passes_imbalance_at_0_10" time="0.000" /><testcase classname="backend.tests.test_lynusdt_hotfix_iteration19.TestTightenedImbalanceThreshold" name="test_negative_imbalance_uses_absolute_value" time="0.000" /><testcase classname="backend.tests.test_lynusdt_hotfix_iteration19.TestLynusdtScenarioSimulation" name="test_weak_lynusdt_sell_rejected" time="0.000" /><testcase classname="backend.tests.test_lynusdt_hotfix_iteration19.TestLynusdtScenarioSimulation" name="test_strong_lynusdt_sell_allowed" time="0.000" /><testcase classname="backend.tests.test_lynusdt_hotfix_iteration19.TestFilterOrderRegression" name="test_confidence_checked_first" time="0.000" /><testcase classname="backend.tests.test_lynusdt_hotfix_iteration19.TestFilterOrderRegression" name="test_countertrend_checked_before_no_zone" time="0.000" /><testcase classname="backend.tests.test_lynusdt_hotfix_iteration19.TestFilterOrderRegression" name="test_no_zone_checked_before_expected_edge" time="0.000" /><testcase classname="backend.tests.test_lynusdt_hotfix_iteration19.TestStandardFiltersRegression" name="test_chop_regime_still_rejected" time="0.000" /><testcase classname="backend.tests.test_lynusdt_hotfix_iteration19.TestStandardFiltersRegression" name="test_low_adx_still_rejected" time="0.000" /><testcase classname="backend.tests.test_lynusdt_hotfix_iteration19.TestStandardFiltersRegression" name="test_low_atr_pct_still_rejected" time="0.000" /><testcase classname="backend.tests.test_lynusdt_hotfix_iteration19.TestStandardFiltersRegression" name="test_strong_signal_passes_all_checks" time="0.000" /><testcase classname="backend.tests.test_entry_engine_v6.TestWeightedScoring" name="test_all_signals_aligned_bull_enters" time="0.000" /><testcase classname="backend.tests.test_entry_engine_v6.TestWeightedScoring" name="test_all_signals_aligned_bear_enters" time="0.000" /><testcase classname="backend.tests.test_entry_engine_v6.TestWeightedScoring" name="test_conflicting_signals_below_threshold" time="0.000" /><testcase classname="backend.tests.test_entry_engine_v6.TestWeightedScoring" name="test_score_breakdown_in_metadata" time="0.000" /><testcase classname="backend.tests.test_entry_engine_v6.TestWeightedScoring" name="test_neutral_trend_can_still_trade" time="0.000" /><testcase classname="backend.tests.test_entry_engine_v6.TestWeightedScoring" name="test_rr_still_hard_requirement" time="0.000" /><testcase classname="backend.tests.test_entry_engine_v6.TestTransformerCalibration" name="test_no_100_percent_probability" time="0.000" /><testcase classname="backend.tests.test_entry_engine_v6.TestTransformerCalibration" name="test_calibration_preserves_ordering" time="0.000" /><testcase classname="backend.tests.test_entry_engine_v6.TestTransformerCalibration" name="test_calibrated_probs_sum_to_one" time="0.000" /><testcase classname="backend.tests.test_entry_engine_v6.TestOrderflowInScoring" name="test_strong_bullish_imbalance_boosts_score" time="0.000" /><testcase classname="backend.tests.test_entry_engine_v6.TestOrderflowInScoring" name="test_bearish_imbalance_on_bullish_trend_lowers_score" time="0.000" /><testcase classname="backend.tests.test_entry_engine_v6.TestOrderflowInScoring" name="test_uses_normalized_not_raw_ratio" time="0.000" /><testcase classname="backend.tests.test_entry_engine_v6.TestConfigV6" name="test_entry_threshold_in_config" time="0.008" /><testcase classname="backend.tests.test_entry_engine_v6.TestConfigV6" name="test_trade_symbols_25" time="0.007" /><testcase classname="backend.tests.test_entry_engine_v6.TestConfigV6" name="test_rr_ratio_at_least_2" time="0.007" /><testcase classname="backend.tests.test_entry_engine_v6.TestConfigV6" name="test_early_exit_still_zero" time="0.007" /><testcase classname="backend.tests.test_trained_model_integration.TestCheckpointLoading" name="test_model_none_when_checkpoint_missing" time="0.000" /><testcase classname="backend.tests.test_trained_model_integration.TestCheckpointLoading" name="test_model_none_when_disabled" time="0.000" /><testcase classname="backend.tests.test_trained_model_integration.TestCheckpointLoading" name="test_model_loaded_when_checkpoint_exists" time="0.009" /><testcase classname="backend.tests.test_trained_model_integration.TestCheckpointLoading" name="test_corrupted_checkpoint_handled_gracefully" time="0.001" /><testcase classname="backend.tests.test_trained_model_integration.TestCheckpointLoading" name="test_relative_path_resolution" time="0.000" /><testcase classname="backend.tests.test_trained_model_integration.TestTrainedWinProbability" name="test_prediction_returns_none_when_model_missing" time="0.000" /><testcase classname="backend.tests.test_trained_model_integration.TestTrainedWinProbability" name="test_prediction_clamped_to_0_1_range" time="0.051" /><testcase classname="backend.tests.test_trained_model_integration.TestTrainedWinProbability" name="test_prediction_with_extreme_inputs" time="0.007" /><testcase classname="backend.tests.test_trained_model_integration.TestTrainedWinProbability" name="test_clamp_static_method" time="0.000" /><testcase classname="backend.tests.test_trained_model_integration.TestTrainedWinProbability" name="test_normalize_rr_method" time="0.000" /><testcase classname="backend.tests.test_trained_model_integration.TestTrainedWinProbability" name="test_normalize_htf_trend_method" time="0.000" /><testcase classname="backend.tests.test_trained_model_integration.TestLowProbabilityRejection" name="test_low_prob_rejects_entry" time="0.008" /><testcase classname="backend.tests.test_trained_model_integration.TestLowProbabilityRejection" name="test_rejection_metadata_contains_prob" time="0.000" /><testcase classname="backend.tests.test_trained_model_integration.TestConfidenceBlending" name="test_blending_formula_correctness" time="0.000" /><testcase classname="backend.tests.test_trained_model_integration.TestConfidenceBlending" name="test_no_blending_when_model_missing" time="0.000" /><testcase classname="backend.tests.test_trained_model_integration.TestConfidenceBlending" name="test_blending_applied_when_model_loaded" time="0.007" /><testcase classname="backend.tests.test_trained_model_integration.TestConfidenceBlending" name="test_blend_clamped_to_0_1" time="0.000" /><testcase classname="backend.tests.test_trained_model_integration.TestSameSideCooldownRegression" name="test_cooldown_method_exists" time="0.000" /><testcase classname="backend.tests.test_trained_model_integration.TestSameSideCooldownRegression" name="test_signal_timestamp_registration_method_exists" time="0.000" /><testcase classname="backend.tests.test_trained_model_integration.TestSameSideCooldownRegression" name="test_cooldown_config_present" time="0.007" /><testcase classname="backend.tests.test_trained_model_integration.TestSameSideCooldownRegression" name="test_last_signal_ts_attribute_initialized" time="0.000" /><testcase classname="backend.tests.test_trained_model_integration.TestSameSideCooldownRegression" name="test_cooldown_check_in_scan_entries" time="0.000" /><testcase classname="backend.tests.test_trained_model_integration.TestSameSideCooldownRegression" name="test_cooldown_logic_returns_remaining_seconds" time="0.000" /><testcase classname="backend.tests.test_trained_model_integration.TestTrainedModelConfig" name="test_trained_model_enabled_config" time="0.042" /><testcase classname="backend.tests.test_trained_model_integration.TestTrainedModelConfig" name="test_trained_model_min_prob_config" time="0.007" /><testcase classname="backend.tests.test_trained_model_integration.TestTrainedModelConfig" name="test_trained_model_blend_config" time="0.007" /><testcase classname="backend.tests.test_trained_model_integration.TestTrainedModelConfig" name="test_trained_model_weights_path_config" time="0.009" /><testcase classname="backend.tests.test_trained_model_integration.TestTrainedModelConfig" name="test_entry_threshold_reasonable" time="0.007" /><testcase classname="backend.tests.test_trained_model_integration.TestSignalGenerationWithTrainedModel" name="test_signal_metadata_contains_trained_model_fields" time="0.000" /><testcase classname="backend.tests.test_trained_model_integration.TestSignalGenerationWithTrainedModel" name="test_full_signal_flow_with_trained_model" time="0.007" /></testsuite></testsuites>