<?xml version="1.0" encoding="utf-8"?><testsuites name="pytest tests"><testsuite name="pytest" errors="0" failures="0" skipped="0" tests="44" time="2.566" timestamp="2026-03-21T05:26:33.797969+00:00" hostname="agent-env-036b33ef-8625-452c-9def-192519f35e6f"><testcase classname="backend.tests.test_iteration26_adaptive_regime_presets" name="test_resolve_regime_preset_trend" time="0.000" /><testcase classname="backend.tests.test_iteration26_adaptive_regime_presets" name="test_resolve_regime_preset_breakout_maps_to_trend" time="0.000" /><testcase classname="backend.tests.test_iteration26_adaptive_regime_presets" name="test_resolve_regime_preset_range" time="0.000" /><testcase classname="backend.tests.test_iteration26_adaptive_regime_presets" name="test_run_calls_maybe_apply_regime_preset" time="0.002" /><testcase classname="backend.tests.test_iteration26_adaptive_regime_presets" name="test_config_has_adaptive_regime_presets_section" time="0.009" /><testcase classname="backend.tests.test_iteration26_adaptive_regime_presets_full.TestConfigAdaptiveRegimePresets" name="test_config_has_adaptive_regime_presets_section" time="0.008" /><testcase classname="backend.tests.test_iteration26_adaptive_regime_presets_full.TestConfigAdaptiveRegimePresets" name="test_config_interval_is_900_seconds" time="0.008" /><testcase classname="backend.tests.test_iteration26_adaptive_regime_presets_full.TestConfigAdaptiveRegimePresets" name="test_config_benchmark_is_btcusdt" time="0.009" /><testcase classname="backend.tests.test_iteration26_adaptive_regime_presets_full.TestConfigAdaptiveRegimePresets" name="test_config_notify_on_switch_enabled" time="0.008" /><testcase classname="backend.tests.test_iteration26_adaptive_regime_presets_full.TestConfigAdaptiveRegimePresets" name="test_config_trend_profile_values" time="0.010" /><testcase classname="backend.tests.test_iteration26_adaptive_regime_presets_full.TestConfigAdaptiveRegimePresets" name="test_config_range_profile_values" time="0.008" /><testcase classname="backend.tests.test_iteration26_adaptive_regime_presets_full.TestRegimeMapping" name="test_resolve_regime_preset_trend" time="0.000" /><testcase classname="backend.tests.test_iteration26_adaptive_regime_presets_full.TestRegimeMapping" name="test_resolve_regime_preset_breakout_maps_to_trend" time="0.000" /><testcase classname="backend.tests.test_iteration26_adaptive_regime_presets_full.TestRegimeMapping" name="test_resolve_regime_preset_volatile_maps_to_trend" time="0.000" /><testcase classname="backend.tests.test_iteration26_adaptive_regime_presets_full.TestRegimeMapping" name="test_resolve_regime_preset_chop_maps_to_range" time="0.000" /><testcase classname="backend.tests.test_iteration26_adaptive_regime_presets_full.TestRegimeMapping" name="test_resolve_regime_preset_range_maps_to_range" time="0.000" /><testcase classname="backend.tests.test_iteration26_adaptive_regime_presets_full.TestRegimeMapping" name="test_resolve_regime_preset_unknown_defaults_to_range" time="0.000" /><testcase classname="backend.tests.test_iteration26_adaptive_regime_presets_full.TestRegimeMapping" name="test_resolve_regime_preset_empty_defaults_to_range" time="0.000" /><testcase classname="backend.tests.test_iteration26_adaptive_regime_presets_full.TestRegimeMapping" name="test_resolve_regime_preset_none_defaults_to_range" time="0.000" /><testcase classname="backend.tests.test_iteration26_adaptive_regime_presets_full.TestSwitchBehavior" name="test_switch_updates_strict_htf_mode" time="0.000" /><testcase classname="backend.tests.test_iteration26_adaptive_regime_presets_full.TestSwitchBehavior" name="test_switch_updates_volatility_floor_atr_pct" time="0.000" /><testcase classname="backend.tests.test_iteration26_adaptive_regime_presets_full.TestSwitchBehavior" name="test_switch_from_trend_to_range_changes_vol_floor" time="0.000" /><testcase classname="backend.tests.test_iteration26_adaptive_regime_presets_full.TestRunLoopIntegration" name="test_run_calls_maybe_apply_regime_preset" time="0.002" /><testcase classname="backend.tests.test_iteration26_adaptive_regime_presets_full.TestRunLoopIntegration" name="test_maybe_apply_regime_preset_exists" time="0.000" /><testcase classname="backend.tests.test_iteration26_adaptive_regime_presets_full.TestRunLoopIntegration" name="test_detect_profile_regime_exists" time="0.000" /><testcase classname="backend.tests.test_iteration26_adaptive_regime_presets_full.TestRunLoopIntegration" name="test_resolve_regime_preset_exists" time="0.000" /><testcase classname="backend.tests.test_iteration26_adaptive_regime_presets_full.TestTelegramNotification" name="test_telegram_message_format_in_code" time="0.001" /><testcase classname="backend.tests.test_iteration26_adaptive_regime_presets_full.TestTelegramNotification" name="test_telegram_notification_conditional_on_notify_flag" time="0.001" /><testcase classname="backend.tests.test_iteration26_adaptive_regime_presets_full.TestTelegramNotification" name="test_telegram_notification_conditional_on_tg_instance" time="0.000" /><testcase classname="backend.tests.test_iteration26_adaptive_regime_presets_full.TestLogging" name="test_logger_info_on_switch" time="0.001" /><testcase classname="backend.tests.test_iteration26_adaptive_regime_presets_full.TestLogging" name="test_log_message_format" time="0.001" /><testcase classname="backend.tests.test_iteration26_adaptive_regime_presets_full.TestIntervalTiming" name="test_interval_check_in_maybe_apply" time="0.001" /><testcase classname="backend.tests.test_iteration26_adaptive_regime_presets_full.TestIntervalTiming" name="test_interval_minimum_30_seconds" time="0.001" /><testcase classname="backend.tests.test_iteration26_adaptive_regime_presets_full.TestSignalOnlyMode" name="test_maybe_apply_called_before_signal_feedback" time="0.002" /><testcase classname="backend.tests.test_iteration26_adaptive_regime_presets_full.TestErrorHandling" name="test_exception_handling_in_maybe_apply" time="0.001" /><testcase classname="backend.tests.test_iteration26_adaptive_regime_presets_full.TestStartupLog" name="test_startup_log_shows_adaptive_presets_status" time="0.002" /><testcase classname="backend.tests.test_iteration25_strict_htf_volatility_floor" name="test_strict_htf_blocks_sell_in_bull_4h" time="0.000" /><testcase classname="backend.tests.test_iteration25_strict_htf_volatility_floor" name="test_strict_htf_blocks_buy_in_bear_4h" time="0.000" /><testcase classname="backend.tests.test_iteration25_strict_htf_volatility_floor" name="test_strict_htf_allows_aligned_direction" time="0.000" /><testcase classname="backend.tests.test_iteration25_strict_htf_volatility_floor" name="test_strict_htf_allows_when_disabled" time="0.000" /><testcase classname="backend.tests.test_iteration25_strict_htf_volatility_floor" name="test_volatility_floor_blocks_low_atr_pct" time="0.000" /><testcase classname="backend.tests.test_iteration25_strict_htf_volatility_floor" name="test_volatility_floor_allows_high_atr_pct" time="0.000" /><testcase classname="backend.tests.test_iteration25_strict_htf_volatility_floor" name="test_volatility_floor_allows_when_disabled" time="0.000" /><testcase classname="backend.tests.test_iteration25_strict_htf_volatility_floor" name="test_config_has_strict_htf_and_volatility_floor" time="0.009" /></testsuite></testsuites>