<?xml version="1.0" encoding="utf-8"?><testsuites name="pytest tests"><testsuite name="pytest" errors="0" failures="0" skipped="0" tests="42" time="2.959" timestamp="2026-03-20T10:32:16.757815+00:00" hostname="agent-env-036b33ef-8625-452c-9def-192519f35e6f"><testcase classname="backend.tests.test_iteration21_full_feature_verification.TestSymbolQualityFilter" name="test_blocks_symbol_with_consecutive_losses" time="0.006" /><testcase classname="backend.tests.test_iteration21_full_feature_verification.TestSymbolQualityFilter" name="test_blocks_symbol_with_low_winrate_and_negative_avg_pnl" time="0.001" /><testcase classname="backend.tests.test_iteration21_full_feature_verification.TestSymbolQualityFilter" name="test_allows_symbol_with_good_stats" time="0.001" /><testcase classname="backend.tests.test_iteration21_full_feature_verification.TestSymbolQualityFilter" name="test_whitelist_bypass_allows_poor_symbol" time="0.001" /><testcase classname="backend.tests.test_iteration21_full_feature_verification.TestSymbolQualityFilter" name="test_insufficient_history_allows_entry" time="0.001" /><testcase classname="backend.tests.test_iteration21_full_feature_verification.TestCorrelationFilter" name="test_blocks_strongly_correlated_pair" time="0.000" /><testcase classname="backend.tests.test_iteration21_full_feature_verification.TestCorrelationFilter" name="test_allows_uncorrelated_pair" time="0.000" /><testcase classname="backend.tests.test_iteration21_full_feature_verification.TestCorrelationFilter" name="test_allows_entry_with_no_open_positions" time="0.000" /><testcase classname="backend.tests.test_iteration21_full_feature_verification.TestCorrelationFilter" name="test_allows_same_symbol" time="0.000" /><testcase classname="backend.tests.test_iteration21_full_feature_verification.TestCorrelationFilter" name="test_correlation_calculation_accuracy" time="0.000" /><testcase classname="backend.tests.test_iteration21_full_feature_verification.TestFeedbackRetrainDataset" name="test_zone_matches_side_for_long" time="0.099" /><testcase classname="backend.tests.test_iteration21_full_feature_verification.TestFeedbackRetrainDataset" name="test_zone_matches_side_for_short" time="0.000" /><testcase classname="backend.tests.test_iteration21_full_feature_verification.TestFeedbackRetrainDataset" name="test_build_retrain_dataset_merges_base_and_feedback" time="0.001" /><testcase classname="backend.tests.test_iteration21_full_feature_verification.TestRiskManagementConfig" name="test_max_trades_per_day_configured" time="0.009" /><testcase classname="backend.tests.test_iteration21_full_feature_verification.TestRiskManagementConfig" name="test_cooldown_after_loss_sec_configured" time="0.008" /><testcase classname="backend.tests.test_iteration21_full_feature_verification.TestRiskManagementConfig" name="test_max_trades_per_symbol_24h_configured" time="0.008" /><testcase classname="backend.tests.test_iteration21_full_feature_verification.TestRiskManagementConfig" name="test_max_positions_configured" time="0.008" /><testcase classname="backend.tests.test_iteration21_full_feature_verification.TestRiskManagementConfig" name="test_feedback_apply_to_risk_guard_disabled" time="0.008" /><testcase classname="backend.tests.test_iteration21_full_feature_verification.TestMTFZoneConfirmation" name="test_mtf_zone_confirmation_enabled" time="0.008" /><testcase classname="backend.tests.test_iteration21_full_feature_verification.TestMTFZoneConfirmation" name="test_mtf_min_confidence_if_single_tf" time="0.008" /><testcase classname="backend.tests.test_iteration21_full_feature_verification.TestMTFZoneConfirmation" name="test_require_any_zone_is_false" time="0.008" /><testcase classname="backend.tests.test_iteration21_full_feature_verification.TestConfigSectionsExist" name="test_symbol_quality_section_exists" time="0.008" /><testcase classname="backend.tests.test_iteration21_full_feature_verification.TestConfigSectionsExist" name="test_correlation_section_exists" time="0.009" /><testcase classname="backend.tests.test_iteration21_full_feature_verification.TestConfigSectionsExist" name="test_mtf_zone_confirmation_section_exists" time="0.008" /><testcase classname="backend.tests.test_iteration21_full_feature_verification.TestConfigSectionsExist" name="test_feedback_loop_merged_dataset_options_exist" time="0.012" /><testcase classname="backend.tests.test_iteration21_full_feature_verification.TestIteration21Integration" name="test_trading_bot_initializes_all_features" time="0.008" /><testcase classname="backend.tests.test_iteration21_full_feature_verification.TestIteration21Integration" name="test_symbol_quality_metadata_in_signal" time="0.002" /><testcase classname="backend.tests.test_iteration21_full_feature_verification.TestIteration21Integration" name="test_correlation_filter_in_scan_entries" time="0.002" /><testcase classname="backend.tests.test_iteration21_full_feature_verification.TestIteration21Integration" name="test_mtf_zone_confirmation_in_analyze_symbol" time="0.002" /><testcase classname="backend.tests.test_iteration22_signal_only_cooldown_fix.TestConfigFix" name="test_apply_to_risk_guard_is_false_in_config" time="0.008" /><testcase classname="backend.tests.test_iteration22_signal_only_cooldown_fix.TestConfigFix" name="test_signal_only_is_true_in_config" time="0.008" /><testcase classname="backend.tests.test_iteration22_signal_only_cooldown_fix.TestMainPyCodeFix" name="test_process_signal_feedback_loop_has_signal_only_guard" time="0.001" /><testcase classname="backend.tests.test_iteration22_signal_only_cooldown_fix.TestMainPyCodeFix" name="test_record_trade_call_is_inside_double_guard" time="0.001" /><testcase classname="backend.tests.test_iteration22_signal_only_cooldown_fix.TestTradingBotInitialization" name="test_bot_initializes_with_correct_flags" time="0.009" /><testcase classname="backend.tests.test_iteration22_signal_only_cooldown_fix.TestSignalOnlyModeDoesNotThrottle" name="test_feedback_outcomes_do_not_call_record_trade_in_signal_only_mode" time="0.009" /><testcase classname="backend.tests.test_iteration22_signal_only_cooldown_fix.TestSignalOnlyModeDoesNotThrottle" name="test_even_with_apply_to_risk_guard_true_signal_only_blocks" time="0.009" /><testcase classname="backend.tests.test_iteration22_signal_only_cooldown_fix.TestSignalOnlyModeDoesNotThrottle" name="test_record_trade_called_only_when_not_signal_only" time="0.008" /><testcase classname="backend.tests.test_iteration22_signal_only_cooldown_fix.TestRegressionIteration21Features" name="test_feedback_apply_to_risk_guard_config_option_exists" time="0.008" /><testcase classname="backend.tests.test_iteration22_signal_only_cooldown_fix.TestRegressionIteration21Features" name="test_signal_feedback_loop_enabled" time="0.008" /><testcase classname="backend.tests.test_iteration22_signal_only_cooldown_fix.TestRegressionIteration21Features" name="test_mtf_zone_confirmation_still_enabled" time="0.008" /><testcase classname="backend.tests.test_iteration22_signal_only_cooldown_fix.TestRegressionIteration21Features" name="test_symbol_quality_filter_still_enabled" time="0.009" /><testcase classname="backend.tests.test_iteration22_signal_only_cooldown_fix.TestRegressionIteration21Features" name="test_correlation_filter_still_enabled" time="0.008" /></testsuite></testsuites>