<?xml version="1.0" encoding="utf-8"?><testsuites name="pytest tests"><testsuite name="pytest" errors="0" failures="0" skipped="0" tests="44" time="1.199" timestamp="2026-03-28T14:20:45.293837+00:00" hostname="agent-env-30b7f49d-5878-4c0d-8ab5-bb029b3d7110"><testcase classname="backend.tests.test_iteration46_pro_filters.TestConfigYamlParsing" name="test_leverage_is_5" time="0.019" /><testcase classname="backend.tests.test_iteration46_pro_filters.TestConfigYamlParsing" name="test_allowed_regimes_does_not_contain_chop" time="0.012" /><testcase classname="backend.tests.test_iteration46_pro_filters.TestConfigYamlParsing" name="test_ignore_loss_cooldown_reasons_is_empty" time="0.012" /><testcase classname="backend.tests.test_iteration46_pro_filters.TestConfigYamlParsing" name="test_active_preset_is_1h" time="0.026" /><testcase classname="backend.tests.test_iteration46_pro_filters.TestConfigYamlParsing" name="test_ema_trend_filter_enabled" time="0.011" /><testcase classname="backend.tests.test_iteration46_pro_filters.TestConfigYamlParsing" name="test_ema_fast_period_is_20" time="0.011" /><testcase classname="backend.tests.test_iteration46_pro_filters.TestConfigYamlParsing" name="test_ema_slow_period_is_50" time="0.011" /><testcase classname="backend.tests.test_iteration46_pro_filters.TestConfigYamlParsing" name="test_momentum_filter_enabled" time="0.011" /><testcase classname="backend.tests.test_iteration46_pro_filters.TestConfigYamlParsing" name="test_momentum_lookback_is_5" time="0.011" /><testcase classname="backend.tests.test_iteration46_pro_filters.TestConfigYamlParsing" name="test_volume_filter_enabled" time="0.011" /><testcase classname="backend.tests.test_iteration46_pro_filters.TestConfigYamlParsing" name="test_volume_lookback_is_20" time="0.011" /><testcase classname="backend.tests.test_iteration46_pro_filters.TestConfigYamlParsing" name="test_ema_trend_exit_enabled" time="0.012" /><testcase classname="backend.tests.test_iteration46_pro_filters.TestConfigYamlParsing" name="test_ema_exit_period_is_20" time="0.011" /><testcase classname="backend.tests.test_iteration46_pro_filters.TestEntryEngineInitialization" name="test_entry_engine_initializes_with_pro_filters" time="0.856" /><testcase classname="backend.tests.test_iteration46_pro_filters.TestEntryEngineInitialization" name="test_entry_engine_defaults_when_not_in_config" time="0.000" /><testcase classname="backend.tests.test_iteration46_pro_filters.TestEMAComputation" name="test_compute_ema_returns_correct_values" time="0.000" /><testcase classname="backend.tests.test_iteration46_pro_filters.TestEMAComputation" name="test_compute_ema_uptrend" time="0.000" /><testcase classname="backend.tests.test_iteration46_pro_filters.TestEMAComputation" name="test_compute_ema_downtrend" time="0.000" /><testcase classname="backend.tests.test_iteration46_pro_filters.TestEMAComputation" name="test_compute_ema_short_array" time="0.000" /><testcase classname="backend.tests.test_iteration46_pro_filters.TestEMATrendGuard" name="test_ema_trend_guard_rejects_long_in_downtrend" time="0.001" /><testcase classname="backend.tests.test_iteration46_pro_filters.TestEMATrendGuard" name="test_ema_trend_guard_rejects_short_in_uptrend" time="0.000" /><testcase classname="backend.tests.test_iteration46_pro_filters.TestEMATrendGuard" name="test_ema_trend_guard_passes_aligned_signal" time="0.000" /><testcase classname="backend.tests.test_iteration46_pro_filters.TestMomentumGuard" name="test_momentum_guard_rejects_buy_negative_momentum" time="0.000" /><testcase classname="backend.tests.test_iteration46_pro_filters.TestMomentumGuard" name="test_momentum_guard_rejects_sell_positive_momentum" time="0.000" /><testcase classname="backend.tests.test_iteration46_pro_filters.TestMomentumGuard" name="test_momentum_guard_passes_aligned_momentum" time="0.000" /><testcase classname="backend.tests.test_iteration46_pro_filters.TestVolumeGuard" name="test_volume_guard_rejects_low_volume" time="0.000" /><testcase classname="backend.tests.test_iteration46_pro_filters.TestVolumeGuard" name="test_volume_guard_passes_high_volume" time="0.000" /><testcase classname="backend.tests.test_iteration46_pro_filters.TestEMATrendExit" name="test_trend_exit_enum_exists" time="0.000" /><testcase classname="backend.tests.test_iteration46_pro_filters.TestEMATrendExit" name="test_ema_trend_exit_long_below_ema" time="0.000" /><testcase classname="backend.tests.test_iteration46_pro_filters.TestEMATrendExit" name="test_ema_trend_exit_short_above_ema" time="0.000" /><testcase classname="backend.tests.test_iteration46_pro_filters.TestEMATrendExit" name="test_ema_trend_exit_no_exit_when_held_less_than_period" time="0.000" /><testcase classname="backend.tests.test_iteration46_pro_filters.TestEMATrendExit" name="test_ema_trend_exit_no_exit_when_trend_aligns" time="0.000" /><testcase classname="backend.tests.test_iteration46_pro_filters.TestManualPositionSafety" name="test_trend_exit_allowed_for_manual_positions" time="0.000" /><testcase classname="backend.tests.test_iteration46_pro_filters.TestExtractClosesAndVolumes" name="test_extract_closes_and_volumes_works" time="0.000" /><testcase classname="backend.tests.test_iteration46_pro_filters.TestExistingGuardsRegression" name="test_exhaustion_guard_still_works" time="0.000" /><testcase classname="backend.tests.test_iteration46_pro_filters.TestExistingGuardsRegression" name="test_contra_trend_guard_still_works" time="0.000" /><testcase classname="backend.tests.test_iteration46_pro_filters.TestExistingGuardsRegression" name="test_counter_flow_guard_still_works" time="0.000" /><testcase classname="backend.tests.test_iteration46_pro_filters.TestABCGradingRegression" name="test_classify_signal_grade_exists" time="0.000" /><testcase classname="backend.tests.test_iteration46_pro_filters.TestABCGradingRegression" name="test_grade_a_high_conviction" time="0.000" /><testcase classname="backend.tests.test_iteration46_pro_filters.TestABCGradingRegression" name="test_grade_b_standard" time="0.000" /><testcase classname="backend.tests.test_iteration46_pro_filters.TestABCGradingRegression" name="test_grade_c_marginal" time="0.000" /><testcase classname="backend.tests.test_iteration46_pro_filters.TestABCGradingRegression" name="test_entry_signal_has_grade_field" time="0.000" /><testcase classname="backend.tests.test_iteration46_pro_filters.TestTrailingStopRegression" name="test_exit_engine_has_update_trailing" time="0.000" /><testcase classname="backend.tests.test_iteration46_pro_filters.TestTrailingStopRegression" name="test_trailing_exit_before_hard_sl" time="0.000" /></testsuite></testsuites>