<?xml version="1.0" encoding="utf-8"?><testsuites name="pytest tests"><testsuite name="pytest" errors="0" failures="0" skipped="0" tests="46" time="1.336" timestamp="2026-03-23T16:39:01.196059+00:00" hostname="agent-env-6c466554-7244-4ab0-9564-69835c2d7b98"><testcase classname="backend.tests.test_iteration39_anti_loss_package.TestConfigAntiLossValues" name="test_entry_threshold_is_072" time="0.010" /><testcase classname="backend.tests.test_iteration39_anti_loss_package.TestConfigAntiLossValues" name="test_early_exit_bars_is_6" time="0.009" /><testcase classname="backend.tests.test_iteration39_anti_loss_package.TestConfigAntiLossValues" name="test_trained_model_min_prob_is_052" time="0.009" /><testcase classname="backend.tests.test_iteration39_anti_loss_package.TestConfigAntiLossValues" name="test_trained_model_blend_is_030" time="0.009" /><testcase classname="backend.tests.test_iteration39_anti_loss_package.TestConfigAntiLossValues" name="test_min_rr_ratio_is_30" time="0.009" /><testcase classname="backend.tests.test_iteration39_anti_loss_package.TestConfigAntiLossValues" name="test_max_positions_is_2" time="0.009" /><testcase classname="backend.tests.test_iteration39_anti_loss_package.TestConfigAntiLossValues" name="test_trade_symbols_is_10" time="0.009" /><testcase classname="backend.tests.test_iteration39_anti_loss_package.TestConfigAntiLossValues" name="test_cooldown_after_loss_sec_is_3600" time="0.010" /><testcase classname="backend.tests.test_iteration39_anti_loss_package.TestConfigAntiLossValues" name="test_exchange_closed_not_in_ignore_loss_cooldown_reasons" time="0.009" /><testcase classname="backend.tests.test_iteration39_anti_loss_package.TestConfigAntiLossValues" name="test_exchange_closed_not_in_ignore_consecutive_loss_reasons" time="0.009" /><testcase classname="backend.tests.test_iteration39_anti_loss_package.TestConfigAntiLossValues" name="test_min_stop_atr_mult_is_16" time="0.009" /><testcase classname="backend.tests.test_iteration39_anti_loss_package.TestConfigAntiLossValues" name="test_sl_buffer_atr_mult_entry_is_10" time="0.009" /><testcase classname="backend.tests.test_iteration39_anti_loss_package.TestEntryEngineThreshold" name="test_entry_engine_loads_threshold_072" time="0.032" /><testcase classname="backend.tests.test_iteration39_anti_loss_package.TestEntryEngineThreshold" name="test_entry_engine_loads_min_rr_ratio_30" time="0.013" /><testcase classname="backend.tests.test_iteration39_anti_loss_package.TestEntryEngineThreshold" name="test_entry_engine_loads_trained_model_min_prob_052" time="0.012" /><testcase classname="backend.tests.test_iteration39_anti_loss_package.TestEntryEngineThreshold" name="test_entry_engine_loads_trained_model_blend_030" time="0.012" /><testcase classname="backend.tests.test_iteration39_anti_loss_package.TestEntryEngineThreshold" name="test_entry_engine_loads_min_stop_atr_mult_16" time="0.012" /><testcase classname="backend.tests.test_iteration39_anti_loss_package.TestEntryEngineThreshold" name="test_entry_engine_loads_sl_buffer_atr_mult_10" time="0.012" /><testcase classname="backend.tests.test_iteration39_anti_loss_package.TestExitEngineEarlyExit" name="test_exit_engine_loads_early_exit_bars_6" time="0.009" /><testcase classname="backend.tests.test_iteration39_anti_loss_package.TestExitEngineEarlyExit" name="test_early_exit_triggers_after_6_bars_no_profit" time="0.009" /><testcase classname="backend.tests.test_iteration39_anti_loss_package.TestExitEngineEarlyExit" name="test_no_early_exit_before_6_bars" time="0.009" /><testcase classname="backend.tests.test_iteration39_anti_loss_package.TestExitEngineEarlyExit" name="test_no_early_exit_with_sufficient_profit" time="0.009" /><testcase classname="backend.tests.test_iteration39_anti_loss_package.TestRiskGuardExchangeClosed" name="test_exchange_closed_not_in_ignore_cooldown_reasons" time="0.009" /><testcase classname="backend.tests.test_iteration39_anti_loss_package.TestRiskGuardExchangeClosed" name="test_exchange_closed_not_in_ignore_consecutive_reasons" time="0.009" /><testcase classname="backend.tests.test_iteration39_anti_loss_package.TestRiskGuardExchangeClosed" name="test_early_exit_is_in_ignore_cooldown_reasons" time="0.009" /><testcase classname="backend.tests.test_iteration39_anti_loss_package.TestRiskGuardExchangeClosed" name="test_early_exit_is_in_ignore_consecutive_reasons" time="0.009" /><testcase classname="backend.tests.test_iteration39_anti_loss_package.TestRiskGuardExchangeClosed" name="test_exchange_closed_loss_triggers_cooldown" time="0.009" /><testcase classname="backend.tests.test_iteration39_anti_loss_package.TestRiskGuardExchangeClosed" name="test_exchange_closed_loss_counts_for_consecutive" time="0.009" /><testcase classname="backend.tests.test_iteration39_anti_loss_package.TestRiskGuardExchangeClosed" name="test_early_exit_loss_does_not_trigger_cooldown" time="0.009" /><testcase classname="backend.tests.test_iteration39_anti_loss_package.TestTrailingStopLogging" name="test_trail_activated_log_present_in_exit_engine" time="0.000" /><testcase classname="backend.tests.test_iteration39_anti_loss_package.TestTrailingStopLogging" name="test_trail_move_log_present_in_exit_engine" time="0.000" /><testcase classname="backend.tests.test_iteration39_anti_loss_package.TestTrailingStopLogging" name="test_trail_activated_log_for_long" time="0.000" /><testcase classname="backend.tests.test_iteration39_anti_loss_package.TestTrailingStopLogging" name="test_trail_activated_log_for_short" time="0.000" /><testcase classname="backend.tests.test_iteration39_anti_loss_package.TestTrailingStopLogging" name="test_trail_move_log_includes_r_multiple" time="0.000" /><testcase classname="backend.tests.test_iteration39_anti_loss_package.TestMainPyQualityGateAndTrailing" name="test_quality_gate_log_present_in_main" time="0.000" /><testcase classname="backend.tests.test_iteration39_anti_loss_package.TestMainPyQualityGateAndTrailing" name="test_quality_gate_log_shows_reject_no_zone" time="0.000" /><testcase classname="backend.tests.test_iteration39_anti_loss_package.TestMainPyQualityGateAndTrailing" name="test_trail_diagnostic_log_present_in_main" time="0.000" /><testcase classname="backend.tests.test_iteration39_anti_loss_package.TestMainPyQualityGateAndTrailing" name="test_trail_diagnostic_includes_r_multiple" time="0.000" /><testcase classname="backend.tests.test_iteration39_anti_loss_package.TestMainPyQualityGateAndTrailing" name="test_trail_diagnostic_includes_trail_active" time="0.000" /><testcase classname="backend.tests.test_iteration39_anti_loss_package.TestQualityGateRejectNoZone" name="test_config_has_reject_no_zone_entries_true" time="0.009" /><testcase classname="backend.tests.test_iteration39_anti_loss_package.TestQualityGateRejectNoZone" name="test_config_has_quality_gate_enabled" time="0.009" /><testcase classname="backend.tests.test_iteration39_anti_loss_package.TestQualityGateRejectNoZone" name="test_quality_gate_check_is_outside_signal_only_block" time="0.000" /><testcase classname="backend.tests.test_iteration39_anti_loss_package.TestAntiLossIntegration" name="test_all_anti_loss_config_values_summary" time="0.009" /><testcase classname="backend.tests.test_iteration39_anti_loss_package.TestAntiLossIntegration" name="test_entry_engine_with_config_values" time="0.013" /><testcase classname="backend.tests.test_iteration39_anti_loss_package.TestAntiLossIntegration" name="test_exit_engine_with_config_values" time="0.009" /><testcase classname="backend.tests.test_iteration39_anti_loss_package.TestAntiLossIntegration" name="test_risk_guard_with_config_values" time="0.009" /></testsuite></testsuites>