<?xml version="1.0" encoding="utf-8"?><testsuites name="pytest tests"><testsuite name="pytest" errors="0" failures="5" skipped="0" tests="504" time="6.427" timestamp="2026-03-20T10:10:29.366521+00:00" hostname="agent-env-036b33ef-8625-452c-9def-192519f35e6f"><testcase classname="backend.tests.test_ai_analyzer_bias_prevention_iteration20.TestConfigValues" name="test_require_direction_match_is_true" time="0.009" /><testcase classname="backend.tests.test_ai_analyzer_bias_prevention_iteration20.TestConfigValues" name="test_uniformity_guard_enabled_is_true" time="0.008" /><testcase classname="backend.tests.test_ai_analyzer_bias_prevention_iteration20.TestConfigValues" name="test_uniformity_window_is_8" time="0.008" /><testcase classname="backend.tests.test_ai_analyzer_bias_prevention_iteration20.TestConfigValues" name="test_uniformity_conf_spread_max_is_3" time="0.008" /><testcase classname="backend.tests.test_ai_analyzer_bias_prevention_iteration20.TestConfigValues" name="test_ai_enabled_is_true" time="0.008" /><testcase classname="backend.tests.test_ai_analyzer_bias_prevention_iteration20.TestConfigValues" name="test_ai_min_confidence_is_55" time="0.008" /><testcase classname="backend.tests.test_ai_analyzer_bias_prevention_iteration20.TestConfigValues" name="test_ai_fail_open_is_false" time="0.008" /><testcase classname="backend.tests.test_ai_analyzer_bias_prevention_iteration20.TestDirectionMismatch" name="test_buy_vs_sell_detected" time="0.000" /><testcase classname="backend.tests.test_ai_analyzer_bias_prevention_iteration20.TestDirectionMismatch" name="test_sell_vs_buy_detected" time="0.000" /><testcase classname="backend.tests.test_ai_analyzer_bias_prevention_iteration20.TestDirectionMismatch" name="test_buy_aligned_not_detected" time="0.000" /><testcase classname="backend.tests.test_ai_analyzer_bias_prevention_iteration20.TestDirectionMismatch" name="test_sell_aligned_not_detected" time="0.000" /><testcase classname="backend.tests.test_ai_analyzer_bias_prevention_iteration20.TestDirectionMismatch" name="test_wait_ai_decision_not_mismatch" time="0.000" /><testcase classname="backend.tests.test_ai_analyzer_bias_prevention_iteration20.TestDirectionMismatch" name="test_neutral_proposed_not_mismatch" time="0.000" /><testcase classname="backend.tests.test_ai_analyzer_bias_prevention_iteration20.TestDirectionMismatch" name="test_case_insensitive" time="0.000" /><testcase classname="backend.tests.test_ai_analyzer_bias_prevention_iteration20.TestDirectionMismatch" name="test_none_values_handled" time="0.000" /><testcase classname="backend.tests.test_ai_analyzer_bias_prevention_iteration20.TestUniformBiasDetection" name="test_repeated_sell_85_detected" time="0.000" /><testcase classname="backend.tests.test_ai_analyzer_bias_prevention_iteration20.TestUniformBiasDetection" name="test_repeated_sell_near_identical_conf_detected" time="0.000" /><testcase classname="backend.tests.test_ai_analyzer_bias_prevention_iteration20.TestUniformBiasDetection" name="test_repeated_buy_near_identical_conf_detected" time="0.000" /><testcase classname="backend.tests.test_ai_analyzer_bias_prevention_iteration20.TestUniformBiasDetection" name="test_wide_confidence_spread_not_detected" time="0.000" /><testcase classname="backend.tests.test_ai_analyzer_bias_prevention_iteration20.TestUniformBiasDetection" name="test_mixed_directions_not_detected" time="0.000" /><testcase classname="backend.tests.test_ai_analyzer_bias_prevention_iteration20.TestUniformBiasDetection" name="test_not_detected_below_window_size" time="0.000" /><testcase classname="backend.tests.test_ai_analyzer_bias_prevention_iteration20.TestUniformBiasDetection" name="test_only_most_recent_window_checked" time="0.000" /><testcase classname="backend.tests.test_ai_analyzer_bias_prevention_iteration20.TestUniformBiasDetection" name="test_wait_decisions_not_recorded" time="0.000" /><testcase classname="backend.tests.test_ai_analyzer_bias_prevention_iteration20.TestUniformBiasDetection" name="test_guard_disabled_returns_false" time="0.000" /><testcase classname="backend.tests.test_ai_analyzer_bias_prevention_iteration20.TestMainPyWiring" name="test_main_py_has_require_direction_match_wiring" time="0.000" /><testcase classname="backend.tests.test_ai_analyzer_bias_prevention_iteration20.TestMainPyWiring" name="test_main_py_has_uniformity_guard_enabled_wiring" time="0.000" /><testcase classname="backend.tests.test_ai_analyzer_bias_prevention_iteration20.TestMainPyWiring" name="test_main_py_has_uniformity_window_wiring" time="0.000" /><testcase classname="backend.tests.test_ai_analyzer_bias_prevention_iteration20.TestMainPyWiring" name="test_main_py_has_uniformity_conf_spread_max_wiring" time="0.000" /><testcase classname="backend.tests.test_ai_analyzer_bias_prevention_iteration20.TestAnalyzerMethodsExist" name="test_analyzer_has_require_direction_match_attr" time="0.000" /><testcase classname="backend.tests.test_ai_analyzer_bias_prevention_iteration20.TestAnalyzerMethodsExist" name="test_analyzer_has_uniformity_guard_enabled_attr" time="0.000" /><testcase classname="backend.tests.test_ai_analyzer_bias_prevention_iteration20.TestAnalyzerMethodsExist" name="test_analyzer_has_uniformity_window_attr" time="0.000" /><testcase classname="backend.tests.test_ai_analyzer_bias_prevention_iteration20.TestAnalyzerMethodsExist" name="test_analyzer_has_uniformity_conf_spread_max_attr" time="0.000" /><testcase classname="backend.tests.test_ai_analyzer_bias_prevention_iteration20.TestAnalyzerMethodsExist" name="test_analyzer_has_recent_ai_deque" time="0.000" /><testcase classname="backend.tests.test_ai_analyzer_bias_prevention_iteration20.TestAnalyzerMethodsExist" name="test_analyzer_has_direction_mismatch_method" time="0.000" /><testcase classname="backend.tests.test_ai_analyzer_bias_prevention_iteration20.TestAnalyzerMethodsExist" name="test_analyzer_has_record_ai_output_method" time="0.000" /><testcase classname="backend.tests.test_ai_analyzer_bias_prevention_iteration20.TestAnalyzerMethodsExist" name="test_analyzer_has_uniform_bias_detected_method" time="0.000" /><testcase classname="backend.tests.test_ai_analyzer_bias_prevention_iteration20.TestPreventsSellBiasScenario" name="test_direction_mismatch_prevents_wrong_direction_entry" time="0.000" /><testcase classname="backend.tests.test_ai_analyzer_bias_prevention_iteration20.TestPreventsSellBiasScenario" name="test_uniformity_guard_prevents_repeated_pattern" time="0.000" /><testcase classname="backend.tests.test_ai_analyzer_bias_prevention_iteration20.TestPreventsSellBiasScenario" name="test_healthy_ai_variance_allowed" time="0.000" /><testcase classname="backend.tests.test_ai_analyzer_bias_prevention_iteration20.TestPreventsSellBiasScenario" name="test_aligned_directions_with_varied_confidence_allowed" time="0.000" /><testcase classname="backend.tests.test_ai_analyzer_bias_prevention_iteration20.TestEdgeCases" name="test_confidence_exactly_at_spread_boundary" time="0.000" /><testcase classname="backend.tests.test_ai_analyzer_bias_prevention_iteration20.TestEdgeCases" name="test_confidence_just_over_spread_boundary" time="0.000" /><testcase classname="backend.tests.test_ai_analyzer_bias_prevention_iteration20.TestEdgeCases" name="test_window_size_1_not_useful" time="0.000" /><testcase classname="backend.tests.test_ai_analyzer_bias_prevention_iteration20.TestEdgeCases" name="test_zero_confidence_recorded" time="0.000" /><testcase classname="backend.tests.test_ai_analyzer_bias_prevention_iteration20.TestEdgeCases" name="test_100_confidence_recorded" time="0.000" /><testcase classname="backend.tests.test_ai_analyzer_bias_prevention_iteration20.TestDefaultValues" name="test_default_require_direction_match" time="0.000" /><testcase classname="backend.tests.test_ai_analyzer_bias_prevention_iteration20.TestDefaultValues" name="test_default_uniformity_guard_enabled" time="0.000" /><testcase classname="backend.tests.test_ai_analyzer_bias_prevention_iteration20.TestDefaultValues" name="test_default_uniformity_window" time="0.000" /><testcase classname="backend.tests.test_ai_analyzer_bias_prevention_iteration20.TestDefaultValues" name="test_default_uniformity_conf_spread_max" time="0.000" /><testcase classname="backend.tests.test_ai_analyzer_direction_uniformity" name="test_direction_mismatch_detected_buy_vs_sell" time="0.000" /><testcase classname="backend.tests.test_ai_analyzer_direction_uniformity" name="test_direction_mismatch_not_detected_when_aligned" time="0.000" /><testcase classname="backend.tests.test_ai_analyzer_direction_uniformity" name="test_direction_mismatch_ignores_wait_or_neutral" time="0.000" /><testcase classname="backend.tests.test_ai_analyzer_direction_uniformity" name="test_uniform_bias_detected_same_side_and_near_confidence" time="0.000" /><testcase classname="backend.tests.test_ai_analyzer_direction_uniformity" name="test_uniform_bias_not_detected_when_confidence_spread_wide" time="0.000" /><testcase classname="backend.tests.test_ai_analyzer_direction_uniformity" name="test_uniform_bias_not_detected_when_mixed_directions" time="0.000" /><testcase classname="backend.tests.test_directional_heatmap_fallback.TestDirectionalHeatmapFallbackLogic" name="test_bullish_market_creates_upside_target" time="0.009" /><testcase classname="backend.tests.test_directional_heatmap_fallback.TestDirectionalHeatmapFallbackLogic" name="test_bearish_market_creates_downside_target" time="0.009" /><testcase classname="backend.tests.test_directional_heatmap_fallback.TestDirectionalHeatmapFallbackLogic" name="test_neutral_market_returns_empty_analysis" time="0.009" /><testcase classname="backend.tests.test_directional_heatmap_fallback.TestDirectionalHeatmapFallbackLogic" name="test_orderflow_can_break_tie" time="0.009" /><testcase classname="backend.tests.test_directional_heatmap_fallback.TestDirectionalHeatmapFallbackLogic" name="test_htf_trend_vote_counts" time="0.008" /><testcase classname="backend.tests.test_directional_heatmap_fallback.TestDirectionalHeatmapFallbackLogic" name="test_zero_price_returns_neutral" time="0.009" /><testcase classname="backend.tests.test_directional_heatmap_fallback.TestDirectionalHeatmapFallbackLogic" name="test_negative_price_returns_neutral" time="0.009" /><testcase classname="backend.tests.test_directional_heatmap_fallback.TestDirectionalHeatmapFallbackLogic" name="test_fallback_uses_atr_for_distance" time="0.009" /><testcase classname="backend.tests.test_directional_heatmap_fallback.TestDirectionalHeatmapFallbackLogic" name="test_fallback_uses_min_distance_when_atr_small" time="0.009" /><testcase classname="backend.tests.test_directional_heatmap_fallback.TestDirectionalHeatmapFallbackLogic" name="test_fallback_with_zero_atr_uses_default" time="0.009" /><testcase classname="backend.tests.test_directional_heatmap_fallback.TestDirectionalHeatmapFallbackLogic" name="test_bearish_target_never_goes_negative" time="0.009" /><testcase classname="backend.tests.test_directional_heatmap_fallback.TestDirectionalHeatmapFallbackLogic" name="test_cluster_has_proper_attributes" time="0.009" /><testcase classname="backend.tests.test_directional_heatmap_fallback.TestDirectionalFallbackIntegration" name="test_manage_positions_uses_directional_fallback" time="0.009" /><testcase classname="backend.tests.test_directional_heatmap_fallback.TestDirectionalFallbackIntegration" name="test_analyze_symbol_uses_directional_fallback" time="0.011" /><testcase classname="backend.tests.test_directional_heatmap_fallback.TestNoRegressions" name="test_profit_drawdown_guard_still_works" time="0.009" /><testcase classname="backend.tests.test_directional_heatmap_fallback.TestNoRegressions" name="test_basket_profit_guard_still_works" time="0.008" /><testcase classname="backend.tests.test_directional_heatmap_fallback.TestNoRegressions" name="test_manual_position_logic_intact" time="0.008" /><testcase classname="backend.tests.test_directional_heatmap_fallback.TestNoRegressions" name="test_portfolio_tp_disabled_by_default" time="0.008" /><testcase classname="backend.tests.test_directional_heatmap_fallback.TestNoRegressions" name="test_synthetic_heatmap_still_used_first" time="0.009" /><testcase classname="backend.tests.test_directional_heatmap_fallback.TestNoRegressions" name="test_live_liquidation_events_preferred" time="0.009" /><testcase classname="backend.tests.test_entry_engine_sl_and_antichase_iteration18.TestConfigIteration18" name="test_entry_threshold_is_0_62" time="0.008" /><testcase classname="backend.tests.test_entry_engine_sl_and_antichase_iteration18.TestConfigIteration18" name="test_trained_model_disabled" time="0.008" /><testcase classname="backend.tests.test_entry_engine_sl_and_antichase_iteration18.TestConfigIteration18" name="test_min_stop_atr_mult_present" time="0.011" /><testcase classname="backend.tests.test_entry_engine_sl_and_antichase_iteration18.TestConfigIteration18" name="test_max_entry_extension_atr_present" time="0.008" /><testcase classname="backend.tests.test_entry_engine_sl_and_antichase_iteration18.TestConfigIteration18" name="test_entry_range_atr_mult_present" time="0.010" /><testcase classname="backend.tests.test_entry_engine_sl_and_antichase_iteration18.TestSLFloor" name="test_sl_floor_applied_when_sl_too_tight" time="0.000" /><testcase classname="backend.tests.test_entry_engine_sl_and_antichase_iteration18.TestSLFloor" name="test_sl_floor_not_applied_when_sl_already_wide" time="0.000" /><testcase classname="backend.tests.test_entry_engine_sl_and_antichase_iteration18.TestSLFloor" name="test_sl_floor_works_for_shorts" time="0.000" /><testcase classname="backend.tests.test_entry_engine_sl_and_antichase_iteration18.TestSLFloor" name="test_engine_loads_min_stop_atr_mult_from_config" time="0.000" /><testcase classname="backend.tests.test_entry_engine_sl_and_antichase_iteration18.TestAntiChaseReject" name="test_rejects_long_entry_too_extended_from_zone" time="0.000" /><testcase classname="backend.tests.test_entry_engine_sl_and_antichase_iteration18.TestAntiChaseReject" name="test_accepts_long_entry_within_extension_limit" time="0.000" /><testcase classname="backend.tests.test_entry_engine_sl_and_antichase_iteration18.TestAntiChaseReject" name="test_rejects_short_entry_too_extended_from_zone" time="0.000" /><testcase classname="backend.tests.test_entry_engine_sl_and_antichase_iteration18.TestAntiChaseReject" name="test_extension_atr_in_reject_metadata" time="0.000" /><testcase classname="backend.tests.test_entry_engine_sl_and_antichase_iteration18.TestAntiChaseReject" name="test_engine_loads_max_entry_extension_atr_from_config" time="0.000" /><testcase classname="backend.tests.test_entry_engine_sl_and_antichase_iteration18.TestMetadataFields" name="test_entry_range_low_in_metadata" time="0.000" /><testcase classname="backend.tests.test_entry_engine_sl_and_antichase_iteration18.TestMetadataFields" name="test_entry_range_high_in_metadata" time="0.000" /><testcase classname="backend.tests.test_entry_engine_sl_and_antichase_iteration18.TestMetadataFields" name="test_entry_range_for_long_is_below_current_price" time="0.000" /><testcase classname="backend.tests.test_entry_engine_sl_and_antichase_iteration18.TestMetadataFields" name="test_entry_range_for_short_is_above_current_price" time="0.000" /><testcase classname="backend.tests.test_entry_engine_sl_and_antichase_iteration18.TestMetadataFields" name="test_smc_score_in_metadata" time="0.000" /><testcase classname="backend.tests.test_entry_engine_sl_and_antichase_iteration18.TestMetadataFields" name="test_smc_score_equals_composite_score" time="0.000" /><testcase classname="backend.tests.test_entry_engine_sl_and_antichase_iteration18.TestMetadataFields" name="test_entry_range_uses_atr_multiplier" time="0.000" /><testcase classname="backend.tests.test_entry_engine_sl_and_antichase_iteration18.TestTelegramEntryRange" name="test_main_py_telegram_message_has_entry_range" time="0.000" /><testcase classname="backend.tests.test_entry_engine_sl_and_antichase_iteration18.TestTelegramEntryRange" name="test_telegram_message_structure" time="0.000" /><testcase classname="backend.tests.test_entry_engine_sl_and_antichase_iteration18.TestEngineInitialization" name="test_entry_threshold_loaded" time="0.000" /><testcase classname="backend.tests.test_entry_engine_sl_and_antichase_iteration18.TestEngineInitialization" name="test_min_stop_atr_mult_loaded" time="0.000" /><testcase classname="backend.tests.test_entry_engine_sl_and_antichase_iteration18.TestEngineInitialization" name="test_max_entry_extension_atr_loaded" time="0.000" /><testcase classname="backend.tests.test_entry_engine_sl_and_antichase_iteration18.TestEngineInitialization" name="test_entry_range_atr_mult_loaded" time="0.000" /><testcase classname="backend.tests.test_entry_engine_sl_and_antichase_iteration18.TestEngineInitialization" name="test_trained_model_enabled_loaded" time="0.000" /><testcase classname="backend.tests.test_entry_engine_sl_and_antichase_iteration18.TestEngineInitialization" name="test_trained_model_min_prob_loaded" time="0.000" /><testcase classname="backend.tests.test_entry_engine_sl_and_antichase_iteration18.TestSLDistanceValidation" name="test_sl_uses_max_of_pct_and_atr_floor" time="0.000" /><testcase classname="backend.tests.test_entry_engine_sl_and_antichase_iteration18.TestSLDistanceValidation" name="test_sl_validates_long_not_above_entry" time="0.000" /><testcase classname="backend.tests.test_entry_engine_sl_and_antichase_iteration18.TestSLDistanceValidation" name="test_sl_validates_short_not_below_entry" time="0.000" /><testcase classname="backend.tests.test_entry_engine_v6.TestWeightedScoring" name="test_all_signals_aligned_bull_enters" time="0.000" /><testcase classname="backend.tests.test_entry_engine_v6.TestWeightedScoring" name="test_all_signals_aligned_bear_enters" time="0.000" /><testcase classname="backend.tests.test_entry_engine_v6.TestWeightedScoring" name="test_conflicting_signals_below_threshold" time="0.000" /><testcase classname="backend.tests.test_entry_engine_v6.TestWeightedScoring" name="test_score_breakdown_in_metadata" time="0.000" /><testcase classname="backend.tests.test_entry_engine_v6.TestWeightedScoring" name="test_neutral_trend_can_still_trade" time="0.000" /><testcase classname="backend.tests.test_entry_engine_v6.TestWeightedScoring" name="test_rr_still_hard_requirement" time="0.000" /><testcase classname="backend.tests.test_entry_engine_v6.TestTransformerCalibration" name="test_no_100_percent_probability" time="0.000" /><testcase classname="backend.tests.test_entry_engine_v6.TestTransformerCalibration" name="test_calibration_preserves_ordering" time="0.000" /><testcase classname="backend.tests.test_entry_engine_v6.TestTransformerCalibration" name="test_calibrated_probs_sum_to_one" time="0.000" /><testcase classname="backend.tests.test_entry_engine_v6.TestOrderflowInScoring" name="test_strong_bullish_imbalance_boosts_score" time="0.000" /><testcase classname="backend.tests.test_entry_engine_v6.TestOrderflowInScoring" name="test_bearish_imbalance_on_bullish_trend_lowers_score" time="0.000" /><testcase classname="backend.tests.test_entry_engine_v6.TestOrderflowInScoring" name="test_uses_normalized_not_raw_ratio" time="0.000" /><testcase classname="backend.tests.test_entry_engine_v6.TestConfigV6" name="test_entry_threshold_in_config" time="0.008" /><testcase classname="backend.tests.test_entry_engine_v6.TestConfigV6" name="test_trade_symbols_25" time="0.008" /><testcase classname="backend.tests.test_entry_engine_v6.TestConfigV6" name="test_rr_ratio_at_least_2" time="0.008" /><testcase classname="backend.tests.test_entry_engine_v6.TestConfigV6" name="test_early_exit_still_zero" time="0.008" /><testcase classname="backend.tests.test_liquidation_heatmap_adaptive.TestAdaptiveClusterStep" name="test_cluster_step_high_price_btc" time="0.000" /><testcase classname="backend.tests.test_liquidation_heatmap_adaptive.TestAdaptiveClusterStep" name="test_cluster_step_mid_price_eth" time="0.000" /><testcase classname="backend.tests.test_liquidation_heatmap_adaptive.TestAdaptiveClusterStep" name="test_cluster_step_price_100_to_1000" time="0.000" /><testcase classname="backend.tests.test_liquidation_heatmap_adaptive.TestAdaptiveClusterStep" name="test_cluster_step_price_10_to_100" time="0.000" /><testcase classname="backend.tests.test_liquidation_heatmap_adaptive.TestAdaptiveClusterStep" name="test_cluster_step_low_price_1_to_10" time="0.000" /><testcase classname="backend.tests.test_liquidation_heatmap_adaptive.TestAdaptiveClusterStep" name="test_cluster_step_very_low_price_0_1_to_1" time="0.000" /><testcase classname="backend.tests.test_liquidation_heatmap_adaptive.TestAdaptiveClusterStep" name="test_cluster_step_ultra_low_price_below_0_1" time="0.000" /><testcase classname="backend.tests.test_liquidation_heatmap_adaptive.TestAdaptiveClusterStep" name="test_cluster_step_boundary_at_10" time="0.000" /><testcase classname="backend.tests.test_liquidation_heatmap_adaptive.TestAdaptiveClusterStep" name="test_cluster_step_boundary_at_1" time="0.000" /><testcase classname="backend.tests.test_liquidation_heatmap_adaptive.TestLowPriceSymbolHeatmap" name="test_low_price_symbol_clusters_properly" time="0.000" /><testcase classname="backend.tests.test_liquidation_heatmap_adaptive.TestLowPriceSymbolHeatmap" name="test_low_price_symbol_no_events_returns_neutral" time="0.000" /><testcase classname="backend.tests.test_liquidation_heatmap_adaptive.TestLowPriceSymbolHeatmap" name="test_low_price_symbol_bearish_magnet" time="0.000" /><testcase classname="backend.tests.test_liquidation_heatmap_adaptive.TestSyntheticHeatmapFallback" name="test_synthetic_fallback_provides_target_when_no_live_events" time="0.009" /><testcase classname="backend.tests.test_liquidation_heatmap_adaptive.TestSyntheticHeatmapFallback" name="test_quasi_liquidation_builds_leverage_zones" time="0.009" /><testcase classname="backend.tests.test_liquidation_heatmap_adaptive.TestSyntheticHeatmapFallback" name="test_quasi_liquidation_uses_recent_candles" time="0.008" /><testcase classname="backend.tests.test_liquidation_heatmap_adaptive.TestSyntheticHeatmapFallback" name="test_live_events_preferred_over_synthetic" time="0.009" /><testcase classname="backend.tests.test_liquidation_heatmap_adaptive.TestAnalyzeSymbolNoLongerBlocks" name="test_analyze_symbol_uses_synthetic_fallback_for_low_price" time="0.117" /><testcase classname="backend.tests.test_liquidation_heatmap_adaptive.TestHighPriceHeatmapNoRegression" name="test_btc_heatmap_still_works" time="0.000" /><testcase classname="backend.tests.test_liquidation_heatmap_adaptive.TestHighPriceHeatmapNoRegression" name="test_eth_heatmap_still_works" time="0.000" /><testcase classname="backend.tests.test_liquidation_heatmap_adaptive.TestEdgeCases" name="test_zero_price_returns_neutral" time="0.000" /><testcase classname="backend.tests.test_liquidation_heatmap_adaptive.TestEdgeCases" name="test_events_with_zero_price_ignored" time="0.000" /><testcase classname="backend.tests.test_liquidation_heatmap_adaptive.TestEdgeCases" name="test_events_with_zero_size_ignored" time="0.000" /><testcase classname="backend.tests.test_lynusdt_hotfix_iteration19.TestConfigHotfixValues" name="test_min_expected_edge_is_0_68" time="0.000" /><testcase classname="backend.tests.test_lynusdt_hotfix_iteration19.TestConfigHotfixValues" name="test_anti_flat_min_abs_imbalance_is_0_10" time="0.000" /><testcase classname="backend.tests.test_lynusdt_hotfix_iteration19.TestConfigHotfixValues" name="test_countertrend_min_confidence_is_0_82" time="0.000" /><testcase classname="backend.tests.test_lynusdt_hotfix_iteration19.TestConfigHotfixValues" name="test_countertrend_min_abs_imbalance_is_0_20" time="0.000" /><testcase classname="backend.tests.test_lynusdt_hotfix_iteration19.TestConfigHotfixValues" name="test_no_zone_min_confidence_is_0_84" time="0.000" /><testcase classname="backend.tests.test_lynusdt_hotfix_iteration19.TestConfigHotfixValues" name="test_lynusdt_not_in_blacklist" time="0.000" /><testcase classname="backend.tests.test_lynusdt_hotfix_iteration19.TestSoftCountertrendFilter" name="test_rejects_sell_against_bullish_4h_with_low_confidence" time="0.000" /><testcase classname="backend.tests.test_lynusdt_hotfix_iteration19.TestSoftCountertrendFilter" name="test_rejects_sell_against_bullish_4h_with_weak_imbalance" time="0.000" /><testcase classname="backend.tests.test_lynusdt_hotfix_iteration19.TestSoftCountertrendFilter" name="test_allows_sell_against_bullish_4h_with_high_conf_and_strong_imbalance" time="0.000" /><testcase classname="backend.tests.test_lynusdt_hotfix_iteration19.TestSoftCountertrendFilter" name="test_rejects_buy_against_bearish_4h_with_low_confidence" time="0.000" /><testcase classname="backend.tests.test_lynusdt_hotfix_iteration19.TestSoftCountertrendFilter" name="test_allows_buy_against_bearish_4h_with_high_conf_and_strong_imbalance" time="0.000" /><testcase classname="backend.tests.test_lynusdt_hotfix_iteration19.TestSoftCountertrendFilter" name="test_no_countertrend_filter_when_4h_trend_neutral" time="0.000" /><testcase classname="backend.tests.test_lynusdt_hotfix_iteration19.TestSoftCountertrendFilter" name="test_no_countertrend_filter_for_trend_aligned_trade" time="0.000" /><testcase classname="backend.tests.test_lynusdt_hotfix_iteration19.TestNoZoneElevatedConfidenceFilter" name="test_rejects_no_zone_with_low_confidence" time="0.000" /><testcase classname="backend.tests.test_lynusdt_hotfix_iteration19.TestNoZoneElevatedConfidenceFilter" name="test_allows_no_zone_with_high_confidence" time="0.000" /><testcase classname="backend.tests.test_lynusdt_hotfix_iteration19.TestNoZoneElevatedConfidenceFilter" name="test_allows_valid_zone_with_lower_confidence" time="0.000" /><testcase classname="backend.tests.test_lynusdt_hotfix_iteration19.TestNoZoneElevatedConfidenceFilter" name="test_no_zone_boundary_at_0_84" time="0.000" /><testcase classname="backend.tests.test_lynusdt_hotfix_iteration19.TestExpectedEdgeThreshold068" name="test_rejects_expected_edge_below_0_68" time="0.000" /><testcase classname="backend.tests.test_lynusdt_hotfix_iteration19.TestExpectedEdgeThreshold068" name="test_passes_expected_edge_at_0_68" time="0.000" /><testcase classname="backend.tests.test_lynusdt_hotfix_iteration19.TestExpectedEdgeThreshold068" name="test_expected_edge_formula_correct" time="0.000" /><testcase classname="backend.tests.test_lynusdt_hotfix_iteration19.TestTightenedImbalanceThreshold" name="test_rejects_imbalance_below_0_10" time="0.000" /><testcase classname="backend.tests.test_lynusdt_hotfix_iteration19.TestTightenedImbalanceThreshold" name="test_passes_imbalance_at_0_10" time="0.000" /><testcase classname="backend.tests.test_lynusdt_hotfix_iteration19.TestTightenedImbalanceThreshold" name="test_negative_imbalance_uses_absolute_value" time="0.000" /><testcase classname="backend.tests.test_lynusdt_hotfix_iteration19.TestLynusdtScenarioSimulation" name="test_weak_lynusdt_sell_rejected" time="0.000" /><testcase classname="backend.tests.test_lynusdt_hotfix_iteration19.TestLynusdtScenarioSimulation" name="test_strong_lynusdt_sell_allowed" time="0.000" /><testcase classname="backend.tests.test_lynusdt_hotfix_iteration19.TestFilterOrderRegression" name="test_confidence_checked_first" time="0.000" /><testcase classname="backend.tests.test_lynusdt_hotfix_iteration19.TestFilterOrderRegression" name="test_countertrend_checked_before_no_zone" time="0.000" /><testcase classname="backend.tests.test_lynusdt_hotfix_iteration19.TestFilterOrderRegression" name="test_no_zone_checked_before_expected_edge" time="0.000" /><testcase classname="backend.tests.test_lynusdt_hotfix_iteration19.TestStandardFiltersRegression" name="test_chop_regime_still_rejected" time="0.001" /><testcase classname="backend.tests.test_lynusdt_hotfix_iteration19.TestStandardFiltersRegression" name="test_low_adx_still_rejected" time="0.000" /><testcase classname="backend.tests.test_lynusdt_hotfix_iteration19.TestStandardFiltersRegression" name="test_low_atr_pct_still_rejected" time="0.000" /><testcase classname="backend.tests.test_lynusdt_hotfix_iteration19.TestStandardFiltersRegression" name="test_strong_signal_passes_all_checks" time="0.000" /><testcase classname="backend.tests.test_mtf_and_retrain_dataset_iteration21" name="test_zone_matches_side_for_long_and_short" time="0.000" /><testcase classname="backend.tests.test_mtf_and_retrain_dataset_iteration21" name="test_build_retrain_dataset_merges_and_filters_quality_feedback" time="0.002" /><testcase classname="backend.tests.test_p0_fixes.TestRiskGuardEmergencyReset" name="test_reset_guard_clears_emergency" time="0.000" /><testcase classname="backend.tests.test_p0_fixes.TestRiskGuardEmergencyReset" name="test_resume_clears_emergency" time="0.000" /><testcase classname="backend.tests.test_p0_fixes.TestRiskGuardEmergencyReset" name="test_resume_clears_stopped_status" time="0.000" /><testcase classname="backend.tests.test_p0_fixes.TestRiskGuardEmergencyReset" name="test_reset_clears_consecutive_losses" time="0.000" /><testcase classname="backend.tests.test_p0_fixes.TestTelegramStartBotResumesGuard" name="test_start_bot_clears_emergency" time="0.000" /><testcase classname="backend.tests.test_p0_fixes.TestBybitClientThrottling" name="test_bybit_has_request_lock" time="0.000" /><testcase classname="backend.tests.test_p0_fixes.TestBybitClientThrottling" name="test_bybit_has_rate_limit_intervals" time="0.000" /><testcase classname="backend.tests.test_p0_fixes.TestBybitClientThrottling" name="test_bybit_has_respect_rate_limit_method" time="0.000" /><testcase classname="backend.tests.test_p0_fixes.TestBybitClientThrottling" name="test_bybit_has_last_request_timestamps" time="0.000" /><testcase classname="backend.tests.test_p0_fixes.TestBybitClientThrottling" name="test_bybit_request_has_retries" time="0.000" /><testcase classname="backend.tests.test_p0_fixes.TestConfigCautiousDefaults" name="test_entry_transformer_threshold_cautious" time="0.008" /><testcase classname="backend.tests.test_p0_fixes.TestConfigCautiousDefaults" name="test_entry_max_liq_distance_reasonable" time="0.008" /><testcase classname="backend.tests.test_p0_fixes.TestConfigCautiousDefaults" name="test_entry_min_orderflow_imbalance_reasonable" time="0.008" /><testcase classname="backend.tests.test_p0_fixes.TestConfigCautiousDefaults" name="test_atr_min_pct_allows_trades" time="0.008" /><testcase classname="backend.tests.test_p0_fixes.TestConfigCautiousDefaults" name="test_market_trade_symbols_count" time="0.008" /><testcase classname="backend.tests.test_p0_fixes.TestConfigCautiousDefaults" name="test_ai_min_confidence_reasonable" time="0.008" /><testcase classname="backend.tests.test_p0_fixes.TestPortfolioTPDisabledByDefault" name="test_portfolio_tp_disabled_in_config" time="0.008" /><testcase classname="backend.tests.test_p0_fixes.TestPortfolioTPDisabledByDefault" name="test_portfolio_tp_requires_two_positions" time="0.009" /><testcase classname="backend.tests.test_p0_fixes.TestPortfolioTPDisabledByDefault" name="test_portfolio_tp_bot_initialization_disabled" time="0.008" /><testcase classname="backend.tests.test_p0_fixes.TestBasketProfitGuard" name="test_basket_profit_guard_enabled_in_config" time="0.008" /><testcase classname="backend.tests.test_p0_fixes.TestBasketProfitGuard" name="test_basket_profit_guard_drawdown_threshold" time="0.008" /><testcase classname="backend.tests.test_p0_fixes.TestBasketProfitGuard" name="test_basket_profit_guard_has_15min_timer" time="0.008" /><testcase classname="backend.tests.test_p0_fixes.TestBasketProfitGuard" name="test_basket_profit_guard_closes_basket_on_drawdown" time="0.009" /><testcase classname="backend.tests.test_p0_fixes.TestBasketProfitGuard" name="test_basket_profit_guard_does_not_close_without_negative" time="0.009" /><testcase classname="backend.tests.test_p0_fixes.TestManualPositionBehavior" name="test_manual_position_preserves_existing_tp" time="0.243" /><testcase classname="backend.tests.test_p0_fixes.TestManualPositionBehavior" name="test_manual_position_avoids_early_exit" time="0.000" /><testcase classname="backend.tests.test_p0_fixes.TestManualPositionBehavior" name="test_bot_position_can_early_exit" time="0.000" /><testcase classname="backend.tests.test_p0_fixes.TestManualPositionBehavior" name="test_manual_rl_disabled_by_default" time="0.009" /><testcase classname="backend.tests.test_p0_fixes.TestOrchestrationNoRegressions" name="test_bot_initialization_succeeds" time="0.008" /><testcase classname="backend.tests.test_p0_fixes.TestOrchestrationNoRegressions" name="test_controls_emergency_flag_behavior" time="0.008" /><testcase classname="backend.tests.test_p0_fixes.TestOrchestrationNoRegressions" name="test_can_trade_respects_emergency" time="0.000" /><testcase classname="backend.tests.test_p0_fixes.TestOrchestrationNoRegressions" name="test_basket_profit_state_resets_on_close_all" time="0.009" /><testcase classname="backend.tests.test_profit_drawdown_guard.TestProfitDrawdownGuardConfig" name="test_config_has_profit_drawdown_guard_section" time="0.008" /><testcase classname="backend.tests.test_profit_drawdown_guard.TestProfitDrawdownGuardConfig" name="test_trading_bot_has_profit_drawdown_guard_params" time="0.008" /><testcase classname="backend.tests.test_profit_drawdown_guard.TestProfitDrawdownGuardArmingRule" name="test_apply_profit_drawdown_profile_long_position" time="0.008" /><testcase classname="backend.tests.test_profit_drawdown_guard.TestProfitDrawdownGuardArmingRule" name="test_apply_profit_drawdown_profile_short_position" time="0.008" /><testcase classname="backend.tests.test_profit_drawdown_guard.TestProfitDrawdownGuardArmingRule" name="test_apply_profit_drawdown_profile_preserves_higher_activation_long" time="0.008" /><testcase classname="backend.tests.test_profit_drawdown_guard.TestProfitDrawdownGuardArmingRule" name="test_apply_profit_drawdown_profile_preserves_lower_activation_short" time="0.008" /><testcase classname="backend.tests.test_profit_drawdown_guard.TestProfitDrawdownGuardActivationAndRetrace" name="test_guard_not_armed_below_3_percent" time="0.008" /><testcase classname="backend.tests.test_profit_drawdown_guard.TestProfitDrawdownGuardActivationAndRetrace" name="test_guard_arms_at_3_percent_profit" time="0.010" /><testcase classname="backend.tests.test_profit_drawdown_guard.TestProfitDrawdownGuardActivationAndRetrace" name="test_guard_tracks_peak_profit" time="0.009" /><testcase classname="backend.tests.test_profit_drawdown_guard.TestProfitDrawdownGuardActivationAndRetrace" name="test_guard_triggers_on_25_percent_retrace_from_peak" time="0.009" /><testcase classname="backend.tests.test_profit_drawdown_guard.TestProfitDrawdownGuardActivationAndRetrace" name="test_guard_does_not_trigger_if_still_rising" time="0.009" /><testcase classname="backend.tests.test_profit_drawdown_guard.TestProfitDrawdownGuardActivationAndRetrace" name="test_guard_for_short_position" time="0.009" /><testcase classname="backend.tests.test_profit_drawdown_guard.TestManualPositionsPreserveTPAndSkipEarlyExit" name="test_manual_position_external_tp_locked" time="0.243" /><testcase classname="backend.tests.test_profit_drawdown_guard.TestManualPositionsPreserveTPAndSkipEarlyExit" name="test_manual_position_skip_early_exit" time="0.000" /><testcase classname="backend.tests.test_profit_drawdown_guard.TestManualPositionsPreserveTPAndSkipEarlyExit" name="test_bot_position_can_early_exit" time="0.000" /><testcase classname="backend.tests.test_profit_drawdown_guard.TestProfitDrawdownGuardAppliedToAllPositions" name="test_apply_profile_called_for_bot_position" time="0.009" /><testcase classname="backend.tests.test_profit_drawdown_guard.TestProfitDrawdownGuardAppliedToAllPositions" name="test_apply_profile_called_for_manual_position" time="0.826" /><testcase classname="backend.tests.test_profit_drawdown_guard.TestNoRegressions" name="test_basket_profit_guard_still_works" time="0.008" /><testcase classname="backend.tests.test_profit_drawdown_guard.TestNoRegressions" name="test_portfolio_tp_still_disabled" time="0.008" /><testcase classname="backend.tests.test_profit_drawdown_guard.TestNoRegressions" name="test_position_has_profit_guard_fields" time="0.000" /><testcase classname="backend.tests.test_profit_drawdown_guard.TestNoRegressions" name="test_controls_dict_includes_profit_guard_info" time="0.000" /><testcase classname="backend.tests.test_quality_gate_iteration17.TestExpectedEdgeThresholdFilter" name="test_expected_edge_formula_without_trained_model" time="0.000" /><testcase classname="backend.tests.test_quality_gate_iteration17.TestExpectedEdgeThresholdFilter" name="test_expected_edge_formula_with_trained_model" time="0.000" /><testcase classname="backend.tests.test_quality_gate_iteration17.TestExpectedEdgeThresholdFilter" name="test_rejects_low_expected_edge" time="0.000" /><testcase classname="backend.tests.test_quality_gate_iteration17.TestExpectedEdgeThresholdFilter" name="test_passes_sufficient_expected_edge" time="0.000" /><testcase classname="backend.tests.test_quality_gate_iteration17.TestExpectedEdgeThresholdFilter" name="test_boundary_expected_edge_exactly_at_threshold" time="0.000" /><testcase classname="backend.tests.test_quality_gate_iteration17.TestAntiFlatFilters" name="test_rejects_chop_regime_when_not_allowed" time="0.000" /><testcase classname="backend.tests.test_quality_gate_iteration17.TestAntiFlatFilters" name="test_allows_chop_regime_when_enabled" time="0.000" /><testcase classname="backend.tests.test_quality_gate_iteration17.TestAntiFlatFilters" name="test_rejects_low_adx" time="0.000" /><testcase classname="backend.tests.test_quality_gate_iteration17.TestAntiFlatFilters" name="test_passes_sufficient_adx" time="0.000" /><testcase classname="backend.tests.test_quality_gate_iteration17.TestAntiFlatFilters" name="test_rejects_low_atr_pct" time="0.000" /><testcase classname="backend.tests.test_quality_gate_iteration17.TestAntiFlatFilters" name="test_passes_sufficient_atr_pct" time="0.000" /><testcase classname="backend.tests.test_quality_gate_iteration17.TestAntiFlatFilters" name="test_rejects_flat_orderflow_low_imbalance" time="0.000" /><testcase classname="backend.tests.test_quality_gate_iteration17.TestAntiFlatFilters" name="test_passes_sufficient_imbalance" time="0.000" /><testcase classname="backend.tests.test_quality_gate_iteration17.TestAntiFlatFilters" name="test_negative_imbalance_uses_absolute_value" time="0.000" /><testcase classname="backend.tests.test_quality_gate_iteration17.TestAntiFlatFilters" name="test_rejects_flat_htf_trend_when_required" time="0.000" /><testcase classname="backend.tests.test_quality_gate_iteration17.TestAntiFlatFilters" name="test_allows_flat_htf_trend_when_not_required" time="0.000" /><testcase classname="backend.tests.test_quality_gate_iteration17.TestLowConfidenceRejection" name="test_rejects_low_confidence" time="0.000" /><testcase classname="backend.tests.test_quality_gate_iteration17.TestLowConfidenceRejection" name="test_passes_sufficient_confidence" time="0.000" /><testcase classname="backend.tests.test_quality_gate_iteration17.TestLowConfidenceRejection" name="test_confidence_checked_before_anti_flat" time="0.000" /><testcase classname="backend.tests.test_quality_gate_iteration17.TestQualityGateMetadata" name="test_passed_signal_contains_expected_edge" time="0.000" /><testcase classname="backend.tests.test_quality_gate_iteration17.TestQualityGateMetadata" name="test_passed_signal_contains_symbol" time="0.000" /><testcase classname="backend.tests.test_quality_gate_iteration17.TestQualityGateMetadata" name="test_rejected_signal_still_has_expected_edge" time="0.000" /><testcase classname="backend.tests.test_quality_gate_iteration17.TestConfigDrivenBehavior" name="test_config_yaml_has_quality_gate_section" time="0.000" /><testcase classname="backend.tests.test_quality_gate_iteration17.TestConfigDrivenBehavior" name="test_config_contains_enabled_setting" time="0.000" /><testcase classname="backend.tests.test_quality_gate_iteration17.TestConfigDrivenBehavior" name="test_config_contains_min_confidence" time="0.000" /><testcase classname="backend.tests.test_quality_gate_iteration17.TestConfigDrivenBehavior" name="test_config_contains_min_expected_edge" time="0.000" /><testcase classname="backend.tests.test_quality_gate_iteration17.TestConfigDrivenBehavior" name="test_config_contains_anti_flat_settings" time="0.000" /><testcase classname="backend.tests.test_quality_gate_iteration17.TestQualityGateAppliedInSignalOnlyMode" name="test_scan_entries_checks_quality_gate_in_signal_only" time="0.000" /><testcase classname="backend.tests.test_quality_gate_iteration17.TestQualityGateAppliedInSignalOnlyMode" name="test_quality_gate_rejection_is_logged" time="0.000" /><testcase classname="backend.tests.test_quality_gate_iteration17.TestQualityGateAppliedInSignalOnlyMode" name="test_quality_gate_metadata_updated_for_passed_signals" time="0.000" /><testcase classname="backend.tests.test_quality_gate_iteration17.TestTelegramMessageContainsExpectedEdge" name="test_telegram_message_builder_has_expected_edge" time="0.000" /><testcase classname="backend.tests.test_quality_gate_iteration17.TestNoRegressionsInRelatedFeatures" name="test_signal_feedback_register_still_called" time="0.000" /><testcase classname="backend.tests.test_quality_gate_iteration17.TestNoRegressionsInRelatedFeatures" name="test_sl_validation_code_still_present" time="0.000" /><testcase classname="backend.tests.test_quality_gate_iteration17.TestNoRegressionsInRelatedFeatures" name="test_trained_model_integration_paths_exist" time="0.000" /><testcase classname="backend.tests.test_quality_gate_iteration17.TestNoRegressionsInRelatedFeatures" name="test_feedback_loop_enabled_check_exists" time="0.000" /><testcase classname="backend.tests.test_quality_gate_iteration17.TestQualityGateDisabledBehavior" name="test_quality_gate_disabled_skips_anti_flat_checks" time="0.000" /><testcase classname="backend.tests.test_quality_gate_iteration17.TestEdgeCasesAndBoundaryConditions" name="test_zero_confidence_rejected" time="0.000" /><testcase classname="backend.tests.test_quality_gate_iteration17.TestEdgeCasesAndBoundaryConditions" name="test_zero_rr_ratio_handled" time="0.000" /><testcase classname="backend.tests.test_quality_gate_iteration17.TestEdgeCasesAndBoundaryConditions" name="test_none_values_in_metadata_handled" time="0.000" /><testcase classname="backend.tests.test_quality_gate_iteration17.TestEdgeCasesAndBoundaryConditions" name="test_missing_metadata_keys_handled" time="0.000" /><testcase classname="backend.tests.test_quality_gate_iteration17.TestOrderOfFilterChecks" name="test_confidence_checked_before_expected_edge" time="0.000" /><testcase classname="backend.tests.test_quality_gate_iteration17.TestOrderOfFilterChecks" name="test_expected_edge_checked_before_anti_flat" time="0.000" /><testcase classname="backend.tests.test_quality_gate_iteration17.TestOrderOfFilterChecks" name="test_anti_flat_checks_run_in_order_chop_adx_atr_imbalance_htf" time="0.000" /><testcase classname="backend.tests.test_quant_modules.TestRegimeDetector" name="test_strong_trend_detected" time="0.000" /><testcase classname="backend.tests.test_quant_modules.TestRegimeDetector" name="test_chop_detected_low_adx" time="0.000" /><testcase classname="backend.tests.test_quant_modules.TestRegimeDetector" name="test_breakout_detected" time="0.000" /><testcase classname="backend.tests.test_quant_modules.TestRegimeDetector" name="test_detect_from_klines_trend" time="0.000" /><testcase classname="backend.tests.test_quant_modules.TestRegimeDetector" name="test_detect_from_klines_range" time="0.000" /><testcase classname="backend.tests.test_quant_modules.TestRegimeDetector" name="test_confidence_is_valid" time="0.000" /><testcase classname="backend.tests.test_quant_modules.TestOrderflowImbalance" name="test_normalized_imbalance_bullish" time="0.000" /><testcase classname="backend.tests.test_quant_modules.TestOrderflowImbalance" name="test_normalized_imbalance_bearish" time="0.000" /><testcase classname="backend.tests.test_quant_modules.TestOrderflowImbalance" name="test_normalized_imbalance_neutral" time="0.000" /><testcase classname="backend.tests.test_quant_modules.TestOrderflowImbalance" name="test_normalized_imbalance_no_trades" time="0.000" /><testcase classname="backend.tests.test_quant_modules.TestOrderflowImbalance" name="test_imbalance_range" time="0.000" /><testcase classname="backend.tests.test_quant_modules.TestFeatureBuilder" name="test_feature_count_increased" time="0.000" /><testcase classname="backend.tests.test_quant_modules.TestFeatureBuilder" name="test_empty_klines" time="0.000" /><testcase classname="backend.tests.test_quant_modules.TestBacktesterHelpers" name="test_determine_4h_trend_bullish" time="0.003" /><testcase classname="backend.tests.test_quant_modules.TestBacktesterHelpers" name="test_determine_4h_trend_bearish" time="0.000" /><testcase classname="backend.tests.test_quant_modules.TestBacktesterHelpers" name="test_determine_4h_trend_insufficient_data" time="0.000" /><testcase classname="backend.tests.test_quant_modules.TestBacktesterHelpers" name="test_candles_needed" time="0.000" /><testcase classname="backend.tests.test_quant_modules.TestBacktesterHelpers" name="test_compute_result_empty" time="0.000" /><testcase classname="backend.tests.test_quant_modules.TestBacktesterHelpers" name="test_compute_result_with_trades" time="0.000" /><testcase classname="backend.tests.test_quant_modules.TestBacktesterHelpers" name="test_check_trade_exit_sl_long" time="0.000" /><testcase classname="backend.tests.test_quant_modules.TestBacktesterHelpers" name="test_check_trade_exit_tp_short" time="0.000" /><testcase classname="backend.tests.test_quant_modules.TestBacktesterHelpers" name="test_check_trade_no_exit" time="0.000" /><testcase classname="backend.tests.test_quant_modules.TestBacktesterHelpers" name="test_format_report" time="0.000" /><testcase classname="backend.tests.test_signal_feedback_features_iteration16.TestSignalFeedbackLoopRegistration" name="test_register_signal_adds_to_queue" time="0.001" /><testcase classname="backend.tests.test_signal_feedback_features_iteration16.TestSignalFeedbackLoopRegistration" name="test_register_signal_captures_all_metadata" time="0.001" /><testcase classname="backend.tests.test_signal_feedback_features_iteration16.TestSignalFeedbackLoopRegistration" name="test_register_signal_disabled_does_nothing" time="0.000" /><testcase classname="backend.tests.test_signal_feedback_features_iteration16.TestAutoLabelingLogic" name="test_label_win_when_tp_hit_long" time="0.001" /><testcase classname="backend.tests.test_signal_feedback_features_iteration16.TestAutoLabelingLogic" name="test_label_loss_when_sl_hit_long" time="0.001" /><testcase classname="backend.tests.test_signal_feedback_features_iteration16.TestAutoLabelingLogic" name="test_label_win_when_tp_hit_short" time="0.001" /><testcase classname="backend.tests.test_signal_feedback_features_iteration16.TestAutoLabelingLogic" name="test_label_loss_when_sl_hit_short" time="0.001" /><testcase classname="backend.tests.test_signal_feedback_features_iteration16.TestAutoLabelingLogic" name="test_label_timeout_after_max_pending_hours" time="0.001" /><testcase classname="backend.tests.test_signal_feedback_features_iteration16.TestAutoLabelingLogic" name="test_appends_to_training_data_json" time="0.002" /><testcase classname="backend.tests.test_signal_feedback_features_iteration16.TestDailyRetrainGate" name="test_retrain_blocked_when_disabled" time="0.000" /><testcase classname="backend.tests.test_signal_feedback_features_iteration16.TestDailyRetrainGate" name="test_retrain_blocked_before_retrain_hour_utc" time="0.000" /><testcase classname="backend.tests.test_signal_feedback_features_iteration16.TestDailyRetrainGate" name="test_retrain_allowed_after_retrain_hour_utc" time="0.000" /><testcase classname="backend.tests.test_signal_feedback_features_iteration16.TestDailyRetrainGate" name="test_retrain_blocked_below_min_new_labels" time="0.000" /><testcase classname="backend.tests.test_signal_feedback_features_iteration16.TestDailyRetrainGate" name="test_retrain_blocked_if_already_attempted_today" time="0.000" /><testcase classname="backend.tests.test_signal_feedback_features_iteration16.TestDailyRetrainGate" name="test_mark_retrain_attempt_success_resets_counter" time="0.001" /><testcase classname="backend.tests.test_signal_feedback_features_iteration16.TestDailyRetrainGate" name="test_mark_retrain_attempt_failure_keeps_counter" time="0.001" /><testcase classname="backend.tests.test_signal_feedback_features_iteration16.TestMainConfigReading" name="test_config_contains_leverage" time="0.008" /><testcase classname="backend.tests.test_signal_feedback_features_iteration16.TestMainConfigReading" name="test_config_contains_max_positions" time="0.008" /><testcase classname="backend.tests.test_signal_feedback_features_iteration16.TestMainConfigReading" name="test_main_reads_leverage_from_config" time="0.000" /><testcase classname="backend.tests.test_signal_feedback_features_iteration16.TestMainConfigReading" name="test_main_reads_max_positions_from_config" time="0.000" /><testcase classname="backend.tests.test_signal_feedback_features_iteration16.TestMainConfigReading" name="test_config_leverage_value" time="0.008" /><testcase classname="backend.tests.test_signal_feedback_features_iteration16.TestMainConfigReading" name="test_config_max_positions_value" time="0.008"><failure message="assert 5 == 6">backend/tests/test_signal_feedback_features_iteration16.py:532: in test_config_max_positions_value
    assert cfg["trading"]["max_positions"] == 6
E   assert 5 == 6</failure></testcase><testcase classname="backend.tests.test_signal_feedback_features_iteration16.TestAIAnalyzerCacheTTL" name="test_cache_ttl_is_600" time="0.000" /><testcase classname="backend.tests.test_signal_feedback_features_iteration16.TestAIAnalyzerCacheTTL" name="test_cache_ttl_hardcoded_in_init" time="0.000" /><testcase classname="backend.tests.test_signal_feedback_features_iteration16.TestAIAnalyzerCacheTTL" name="test_cache_used_in_analyze" time="0.000" /><testcase classname="backend.tests.test_signal_feedback_features_iteration16.TestEntryEngineInvalidSLRejection" name="test_invalid_sl_long_rejection" time="0.000"><failure message="AssertionError: assert True is False&#10; +  where True = EntrySignal(should_enter=True, side='BUY', confidence=0.95, entry_price=50000.0, stop_loss=49910.0, take_profit=56200.0, rr_ratio=68.89, reasons=['4H_BULL', 'sweep_down_aligned', 'struct_aligned', 'OF_strong_bull(+0.45)', 'AI_up=0.80', 'RR=68.9', 'score=0.95'], filters_passed={}, capital_score=65.4444, metadata={'composite_score': 0.95, 'smc_score': 0.95, 'trend_score': 1.0, 'orderflow_score': 1.0, 'ai_score': 0.8, 'normalized_imbalance': 0.45, 'target_level': 56200.0, 'protective_liq_level': 49910.0, 'transformer_prob_up': 0.8, 'transformer_prob_down': 0.1, 'transformer_prob_flat': 0.1, 'regime': 'trend', 'spread_pct': 0.02, 'liq_distance_pct': 0.0, 'liq_signal': 0, 'liq_magnet': 'neutral', 'tp1_level': 56000.0, 'tp2_level': 56200.0, 'entry_zone': 'no_zone', 'struct_trend': 'up', 'has_bos': True, 'has_sweep': True, 'sweep_direction': 'down', 'funding_rate': 0.0, 'htf_4h_trend': 1, 'trained_model_prob': None, 'trained_model_applied': False, 'blended_confidence': 0.95, 'entry_range_low': 49978.0, 'entry_range_high': 50000.0}).should_enter">backend/tests/test_signal_feedback_features_iteration16.py:599: in test_invalid_sl_long_rejection
    assert signal.should_enter is False
E   AssertionError: assert True is False
E    +  where True = EntrySignal(should_enter=True, side='BUY', confidence=0.95, entry_price=50000.0, stop_loss=49910.0, take_profit=56200.0, rr_ratio=68.89, reasons=['4H_BULL', 'sweep_down_aligned', 'struct_aligned', 'OF_strong_bull(+0.45)', 'AI_up=0.80', 'RR=68.9', 'score=0.95'], filters_passed={}, capital_score=65.4444, metadata={'composite_score': 0.95, 'smc_score': 0.95, 'trend_score': 1.0, 'orderflow_score': 1.0, 'ai_score': 0.8, 'normalized_imbalance': 0.45, 'target_level': 56200.0, 'protective_liq_level': 49910.0, 'transformer_prob_up': 0.8, 'transformer_prob_down': 0.1, 'transformer_prob_flat': 0.1, 'regime': 'trend', 'spread_pct': 0.02, 'liq_distance_pct': 0.0, 'liq_signal': 0, 'liq_magnet': 'neutral', 'tp1_level': 56000.0, 'tp2_level': 56200.0, 'entry_zone': 'no_zone', 'struct_trend': 'up', 'has_bos': True, 'has_sweep': True, 'sweep_direction': 'down', 'funding_rate': 0.0, 'htf_4h_trend': 1, 'trained_model_prob': None, 'trained_model_applied': False, 'blended_confidence': 0.95, 'entry_range_low': 49978.0, 'entry_range_high': 50000.0}).should_enter</failure></testcase><testcase classname="backend.tests.test_signal_feedback_features_iteration16.TestEntryEngineInvalidSLRejection" name="test_invalid_sl_short_rejection" time="0.000" /><testcase classname="backend.tests.test_signal_feedback_features_iteration16.TestEntryEngineInvalidSLRejection" name="test_valid_sl_long_not_rejected" time="0.000" /><testcase classname="backend.tests.test_signal_feedback_features_iteration16.TestEntryEngineInvalidSLRejection" name="test_valid_sl_short_not_rejected" time="0.000" /><testcase classname="backend.tests.test_signal_feedback_features_iteration16.TestEntryEngineInvalidSLRejection" name="test_entry_engine_contains_sl_validation_code" time="0.000" /><testcase classname="backend.tests.test_signal_feedback_features_iteration16.TestFeedbackLoopConfig" name="test_feedback_loop_enabled_in_config" time="0.008" /><testcase classname="backend.tests.test_signal_feedback_features_iteration16.TestFeedbackLoopConfig" name="test_retrain_daily_in_config" time="0.008" /><testcase classname="backend.tests.test_signal_feedback_features_iteration16.TestFeedbackLoopConfig" name="test_min_new_labels_for_retrain_in_config" time="0.008" /><testcase classname="backend.tests.test_signal_feedback_features_iteration16.TestFeedbackLoopConfig" name="test_retrain_hour_utc_in_config" time="0.008" /><testcase classname="backend.tests.test_signal_feedback_features_iteration16.TestFeedbackLoopConfig" name="test_dataset_path_in_config" time="0.008"><failure message="AssertionError: assert 'signal_only_...ack_data.json' == 'training_data.json'&#10;  &#10;  - training_data.json&#10;  + signal_only_feedback_data.json">backend/tests/test_signal_feedback_features_iteration16.py:751: in test_dataset_path_in_config
    assert cfg["feedback_loop"]["dataset_path"] == "training_data.json"
E   AssertionError: assert 'signal_only_...ack_data.json' == 'training_data.json'
E     
E     - training_data.json
E     + signal_only_feedback_data.json</failure></testcase><testcase classname="backend.tests.test_signal_feedback_loop_and_sl_validation" name="test_invalid_sl_long_rejected" time="0.000" /><testcase classname="backend.tests.test_signal_feedback_loop_and_sl_validation" name="test_invalid_sl_short_rejected" time="0.000" /><testcase classname="backend.tests.test_signal_feedback_loop_and_sl_validation" name="test_signal_feedback_loop_labels_and_appends_dataset" time="0.002" /><testcase classname="backend.tests.test_signal_feedback_loop_and_sl_validation" name="test_feedback_loop_daily_retrain_gate" time="0.001" /><testcase classname="backend.tests.test_signal_feedback_loop_and_sl_validation" name="test_quality_gate_rejects_low_expected_edge" time="0.000" /><testcase classname="backend.tests.test_signal_feedback_loop_and_sl_validation" name="test_quality_gate_rejects_chop_regime" time="0.000" /><testcase classname="backend.tests.test_signal_feedback_loop_and_sl_validation" name="test_quality_gate_passes_strong_signal" time="0.000" /><testcase classname="backend.tests.test_signal_feedback_loop_and_sl_validation" name="test_quality_gate_rejects_countertrend_without_strong_confirmation" time="0.000" /><testcase classname="backend.tests.test_signal_feedback_loop_and_sl_validation" name="test_quality_gate_rejects_no_zone_low_confidence" time="0.000" /><testcase classname="backend.tests.test_smc_v3_market_structure.TestMarketStructureEngineSwings" name="test_find_swing_highs" time="0.000" /><testcase classname="backend.tests.test_smc_v3_market_structure.TestMarketStructureEngineSwings" name="test_find_swing_lows" time="0.000" /><testcase classname="backend.tests.test_smc_v3_market_structure.TestMarketStructureEngineTrend" name="test_determine_trend_up_hh_hl" time="0.000" /><testcase classname="backend.tests.test_smc_v3_market_structure.TestMarketStructureEngineTrend" name="test_determine_trend_down_lh_ll" time="0.000" /><testcase classname="backend.tests.test_smc_v3_market_structure.TestMarketStructureEngineTrend" name="test_determine_trend_range_mixed" time="0.000" /><testcase classname="backend.tests.test_smc_v3_market_structure.TestMarketStructureEngineTrend" name="test_determine_trend_insufficient_swings" time="0.000" /><testcase classname="backend.tests.test_smc_v3_market_structure.TestMarketStructureEngineBOS" name="test_detect_bos_up" time="0.000" /><testcase classname="backend.tests.test_smc_v3_market_structure.TestMarketStructureEngineBOS" name="test_detect_bos_down" time="0.000" /><testcase classname="backend.tests.test_smc_v3_market_structure.TestMarketStructureEngineBOS" name="test_detect_bos_volume_confirmation" time="0.000" /><testcase classname="backend.tests.test_smc_v3_market_structure.TestMarketStructureEngineSweep" name="test_detect_sweep_down" time="0.000" /><testcase classname="backend.tests.test_smc_v3_market_structure.TestMarketStructureEngineSweep" name="test_detect_sweep_up" time="0.000" /><testcase classname="backend.tests.test_smc_v3_market_structure.TestMarketStructureSignalReady" name="test_signal_ready_long_requires_sweep_and_bos" time="0.000" /><testcase classname="backend.tests.test_smc_v3_market_structure.TestMarketStructureSignalReady" name="test_signal_ready_short_requires_sweep_and_bos" time="0.000" /><testcase classname="backend.tests.test_smc_v3_market_structure.TestMarketStructureMomentum" name="test_momentum_confirmed_requires_both" time="0.000" /><testcase classname="backend.tests.test_smc_v3_market_structure.TestEntryEngineV3" name="test_buy_signal_sweep_bos_zone_retest" time="0.008" /><testcase classname="backend.tests.test_smc_v3_market_structure.TestEntryEngineV3" name="test_sell_signal_sweep_bos_zone_retest" time="0.008" /><testcase classname="backend.tests.test_smc_v3_market_structure.TestEntryEngineV3" name="test_reject_when_trend_range_no_sweep_bos" time="0.008" /><testcase classname="backend.tests.test_smc_v3_market_structure.TestEntryEngineV3" name="test_reject_when_spread_too_wide" time="0.009" /><testcase classname="backend.tests.test_smc_v3_market_structure.TestEntryEngineV3" name="test_reject_when_funding_rate_too_high" time="0.008" /><testcase classname="backend.tests.test_smc_v3_market_structure.TestEntryEngineV3" name="test_sl_from_sweep_low_with_atr_buffer" time="0.008" /><testcase classname="backend.tests.test_smc_v3_market_structure.TestEntryEngineV3" name="test_tp_targets_previous_high" time="0.008" /><testcase classname="backend.tests.test_smc_v3_market_structure.TestExitEngineV3RBasedTrailing" name="test_1r_profit_sl_to_breakeven" time="0.000" /><testcase classname="backend.tests.test_smc_v3_market_structure.TestExitEngineV3RBasedTrailing" name="test_2r_profit_sl_to_swing_low" time="0.000" /><testcase classname="backend.tests.test_smc_v3_market_structure.TestExitEngineV3RBasedTrailing" name="test_3r_plus_distance_trailing" time="0.000" /><testcase classname="backend.tests.test_smc_v3_market_structure.TestExitEngineV3RBasedTrailing" name="test_short_position_trailing" time="0.000" /><testcase classname="backend.tests.test_smc_v3_market_structure.TestExitEngineV3RBasedTrailing" name="test_min_profit_before_trail_prevents_micro_profit" time="0.000" /><testcase classname="backend.tests.test_smc_v3_market_structure.TestConfigVerificationV3" name="test_trading_leverage_15" time="0.008" /><testcase classname="backend.tests.test_smc_v3_market_structure.TestConfigVerificationV3" name="test_trading_max_positions_5" time="0.008"><failure message="AssertionError: max_positions should be 6, got 5&#10;assert 5 == 6">backend/tests/test_smc_v3_market_structure.py:1189: in test_trading_max_positions_5
    assert max_pos == 6, f"max_positions should be 6, got {max_pos}"
E   AssertionError: max_positions should be 6, got 5
E   assert 5 == 6</failure></testcase><testcase classname="backend.tests.test_smc_v3_market_structure.TestConfigVerificationV3" name="test_risk_max_daily_loss_5pct" time="0.009" /><testcase classname="backend.tests.test_smc_v3_market_structure.TestConfigVerificationV3" name="test_trading_risk_per_trade_05pct" time="0.008" /><testcase classname="backend.tests.test_smc_v3_market_structure.TestConfigVerificationV3" name="test_pyramid_enabled_true" time="0.008" /><testcase classname="backend.tests.test_smc_v3_market_structure.TestConfigVerificationV3" name="test_pyramid_max_adds_2" time="0.008" /><testcase classname="backend.tests.test_smc_v3_market_structure.TestConfigVerificationV3" name="test_pyramid_max_total_risk_pct_2" time="0.008" /><testcase classname="backend.tests.test_smc_v3_market_structure.TestConfigVerificationV3" name="test_market_structure_section_exists" time="0.008" /><testcase classname="backend.tests.test_smc_v3_market_structure.TestConfigVerificationV3" name="test_entry_max_spread_pct_exists" time="0.008" /><testcase classname="backend.tests.test_smc_v3_market_structure.TestConfigVerificationV3" name="test_entry_max_funding_rate_exists" time="0.008" /><testcase classname="backend.tests.test_smc_v3_market_structure.TestPyramidStrategy" name="test_pyramid_min_profit_before_add_r" time="0.008" /><testcase classname="backend.tests.test_smc_v3_market_structure.TestPyramidStrategy" name="test_pyramid_max_total_risk_budget" time="0.008" /><testcase classname="backend.tests.test_smc_v5_strategy.TestTrendScoring" name="test_4h_bullish_boosts_long" time="0.000" /><testcase classname="backend.tests.test_smc_v5_strategy.TestTrendScoring" name="test_4h_bearish_boosts_short" time="0.000" /><testcase classname="backend.tests.test_smc_v5_strategy.TestTrendScoring" name="test_neutral_trend_lowers_score" time="0.000" /><testcase classname="backend.tests.test_smc_v5_strategy.TestTrendScoring" name="test_conflicting_4h_and_sweep_lowers_score" time="0.000" /><testcase classname="backend.tests.test_smc_v5_strategy.TestSweepAndZone" name="test_no_sweep_lowers_trend_score" time="0.000" /><testcase classname="backend.tests.test_smc_v5_strategy.TestSweepAndZone" name="test_no_zone_still_evaluates" time="0.000" /><testcase classname="backend.tests.test_smc_v5_strategy.TestConfigRequirements" name="test_early_exit_zero" time="0.008" /><testcase classname="backend.tests.test_smc_v5_strategy.TestConfigRequirements" name="test_whitelist_enabled" time="0.011" /><testcase classname="backend.tests.test_smc_v5_strategy.TestConfigRequirements" name="test_trade_symbols_25" time="0.008" /><testcase classname="backend.tests.test_smc_v5_strategy.TestConfigRequirements" name="test_rr_at_least_2" time="0.008" /><testcase classname="backend.tests.test_smc_v5_strategy.TestConfigRequirements" name="test_entry_threshold_065" time="0.008"><failure message="assert 0.62 == 0.65">backend/tests/test_smc_v5_strategy.py:266: in test_entry_threshold_065
    assert cfg["entry"]["entry_threshold"] == 0.65
E   assert 0.62 == 0.65</failure></testcase><testcase classname="backend.tests.test_smc_v5_strategy.TestFullPipelineV6" name="test_perfect_long" time="0.000" /><testcase classname="backend.tests.test_smc_v5_strategy.TestFullPipelineV6" name="test_perfect_short" time="0.000" /><testcase classname="backend.tests.test_smc_v5_strategy.TestFullPipelineV6" name="test_market_blocked_rejects" time="0.000" /><testcase classname="backend.tests.test_smc_v5_strategy.TestFullPipelineV6" name="test_high_spread_rejects" time="0.000" /><testcase classname="backend.tests.test_smc_v5_strategy.TestFullPipelineV6" name="test_low_conviction_rejects" time="0.000" /><testcase classname="backend.tests.test_smc_v5_strategy.TestFullPipelineV6" name="test_score_in_metadata" time="0.000" /><testcase classname="backend.tests.test_smc_v5_strategy.TestLiquidityHeatmapV6" name="test_detects_bid_walls" time="0.000" /><testcase classname="backend.tests.test_smc_v5_strategy.TestLiquidityHeatmapV6" name="test_imbalance_positive" time="0.000" /><testcase classname="backend.tests.test_smc_zones_and_entry.TestStructureZoneAnalyzer" name="test_bullish_fvg_detection" time="0.000" /><testcase classname="backend.tests.test_smc_zones_and_entry.TestStructureZoneAnalyzer" name="test_bearish_fvg_detection" time="0.000" /><testcase classname="backend.tests.test_smc_zones_and_entry.TestStructureZoneAnalyzer" name="test_bullish_ob_detection" time="0.000" /><testcase classname="backend.tests.test_smc_zones_and_entry.TestStructureZoneAnalyzer" name="test_bearish_ob_detection" time="0.000" /><testcase classname="backend.tests.test_smc_zones_and_entry.TestStructureZoneAnalyzer" name="test_mitigation_tracking" time="0.000" /><testcase classname="backend.tests.test_smc_zones_and_entry.TestStructureZoneAnalyzer" name="test_insufficient_klines" time="0.000" /><testcase classname="backend.tests.test_smc_zones_and_entry.TestZoneContext" name="test_price_in_bullish_zone" time="0.000" /><testcase classname="backend.tests.test_smc_zones_and_entry.TestZoneContext" name="test_price_in_bullish_zone_outside" time="0.000" /><testcase classname="backend.tests.test_smc_zones_and_entry.TestZoneContext" name="test_price_near_bullish_zone" time="0.000" /><testcase classname="backend.tests.test_smc_zones_and_entry.TestZoneContext" name="test_price_in_bearish_zone" time="0.000" /><testcase classname="backend.tests.test_smc_zones_and_entry.TestZoneContext" name="test_price_near_bearish_zone" time="0.000" /><testcase classname="backend.tests.test_smc_zones_and_entry.TestZoneContext" name="test_structural_sl_long" time="0.000" /><testcase classname="backend.tests.test_smc_zones_and_entry.TestZoneContext" name="test_structural_sl_short" time="0.000" /><testcase classname="backend.tests.test_smc_zones_and_entry.TestZoneContext" name="test_structural_tp_long" time="0.000" /><testcase classname="backend.tests.test_smc_zones_and_entry.TestZoneContext" name="test_structural_tp_short" time="0.000" /><testcase classname="backend.tests.test_smc_zones_and_entry.TestZoneContext" name="test_bullish_confluence" time="0.000" /><testcase classname="backend.tests.test_smc_zones_and_entry.TestZoneContext" name="test_bearish_confluence" time="0.000" /><testcase classname="backend.tests.test_smc_zones_and_entry.TestZoneContext" name="test_no_confluence_without_both" time="0.000" /><testcase classname="backend.tests.test_smc_zones_and_entry.TestEntryEngine" name="test_buy_signal_in_bullish_zone_uptrend" time="0.009" /><testcase classname="backend.tests.test_smc_zones_and_entry.TestEntryEngine" name="test_sell_signal_in_bearish_zone_downtrend" time="0.008" /><testcase classname="backend.tests.test_smc_zones_and_entry.TestEntryEngine" name="test_no_signal_when_no_zones_near" time="0.008" /><testcase classname="backend.tests.test_smc_zones_and_entry.TestEntryEngine" name="test_low_transformer_does_not_block_high_smc" time="0.008" /><testcase classname="backend.tests.test_smc_zones_and_entry.TestEntryEngine" name="test_sl_from_structure" time="0.008" /><testcase classname="backend.tests.test_smc_zones_and_entry.TestEntryEngine" name="test_min_rr_ratio_enforced" time="0.008" /><testcase classname="backend.tests.test_smc_zones_and_entry.TestEntryEngine" name="test_min_stop_distance_pct_enforced" time="0.009" /><testcase classname="backend.tests.test_smc_zones_and_entry.TestEntryEngine" name="test_min_target_profit_pct_enforced" time="0.008" /><testcase classname="backend.tests.test_smc_zones_and_entry.TestExitEngine" name="test_initialize_position_sets_trailing_activation" time="0.000" /><testcase classname="backend.tests.test_smc_zones_and_entry.TestExitEngine" name="test_check_exit_hard_sl" time="0.000" /><testcase classname="backend.tests.test_smc_zones_and_entry.TestExitEngine" name="test_check_exit_tp_cap" time="0.000" /><testcase classname="backend.tests.test_smc_zones_and_entry.TestExitEngine" name="test_check_exit_trailing_exit" time="0.000" /><testcase classname="backend.tests.test_smc_zones_and_entry.TestExitEngine" name="test_update_trailing_activates_after_profit" time="0.000" /><testcase classname="backend.tests.test_smc_zones_and_entry.TestExitEngine" name="test_no_close_on_micro_profit" time="0.000" /><testcase classname="backend.tests.test_smc_zones_and_entry.TestBasketProfitGuard" name="test_basket_profit_state_has_drawdown_field" time="0.000" /><testcase classname="backend.tests.test_smc_zones_and_entry.TestBasketProfitGuard" name="test_basket_guard_does_not_close_immediately" time="0.000" /><testcase classname="backend.tests.test_smc_zones_and_entry.TestBasketProfitGuard" name="test_basket_guard_closes_after_15_minutes" time="0.000" /><testcase classname="backend.tests.test_smc_zones_and_entry.TestBasketProfitGuard" name="test_basket_guard_timer_reset" time="0.000" /><testcase classname="backend.tests.test_smc_zones_and_entry.TestConfigVerification" name="test_rl_disabled" time="0.009" /><testcase classname="backend.tests.test_smc_zones_and_entry.TestConfigVerification" name="test_zone_proximity_pct_exists" time="0.008" /><testcase classname="backend.tests.test_smc_zones_and_entry.TestConfigVerification" name="test_min_profit_before_trail_pct_exists" time="0.008" /><testcase classname="backend.tests.test_smc_zones_and_entry.TestConfigVerification" name="test_drawdown_confirm_sec_exists" time="0.008" /><testcase classname="backend.tests.test_smc_zones_and_entry.TestConfigVerification" name="test_all_required_config_keys" time="0.008" /><testcase classname="backend.tests.test_symbol_quality_and_correlation_iteration21" name="test_symbol_quality_blocks_poor_symbol" time="0.001" /><testcase classname="backend.tests.test_symbol_quality_and_correlation_iteration21" name="test_symbol_quality_allows_good_symbol" time="0.001" /><testcase classname="backend.tests.test_symbol_quality_and_correlation_iteration21" name="test_correlation_filter_blocks_strongly_correlated_pair" time="0.000" /><testcase classname="backend.tests.test_trading_bot_features.TestPositionSync" name="test_adopt_new_position_from_exchange" time="0.245" /><testcase classname="backend.tests.test_trading_bot_features.TestPositionSync" name="test_preserve_existing_sl_tp_when_adopting" time="0.244" /><testcase classname="backend.tests.test_trading_bot_features.TestPositionSync" name="test_update_existing_position_on_resync" time="0.011" /><testcase classname="backend.tests.test_trading_bot_features.TestPositionSync" name="test_short_position_adoption" time="0.243" /><testcase classname="backend.tests.test_trading_bot_features.TestPartialTakeProfit" name="test_compute_partial_tp_price_long" time="0.009" /><testcase classname="backend.tests.test_trading_bot_features.TestPartialTakeProfit" name="test_compute_partial_tp_price_short" time="0.008" /><testcase classname="backend.tests.test_trading_bot_features.TestPartialTakeProfit" name="test_compute_partial_tp_invalid_inputs" time="0.008" /><testcase classname="backend.tests.test_trading_bot_features.TestPartialTakeProfit" name="test_partial_tp_execution_long" time="0.010" /><testcase classname="backend.tests.test_trading_bot_features.TestPartialTakeProfit" name="test_partial_tp_execution_short" time="0.010" /><testcase classname="backend.tests.test_trading_bot_features.TestPartialTakeProfit" name="test_partial_tp_skipped_when_disabled" time="0.009" /><testcase classname="backend.tests.test_trading_bot_features.TestPartialTakeProfit" name="test_partial_tp_skipped_when_already_done" time="0.009" /><testcase classname="backend.tests.test_trading_bot_features.TestPortfolioTotalTP" name="test_portfolio_tp_triggers_all_positions_closed" time="0.009" /><testcase classname="backend.tests.test_trading_bot_features.TestPortfolioTotalTP" name="test_portfolio_tp_not_triggered_below_target" time="0.009" /><testcase classname="backend.tests.test_trading_bot_features.TestPortfolioTotalTP" name="test_portfolio_tp_disabled" time="0.009" /><testcase classname="backend.tests.test_trading_bot_features.TestPortfolioTotalTP" name="test_portfolio_tp_with_no_positions" time="0.009" /><testcase classname="backend.tests.test_trading_bot_features.TestPositionIdxSupport" name="test_execute_close_signature_has_position_idx" time="0.000" /><testcase classname="backend.tests.test_trading_bot_features.TestPositionIdxSupport" name="test_update_sl_signature_has_position_idx" time="0.000" /><testcase classname="backend.tests.test_trading_bot_features.TestPositionIdxSupport" name="test_update_tp_signature_has_position_idx" time="0.000" /><testcase classname="backend.tests.test_trading_bot_features.TestPositionIdxSupport" name="test_bybit_client_close_position_has_position_idx" time="0.000" /><testcase classname="backend.tests.test_trading_bot_features.TestPositionIdxSupport" name="test_bybit_client_update_stop_loss_has_position_idx" time="0.000" /><testcase classname="backend.tests.test_trading_bot_features.TestPositionIdxSupport" name="test_bybit_client_update_take_profit_has_position_idx" time="0.000" /><testcase classname="backend.tests.test_trading_bot_features.TestPositionManager" name="test_position_has_new_fields" time="0.000" /><testcase classname="backend.tests.test_trading_bot_features.TestPositionManager" name="test_position_is_long_property" time="0.000" /><testcase classname="backend.tests.test_trading_bot_features.TestPositionManager" name="test_position_manager_reduce" time="0.000" /><testcase classname="backend.tests.test_trading_bot_features.TestPositionManager" name="test_position_manager_reduce_removes_zero_qty" time="0.000" /><testcase classname="backend.tests.test_trading_bot_features.TestEdgeCasesAndRegression" name="test_partial_tp_with_min_position_size" time="0.010" /><testcase classname="backend.tests.test_trading_bot_features.TestEdgeCasesAndRegression" name="test_derive_manual_position_levels_long" time="0.008" /><testcase classname="backend.tests.test_trading_bot_features.TestEdgeCasesAndRegression" name="test_derive_manual_position_levels_short" time="0.008" /><testcase classname="backend.tests.test_trading_bot_features.TestEdgeCasesAndRegression" name="test_config_has_new_sections" time="0.008" /><testcase classname="backend.tests.test_trading_bot_features.TestEdgeCasesAndRegression" name="test_trading_bot_initializes_new_config_values" time="0.008" /><testcase classname="backend.tests.test_trading_bot_features.TestEdgeCasesAndRegression" name="test_position_controls_dict_includes_partial_tp" time="0.000" /><testcase classname="backend.tests.test_trained_model_integration.TestCheckpointLoading" name="test_model_none_when_checkpoint_missing" time="0.000" /><testcase classname="backend.tests.test_trained_model_integration.TestCheckpointLoading" name="test_model_none_when_disabled" time="0.000" /><testcase classname="backend.tests.test_trained_model_integration.TestCheckpointLoading" name="test_model_loaded_when_checkpoint_exists" time="0.009" /><testcase classname="backend.tests.test_trained_model_integration.TestCheckpointLoading" name="test_corrupted_checkpoint_handled_gracefully" time="0.001" /><testcase classname="backend.tests.test_trained_model_integration.TestCheckpointLoading" name="test_relative_path_resolution" time="0.000" /><testcase classname="backend.tests.test_trained_model_integration.TestTrainedWinProbability" name="test_prediction_returns_none_when_model_missing" time="0.000" /><testcase classname="backend.tests.test_trained_model_integration.TestTrainedWinProbability" name="test_prediction_clamped_to_0_1_range" time="0.029" /><testcase classname="backend.tests.test_trained_model_integration.TestTrainedWinProbability" name="test_prediction_with_extreme_inputs" time="0.007" /><testcase classname="backend.tests.test_trained_model_integration.TestTrainedWinProbability" name="test_clamp_static_method" time="0.000" /><testcase classname="backend.tests.test_trained_model_integration.TestTrainedWinProbability" name="test_normalize_rr_method" time="0.000" /><testcase classname="backend.tests.test_trained_model_integration.TestTrainedWinProbability" name="test_normalize_htf_trend_method" time="0.000" /><testcase classname="backend.tests.test_trained_model_integration.TestLowProbabilityRejection" name="test_low_prob_rejects_entry" time="0.016" /><testcase classname="backend.tests.test_trained_model_integration.TestLowProbabilityRejection" name="test_rejection_metadata_contains_prob" time="0.000" /><testcase classname="backend.tests.test_trained_model_integration.TestConfidenceBlending" name="test_blending_formula_correctness" time="0.000" /><testcase classname="backend.tests.test_trained_model_integration.TestConfidenceBlending" name="test_no_blending_when_model_missing" time="0.000" /><testcase classname="backend.tests.test_trained_model_integration.TestConfidenceBlending" name="test_blending_applied_when_model_loaded" time="0.007" /><testcase classname="backend.tests.test_trained_model_integration.TestConfidenceBlending" name="test_blend_clamped_to_0_1" time="0.000" /><testcase classname="backend.tests.test_trained_model_integration.TestSameSideCooldownRegression" name="test_cooldown_method_exists" time="0.000" /><testcase classname="backend.tests.test_trained_model_integration.TestSameSideCooldownRegression" name="test_signal_timestamp_registration_method_exists" time="0.000" /><testcase classname="backend.tests.test_trained_model_integration.TestSameSideCooldownRegression" name="test_cooldown_config_present" time="0.008" /><testcase classname="backend.tests.test_trained_model_integration.TestSameSideCooldownRegression" name="test_last_signal_ts_attribute_initialized" time="0.000" /><testcase classname="backend.tests.test_trained_model_integration.TestSameSideCooldownRegression" name="test_cooldown_check_in_scan_entries" time="0.000" /><testcase classname="backend.tests.test_trained_model_integration.TestSameSideCooldownRegression" name="test_cooldown_logic_returns_remaining_seconds" time="0.000" /><testcase classname="backend.tests.test_trained_model_integration.TestTrainedModelConfig" name="test_trained_model_enabled_config" time="0.008" /><testcase classname="backend.tests.test_trained_model_integration.TestTrainedModelConfig" name="test_trained_model_min_prob_config" time="0.008" /><testcase classname="backend.tests.test_trained_model_integration.TestTrainedModelConfig" name="test_trained_model_blend_config" time="0.008" /><testcase classname="backend.tests.test_trained_model_integration.TestTrainedModelConfig" name="test_trained_model_weights_path_config" time="0.008" /><testcase classname="backend.tests.test_trained_model_integration.TestTrainedModelConfig" name="test_entry_threshold_reasonable" time="0.020" /><testcase classname="backend.tests.test_trained_model_integration.TestSignalGenerationWithTrainedModel" name="test_signal_metadata_contains_trained_model_fields" time="0.000" /><testcase classname="backend.tests.test_trained_model_integration.TestSignalGenerationWithTrainedModel" name="test_full_signal_flow_with_trained_model" time="0.008" /></testsuite></testsuites>