<?xml version="1.0" encoding="utf-8"?><testsuites name="pytest tests"><testsuite name="pytest" errors="0" failures="0" skipped="0" tests="205" time="4.879" timestamp="2026-03-15T02:19:20.986287+00:00" hostname="agent-env-1958e3a0-4ad3-4ed2-bebd-790aa8bb8eab"><testcase classname="backend.tests.test_directional_heatmap_fallback.TestDirectionalHeatmapFallbackLogic" name="test_bullish_market_creates_upside_target" time="1.969" /><testcase classname="backend.tests.test_directional_heatmap_fallback.TestDirectionalHeatmapFallbackLogic" name="test_bearish_market_creates_downside_target" time="0.005" /><testcase classname="backend.tests.test_directional_heatmap_fallback.TestDirectionalHeatmapFallbackLogic" name="test_neutral_market_returns_empty_analysis" time="0.005" /><testcase classname="backend.tests.test_directional_heatmap_fallback.TestDirectionalHeatmapFallbackLogic" name="test_orderflow_can_break_tie" time="0.005" /><testcase classname="backend.tests.test_directional_heatmap_fallback.TestDirectionalHeatmapFallbackLogic" name="test_htf_trend_vote_counts" time="0.005" /><testcase classname="backend.tests.test_directional_heatmap_fallback.TestDirectionalHeatmapFallbackLogic" name="test_zero_price_returns_neutral" time="0.005" /><testcase classname="backend.tests.test_directional_heatmap_fallback.TestDirectionalHeatmapFallbackLogic" name="test_negative_price_returns_neutral" time="0.005" /><testcase classname="backend.tests.test_directional_heatmap_fallback.TestDirectionalHeatmapFallbackLogic" name="test_fallback_uses_atr_for_distance" time="0.005" /><testcase classname="backend.tests.test_directional_heatmap_fallback.TestDirectionalHeatmapFallbackLogic" name="test_fallback_uses_min_distance_when_atr_small" time="0.005" /><testcase classname="backend.tests.test_directional_heatmap_fallback.TestDirectionalHeatmapFallbackLogic" name="test_fallback_with_zero_atr_uses_default" time="0.005" /><testcase classname="backend.tests.test_directional_heatmap_fallback.TestDirectionalHeatmapFallbackLogic" name="test_bearish_target_never_goes_negative" time="0.005" /><testcase classname="backend.tests.test_directional_heatmap_fallback.TestDirectionalHeatmapFallbackLogic" name="test_cluster_has_proper_attributes" time="0.005" /><testcase classname="backend.tests.test_directional_heatmap_fallback.TestDirectionalFallbackIntegration" name="test_manage_positions_uses_directional_fallback" time="0.005" /><testcase classname="backend.tests.test_directional_heatmap_fallback.TestDirectionalFallbackIntegration" name="test_analyze_symbol_uses_directional_fallback" time="0.007" /><testcase classname="backend.tests.test_directional_heatmap_fallback.TestNoRegressions" name="test_profit_drawdown_guard_still_works" time="0.005" /><testcase classname="backend.tests.test_directional_heatmap_fallback.TestNoRegressions" name="test_basket_profit_guard_still_works" time="0.005" /><testcase classname="backend.tests.test_directional_heatmap_fallback.TestNoRegressions" name="test_manual_position_logic_intact" time="0.005" /><testcase classname="backend.tests.test_directional_heatmap_fallback.TestNoRegressions" name="test_portfolio_tp_disabled_by_default" time="0.005" /><testcase classname="backend.tests.test_directional_heatmap_fallback.TestNoRegressions" name="test_synthetic_heatmap_still_used_first" time="0.006" /><testcase classname="backend.tests.test_directional_heatmap_fallback.TestNoRegressions" name="test_live_liquidation_events_preferred" time="0.005" /><testcase classname="backend.tests.test_entry_engine_and_level_derivation.TestEntryEngineStructureDetection" name="test_breakout_long_detected" time="0.005" /><testcase classname="backend.tests.test_entry_engine_and_level_derivation.TestEntryEngineStructureDetection" name="test_breakout_short_detected" time="0.005" /><testcase classname="backend.tests.test_entry_engine_and_level_derivation.TestEntryEngineStructureDetection" name="test_pullback_long_detected" time="0.005" /><testcase classname="backend.tests.test_entry_engine_and_level_derivation.TestEntryEngineStructureDetection" name="test_insufficient_klines_returns_no_structure" time="0.005" /><testcase classname="backend.tests.test_entry_engine_and_level_derivation.TestEntryEngineStructureDetection" name="test_structure_in_metadata" time="0.006" /><testcase classname="backend.tests.test_entry_engine_and_level_derivation.TestEntryEngineLevelResolution" name="test_resolve_levels_long_direction" time="0.005" /><testcase classname="backend.tests.test_entry_engine_and_level_derivation.TestEntryEngineLevelResolution" name="test_resolve_levels_short_direction" time="0.005" /><testcase classname="backend.tests.test_entry_engine_and_level_derivation.TestEntryEngineLevelResolution" name="test_level_tp_buffer_atr_applied" time="0.005" /><testcase classname="backend.tests.test_entry_engine_and_level_derivation.TestAIVetoSoftBypass" name="test_ai_soft_bypass_conditions" time="0.005" /><testcase classname="backend.tests.test_entry_engine_and_level_derivation.TestAIVetoSoftBypass" name="test_ai_fail_open_setting" time="0.005" /><testcase classname="backend.tests.test_entry_engine_and_level_derivation.TestScanSummaryLogs" name="test_scan_entries_has_rejection_tracking" time="0.006" /><testcase classname="backend.tests.test_entry_engine_and_level_derivation.TestManualPositionLevelBasedTPSL" name="test_derive_manual_position_levels_long_with_clusters" time="0.005" /><testcase classname="backend.tests.test_entry_engine_and_level_derivation.TestManualPositionLevelBasedTPSL" name="test_derive_manual_position_levels_short_with_clusters" time="0.005" /><testcase classname="backend.tests.test_entry_engine_and_level_derivation.TestManualPositionLevelBasedTPSL" name="test_derive_levels_uses_swing_levels_when_no_clusters" time="0.005" /><testcase classname="backend.tests.test_entry_engine_and_level_derivation.TestManualPositionLevelBasedTPSL" name="test_preserve_existing_sl_tp_flag" time="0.005" /><testcase classname="backend.tests.test_entry_engine_and_level_derivation.TestManualPositionLevelBasedTPSL" name="test_sync_exchange_position_uses_level_derivation" time="0.006" /><testcase classname="backend.tests.test_entry_engine_and_level_derivation.TestRRFallback" name="test_derive_levels_rr_fallback_long" time="0.005" /><testcase classname="backend.tests.test_entry_engine_and_level_derivation.TestRRFallback" name="test_derive_levels_rr_fallback_short" time="0.005" /><testcase classname="backend.tests.test_entry_engine_and_level_derivation.TestNoRegressions" name="test_heatmap_fallback_still_works" time="0.005" /><testcase classname="backend.tests.test_entry_engine_and_level_derivation.TestNoRegressions" name="test_directional_fallback_still_works" time="0.005" /><testcase classname="backend.tests.test_entry_engine_and_level_derivation.TestNoRegressions" name="test_profit_drawdown_guard_still_works" time="0.005" /><testcase classname="backend.tests.test_entry_engine_and_level_derivation.TestNoRegressions" name="test_basket_profit_guard_still_works" time="0.005" /><testcase classname="backend.tests.test_entry_engine_and_level_derivation.TestNoRegressions" name="test_entry_engine_config_values" time="0.005" /><testcase classname="backend.tests.test_generic_market_quality.TestNoSymbolSpecificGuard" name="test_main_py_has_no_hardcoded_symbols" time="0.000" /><testcase classname="backend.tests.test_generic_market_quality.TestNoSymbolSpecificGuard" name="test_entry_engine_has_no_hardcoded_symbols" time="0.000" /><testcase classname="backend.tests.test_generic_market_quality.TestNoSymbolSpecificGuard" name="test_market_quality_filter_is_symbol_agnostic" time="0.005" /><testcase classname="backend.tests.test_generic_market_quality.TestFifteenMinuteStructureFilter" name="test_breakout_requires_15m_confirmation" time="0.005" /><testcase classname="backend.tests.test_generic_market_quality.TestFifteenMinuteStructureFilter" name="test_breakout_passes_when_15m_confirmed" time="0.005" /><testcase classname="backend.tests.test_generic_market_quality.TestFifteenMinuteStructureFilter" name="test_short_breakout_requires_15m_low_confirmation" time="0.005" /><testcase classname="backend.tests.test_generic_market_quality.TestChopOnlyBreakoutAllowed" name="test_chop_blocks_pullback_entry" time="0.005" /><testcase classname="backend.tests.test_generic_market_quality.TestChopOnlyBreakoutAllowed" name="test_chop_blocks_continuation_entry" time="0.005" /><testcase classname="backend.tests.test_generic_market_quality.TestChopOnlyBreakoutAllowed" name="test_chop_allows_confirmed_breakout_with_volume" time="0.005" /><testcase classname="backend.tests.test_generic_market_quality.TestChopOnlyBreakoutAllowed" name="test_chop_breakout_requires_volume_confirmation" time="0.005" /><testcase classname="backend.tests.test_generic_market_quality.TestEntryEngineChopHandling" name="test_long_ready_blocks_non_breakout_in_chop" time="0.006" /><testcase classname="backend.tests.test_generic_market_quality.TestEntryEngineChopHandling" name="test_short_ready_blocks_non_breakout_in_chop" time="0.005" /><testcase classname="backend.tests.test_generic_market_quality.TestEntryEngineChopHandling" name="test_long_ready_allows_breakout_in_chop" time="0.005" /><testcase classname="backend.tests.test_generic_market_quality.TestLowATRBreakoutException" name="test_low_atr_breakout_allowed" time="0.006" /><testcase classname="backend.tests.test_generic_market_quality.TestLowATRBreakoutException" name="test_low_atr_pullback_blocked" time="0.008" /><testcase classname="backend.tests.test_generic_market_quality.TestGenericFilteringForAllSymbols" name="test_filter_works_for_btc" time="0.005" /><testcase classname="backend.tests.test_generic_market_quality.TestGenericFilteringForAllSymbols" name="test_filter_works_for_eth" time="0.005" /><testcase classname="backend.tests.test_generic_market_quality.TestGenericFilteringForAllSymbols" name="test_filter_works_for_xrp" time="0.005" /><testcase classname="backend.tests.test_generic_market_quality.TestGenericFilteringForAllSymbols" name="test_filter_works_for_random_altcoin" time="0.005" /><testcase classname="backend.tests.test_liquidation_heatmap_adaptive.TestAdaptiveClusterStep" name="test_cluster_step_high_price_btc" time="0.000" /><testcase classname="backend.tests.test_liquidation_heatmap_adaptive.TestAdaptiveClusterStep" name="test_cluster_step_mid_price_eth" time="0.000" /><testcase classname="backend.tests.test_liquidation_heatmap_adaptive.TestAdaptiveClusterStep" name="test_cluster_step_price_100_to_1000" time="0.000" /><testcase classname="backend.tests.test_liquidation_heatmap_adaptive.TestAdaptiveClusterStep" name="test_cluster_step_price_10_to_100" time="0.000" /><testcase classname="backend.tests.test_liquidation_heatmap_adaptive.TestAdaptiveClusterStep" name="test_cluster_step_low_price_1_to_10" time="0.000" /><testcase classname="backend.tests.test_liquidation_heatmap_adaptive.TestAdaptiveClusterStep" name="test_cluster_step_very_low_price_0_1_to_1" time="0.000" /><testcase classname="backend.tests.test_liquidation_heatmap_adaptive.TestAdaptiveClusterStep" name="test_cluster_step_ultra_low_price_below_0_1" time="0.000" /><testcase classname="backend.tests.test_liquidation_heatmap_adaptive.TestAdaptiveClusterStep" name="test_cluster_step_boundary_at_10" time="0.000" /><testcase classname="backend.tests.test_liquidation_heatmap_adaptive.TestAdaptiveClusterStep" name="test_cluster_step_boundary_at_1" time="0.000" /><testcase classname="backend.tests.test_liquidation_heatmap_adaptive.TestLowPriceSymbolHeatmap" name="test_low_price_symbol_clusters_properly" time="0.001" /><testcase classname="backend.tests.test_liquidation_heatmap_adaptive.TestLowPriceSymbolHeatmap" name="test_low_price_symbol_no_events_returns_neutral" time="0.000" /><testcase classname="backend.tests.test_liquidation_heatmap_adaptive.TestLowPriceSymbolHeatmap" name="test_low_price_symbol_bearish_magnet" time="0.000" /><testcase classname="backend.tests.test_liquidation_heatmap_adaptive.TestSyntheticHeatmapFallback" name="test_synthetic_fallback_provides_target_when_no_live_events" time="0.005" /><testcase classname="backend.tests.test_liquidation_heatmap_adaptive.TestSyntheticHeatmapFallback" name="test_synthetic_fallback_builds_from_highs_and_lows" time="0.005" /><testcase classname="backend.tests.test_liquidation_heatmap_adaptive.TestSyntheticHeatmapFallback" name="test_synthetic_fallback_uses_last_36_candles" time="0.005" /><testcase classname="backend.tests.test_liquidation_heatmap_adaptive.TestSyntheticHeatmapFallback" name="test_live_events_preferred_over_synthetic" time="0.005" /><testcase classname="backend.tests.test_liquidation_heatmap_adaptive.TestAnalyzeSymbolNoLongerBlocks" name="test_analyze_symbol_uses_synthetic_fallback_for_low_price" time="0.006" /><testcase classname="backend.tests.test_liquidation_heatmap_adaptive.TestHighPriceHeatmapNoRegression" name="test_btc_heatmap_still_works" time="0.000" /><testcase classname="backend.tests.test_liquidation_heatmap_adaptive.TestHighPriceHeatmapNoRegression" name="test_eth_heatmap_still_works" time="0.000" /><testcase classname="backend.tests.test_liquidation_heatmap_adaptive.TestEdgeCases" name="test_zero_price_returns_neutral" time="0.000" /><testcase classname="backend.tests.test_liquidation_heatmap_adaptive.TestEdgeCases" name="test_events_with_zero_price_ignored" time="0.000" /><testcase classname="backend.tests.test_liquidation_heatmap_adaptive.TestEdgeCases" name="test_events_with_zero_size_ignored" time="0.000" /><testcase classname="backend.tests.test_micro_exit_prevention.TestRLPositionAgentMicroClosesPrevention" name="test_rl_agent_does_not_close_on_micro_profit_001_pct" time="0.000" /><testcase classname="backend.tests.test_micro_exit_prevention.TestRLPositionAgentMicroClosesPrevention" name="test_rl_agent_does_not_close_on_micro_loss_002_pct" time="0.000" /><testcase classname="backend.tests.test_micro_exit_prevention.TestRLPositionAgentMicroClosesPrevention" name="test_rl_agent_requires_meaningful_profit_to_close" time="0.000" /><testcase classname="backend.tests.test_micro_exit_prevention.TestRLPositionAgentMicroClosesPrevention" name="test_rl_agent_requires_meaningful_loss_to_panic_close" time="0.000" /><testcase classname="backend.tests.test_micro_exit_prevention.TestRLPositionAgentMicroClosesPrevention" name="test_rl_agent_requires_meaningful_profit_to_reduce" time="0.000" /><testcase classname="backend.tests.test_micro_exit_prevention.TestEntryEngineMinimumDistances" name="test_config_has_minimum_distances" time="0.005" /><testcase classname="backend.tests.test_micro_exit_prevention.TestEntryEngineMinimumDistances" name="test_entry_engine_enforces_min_tp_distance" time="0.005" /><testcase classname="backend.tests.test_micro_exit_prevention.TestEntryEngineMinimumDistances" name="test_entry_engine_enforces_min_sl_distance" time="0.005" /><testcase classname="backend.tests.test_micro_exit_prevention.TestManualPositionLevelEnforcement" name="test_derive_manual_levels_enforces_min_stop_distance" time="0.005" /><testcase classname="backend.tests.test_micro_exit_prevention.TestManualPositionLevelEnforcement" name="test_derive_manual_levels_enforces_min_tp_distance" time="0.005" /><testcase classname="backend.tests.test_micro_exit_prevention.TestProtectiveLiqLevelStorage" name="test_entry_signal_metadata_stores_final_stop_as_protective_level" time="0.005" /><testcase classname="backend.tests.test_micro_exit_prevention.TestMicroExitPreventionIntegration" name="test_xrpusdt_short_would_not_close_at_001_pct" time="0.005" /><testcase classname="backend.tests.test_micro_exit_prevention.TestMicroExitPreventionIntegration" name="test_btcusdt_short_would_not_close_at_002_pct_loss" time="0.005" /><testcase classname="backend.tests.test_p0_fixes.TestRiskGuardEmergencyReset" name="test_reset_guard_clears_emergency" time="0.000" /><testcase classname="backend.tests.test_p0_fixes.TestRiskGuardEmergencyReset" name="test_resume_clears_emergency" time="0.000" /><testcase classname="backend.tests.test_p0_fixes.TestRiskGuardEmergencyReset" name="test_resume_clears_stopped_status" time="0.000" /><testcase classname="backend.tests.test_p0_fixes.TestRiskGuardEmergencyReset" name="test_reset_clears_consecutive_losses" time="0.000" /><testcase classname="backend.tests.test_p0_fixes.TestTelegramStartBotResumesGuard" name="test_start_bot_clears_emergency" time="0.000" /><testcase classname="backend.tests.test_p0_fixes.TestBybitClientThrottling" name="test_bybit_has_request_lock" time="0.000" /><testcase classname="backend.tests.test_p0_fixes.TestBybitClientThrottling" name="test_bybit_has_rate_limit_intervals" time="0.000" /><testcase classname="backend.tests.test_p0_fixes.TestBybitClientThrottling" name="test_bybit_has_respect_rate_limit_method" time="0.000" /><testcase classname="backend.tests.test_p0_fixes.TestBybitClientThrottling" name="test_bybit_has_last_request_timestamps" time="0.000" /><testcase classname="backend.tests.test_p0_fixes.TestBybitClientThrottling" name="test_bybit_request_has_retries" time="0.000" /><testcase classname="backend.tests.test_p0_fixes.TestConfigCautiousDefaults" name="test_entry_transformer_threshold_cautious" time="0.005" /><testcase classname="backend.tests.test_p0_fixes.TestConfigCautiousDefaults" name="test_entry_max_liq_distance_reasonable" time="0.005" /><testcase classname="backend.tests.test_p0_fixes.TestConfigCautiousDefaults" name="test_entry_min_orderflow_imbalance_reasonable" time="0.005" /><testcase classname="backend.tests.test_p0_fixes.TestConfigCautiousDefaults" name="test_atr_min_pct_allows_trades" time="0.005" /><testcase classname="backend.tests.test_p0_fixes.TestConfigCautiousDefaults" name="test_market_trade_symbols_count" time="0.005" /><testcase classname="backend.tests.test_p0_fixes.TestConfigCautiousDefaults" name="test_ai_min_confidence_reasonable" time="0.005" /><testcase classname="backend.tests.test_p0_fixes.TestPortfolioTPDisabledByDefault" name="test_portfolio_tp_disabled_in_config" time="0.005" /><testcase classname="backend.tests.test_p0_fixes.TestPortfolioTPDisabledByDefault" name="test_portfolio_tp_requires_two_positions" time="0.005" /><testcase classname="backend.tests.test_p0_fixes.TestPortfolioTPDisabledByDefault" name="test_portfolio_tp_bot_initialization_disabled" time="0.005" /><testcase classname="backend.tests.test_p0_fixes.TestBasketProfitGuard" name="test_basket_profit_guard_enabled_in_config" time="0.005" /><testcase classname="backend.tests.test_p0_fixes.TestBasketProfitGuard" name="test_basket_profit_guard_drawdown_threshold" time="0.005" /><testcase classname="backend.tests.test_p0_fixes.TestBasketProfitGuard" name="test_basket_profit_guard_requires_negative_position" time="0.005" /><testcase classname="backend.tests.test_p0_fixes.TestBasketProfitGuard" name="test_basket_profit_guard_closes_basket_on_drawdown" time="0.005" /><testcase classname="backend.tests.test_p0_fixes.TestBasketProfitGuard" name="test_basket_profit_guard_does_not_close_without_negative" time="0.005" /><testcase classname="backend.tests.test_p0_fixes.TestManualPositionBehavior" name="test_manual_position_preserves_existing_tp" time="0.239" /><testcase classname="backend.tests.test_p0_fixes.TestManualPositionBehavior" name="test_manual_position_avoids_early_exit" time="0.000" /><testcase classname="backend.tests.test_p0_fixes.TestManualPositionBehavior" name="test_bot_position_can_early_exit" time="0.000" /><testcase classname="backend.tests.test_p0_fixes.TestManualPositionBehavior" name="test_manual_rl_disabled_by_default" time="0.006" /><testcase classname="backend.tests.test_p0_fixes.TestOrchestrationNoRegressions" name="test_bot_initialization_succeeds" time="0.005" /><testcase classname="backend.tests.test_p0_fixes.TestOrchestrationNoRegressions" name="test_controls_emergency_flag_behavior" time="0.005" /><testcase classname="backend.tests.test_p0_fixes.TestOrchestrationNoRegressions" name="test_can_trade_respects_emergency" time="0.000" /><testcase classname="backend.tests.test_p0_fixes.TestOrchestrationNoRegressions" name="test_basket_profit_state_resets_on_close_all" time="0.005" /><testcase classname="backend.tests.test_profit_drawdown_guard.TestProfitDrawdownGuardConfig" name="test_config_has_profit_drawdown_guard_section" time="0.005" /><testcase classname="backend.tests.test_profit_drawdown_guard.TestProfitDrawdownGuardConfig" name="test_trading_bot_has_profit_drawdown_guard_params" time="0.005" /><testcase classname="backend.tests.test_profit_drawdown_guard.TestProfitDrawdownGuardArmingRule" name="test_apply_profit_drawdown_profile_long_position" time="0.005" /><testcase classname="backend.tests.test_profit_drawdown_guard.TestProfitDrawdownGuardArmingRule" name="test_apply_profit_drawdown_profile_short_position" time="0.005" /><testcase classname="backend.tests.test_profit_drawdown_guard.TestProfitDrawdownGuardArmingRule" name="test_apply_profit_drawdown_profile_preserves_higher_activation_long" time="0.005" /><testcase classname="backend.tests.test_profit_drawdown_guard.TestProfitDrawdownGuardArmingRule" name="test_apply_profit_drawdown_profile_preserves_lower_activation_short" time="0.005" /><testcase classname="backend.tests.test_profit_drawdown_guard.TestProfitDrawdownGuardActivationAndRetrace" name="test_guard_not_armed_below_3_percent" time="0.005" /><testcase classname="backend.tests.test_profit_drawdown_guard.TestProfitDrawdownGuardActivationAndRetrace" name="test_guard_arms_at_3_percent_profit" time="0.005" /><testcase classname="backend.tests.test_profit_drawdown_guard.TestProfitDrawdownGuardActivationAndRetrace" name="test_guard_tracks_peak_profit" time="0.005" /><testcase classname="backend.tests.test_profit_drawdown_guard.TestProfitDrawdownGuardActivationAndRetrace" name="test_guard_triggers_on_25_percent_retrace_from_peak" time="0.005" /><testcase classname="backend.tests.test_profit_drawdown_guard.TestProfitDrawdownGuardActivationAndRetrace" name="test_guard_does_not_trigger_if_still_rising" time="0.005" /><testcase classname="backend.tests.test_profit_drawdown_guard.TestProfitDrawdownGuardActivationAndRetrace" name="test_guard_for_short_position" time="0.005" /><testcase classname="backend.tests.test_profit_drawdown_guard.TestManualPositionsPreserveTPAndSkipEarlyExit" name="test_manual_position_external_tp_locked" time="0.239" /><testcase classname="backend.tests.test_profit_drawdown_guard.TestManualPositionsPreserveTPAndSkipEarlyExit" name="test_manual_position_skip_early_exit" time="0.000" /><testcase classname="backend.tests.test_profit_drawdown_guard.TestManualPositionsPreserveTPAndSkipEarlyExit" name="test_bot_position_can_early_exit" time="0.000" /><testcase classname="backend.tests.test_profit_drawdown_guard.TestProfitDrawdownGuardAppliedToAllPositions" name="test_apply_profile_called_for_bot_position" time="0.005" /><testcase classname="backend.tests.test_profit_drawdown_guard.TestProfitDrawdownGuardAppliedToAllPositions" name="test_apply_profile_called_for_manual_position" time="0.823" /><testcase classname="backend.tests.test_profit_drawdown_guard.TestNoRegressions" name="test_basket_profit_guard_still_works" time="0.005" /><testcase classname="backend.tests.test_profit_drawdown_guard.TestNoRegressions" name="test_portfolio_tp_still_disabled" time="0.006" /><testcase classname="backend.tests.test_profit_drawdown_guard.TestNoRegressions" name="test_position_has_profit_guard_fields" time="0.000" /><testcase classname="backend.tests.test_profit_drawdown_guard.TestNoRegressions" name="test_controls_dict_includes_profit_guard_info" time="0.000" /><testcase classname="backend.tests.test_strategy_v2_changes.TestRSIRemovedFromEntryConditions" name="test_entry_engine_has_no_rsi_threshold" time="0.005" /><testcase classname="backend.tests.test_strategy_v2_changes.TestRSIRemovedFromEntryConditions" name="test_long_ready_conditions_no_rsi" time="0.005" /><testcase classname="backend.tests.test_strategy_v2_changes.TestRSIRemovedFromEntryConditions" name="test_short_ready_conditions_no_rsi" time="0.005" /><testcase classname="backend.tests.test_strategy_v2_changes.TestBreakoutPullbackContinuationStrategy" name="test_structure_detection_returns_all_scenarios" time="0.005" /><testcase classname="backend.tests.test_strategy_v2_changes.TestBreakoutPullbackContinuationStrategy" name="test_breakout_long_requires_trend_and_structure" time="0.005" /><testcase classname="backend.tests.test_strategy_v2_changes.TestBreakoutPullbackContinuationStrategy" name="test_continuation_detection_checks_momentum" time="0.005" /><testcase classname="backend.tests.test_strategy_v2_changes.TestAIAdvisoryModeWithFakeBreakoutVeto" name="test_ai_analyzer_system_prompt_mentions_breakout_continuation" time="0.005" /><testcase classname="backend.tests.test_strategy_v2_changes.TestAIAdvisoryModeWithFakeBreakoutVeto" name="test_ai_fake_breakout_veto_keywords" time="0.001" /><testcase classname="backend.tests.test_strategy_v2_changes.TestAIAdvisoryModeWithFakeBreakoutVeto" name="test_ai_min_confidence_lowered_for_v2" time="0.005" /><testcase classname="backend.tests.test_strategy_v2_changes.TestAIAdvisoryModeWithFakeBreakoutVeto" name="test_ai_fail_open_enabled" time="0.005" /><testcase classname="backend.tests.test_strategy_v2_changes.TestLevelBasedSLTPDerivation" name="test_entry_engine_uses_level_for_stop_loss" time="0.005" /><testcase classname="backend.tests.test_strategy_v2_changes.TestLevelBasedSLTPDerivation" name="test_entry_engine_uses_level_for_take_profit" time="0.005" /><testcase classname="backend.tests.test_strategy_v2_changes.TestLevelBasedSLTPDerivation" name="test_manual_position_derives_levels_from_structure" time="0.005" /><testcase classname="backend.tests.test_strategy_v2_changes.TestScanSummaryRejectionLogs" name="test_scan_summary_log_format" time="0.000" /><testcase classname="backend.tests.test_strategy_v2_changes.TestScanSummaryRejectionLogs" name="test_reject_reason_tracking" time="0.000" /><testcase classname="backend.tests.test_strategy_v2_changes.TestStrategyV2ConfigValues" name="test_transformer_threshold_permissive" time="0.005" /><testcase classname="backend.tests.test_strategy_v2_changes.TestStrategyV2ConfigValues" name="test_max_liq_distance_expanded" time="0.005" /><testcase classname="backend.tests.test_strategy_v2_changes.TestStrategyV2ConfigValues" name="test_min_orderflow_imbalance_lowered" time="0.005" /><testcase classname="backend.tests.test_strategy_v2_changes.TestStrategyV2ConfigValues" name="test_min_rr_ratio_reasonable" time="0.005" /><testcase classname="backend.tests.test_strategy_v2_changes.TestStrategyV2ConfigValues" name="test_allowed_regimes_include_chop" time="0.006" /><testcase classname="backend.tests.test_strategy_v2_changes.TestNoRegressionsPreviousGuards" name="test_profit_drawdown_guard_enabled" time="0.005" /><testcase classname="backend.tests.test_strategy_v2_changes.TestNoRegressionsPreviousGuards" name="test_basket_profit_guard_enabled" time="0.005" /><testcase classname="backend.tests.test_strategy_v2_changes.TestNoRegressionsPreviousGuards" name="test_manual_position_preserves_tp" time="0.005" /><testcase classname="backend.tests.test_strategy_v2_changes.TestNoRegressionsPreviousGuards" name="test_partial_tp_enabled" time="0.005" /><testcase classname="backend.tests.test_trading_bot_features.TestPositionSync" name="test_adopt_new_position_from_exchange" time="0.241" /><testcase classname="backend.tests.test_trading_bot_features.TestPositionSync" name="test_preserve_existing_sl_tp_when_adopting" time="0.244" /><testcase classname="backend.tests.test_trading_bot_features.TestPositionSync" name="test_update_existing_position_on_resync" time="0.011" /><testcase classname="backend.tests.test_trading_bot_features.TestPositionSync" name="test_short_position_adoption" time="0.241" /><testcase classname="backend.tests.test_trading_bot_features.TestPartialTakeProfit" name="test_compute_partial_tp_price_long" time="0.006" /><testcase classname="backend.tests.test_trading_bot_features.TestPartialTakeProfit" name="test_compute_partial_tp_price_short" time="0.005" /><testcase classname="backend.tests.test_trading_bot_features.TestPartialTakeProfit" name="test_compute_partial_tp_invalid_inputs" time="0.005" /><testcase classname="backend.tests.test_trading_bot_features.TestPartialTakeProfit" name="test_partial_tp_execution_long" time="0.006" /><testcase classname="backend.tests.test_trading_bot_features.TestPartialTakeProfit" name="test_partial_tp_execution_short" time="0.006" /><testcase classname="backend.tests.test_trading_bot_features.TestPartialTakeProfit" name="test_partial_tp_skipped_when_disabled" time="0.005" /><testcase classname="backend.tests.test_trading_bot_features.TestPartialTakeProfit" name="test_partial_tp_skipped_when_already_done" time="0.005" /><testcase classname="backend.tests.test_trading_bot_features.TestPortfolioTotalTP" name="test_portfolio_tp_triggers_all_positions_closed" time="0.005" /><testcase classname="backend.tests.test_trading_bot_features.TestPortfolioTotalTP" name="test_portfolio_tp_not_triggered_below_target" time="0.005" /><testcase classname="backend.tests.test_trading_bot_features.TestPortfolioTotalTP" name="test_portfolio_tp_disabled" time="0.006" /><testcase classname="backend.tests.test_trading_bot_features.TestPortfolioTotalTP" name="test_portfolio_tp_with_no_positions" time="0.005" /><testcase classname="backend.tests.test_trading_bot_features.TestPositionIdxSupport" name="test_execute_close_signature_has_position_idx" time="0.000" /><testcase classname="backend.tests.test_trading_bot_features.TestPositionIdxSupport" name="test_update_sl_signature_has_position_idx" time="0.000" /><testcase classname="backend.tests.test_trading_bot_features.TestPositionIdxSupport" name="test_update_tp_signature_has_position_idx" time="0.000" /><testcase classname="backend.tests.test_trading_bot_features.TestPositionIdxSupport" name="test_bybit_client_close_position_has_position_idx" time="0.000" /><testcase classname="backend.tests.test_trading_bot_features.TestPositionIdxSupport" name="test_bybit_client_update_stop_loss_has_position_idx" time="0.000" /><testcase classname="backend.tests.test_trading_bot_features.TestPositionIdxSupport" name="test_bybit_client_update_take_profit_has_position_idx" time="0.000" /><testcase classname="backend.tests.test_trading_bot_features.TestPositionManager" name="test_position_has_new_fields" time="0.000" /><testcase classname="backend.tests.test_trading_bot_features.TestPositionManager" name="test_position_is_long_property" time="0.000" /><testcase classname="backend.tests.test_trading_bot_features.TestPositionManager" name="test_position_manager_reduce" time="0.000" /><testcase classname="backend.tests.test_trading_bot_features.TestPositionManager" name="test_position_manager_reduce_removes_zero_qty" time="0.000" /><testcase classname="backend.tests.test_trading_bot_features.TestEdgeCasesAndRegression" name="test_partial_tp_with_min_position_size" time="0.005" /><testcase classname="backend.tests.test_trading_bot_features.TestEdgeCasesAndRegression" name="test_derive_manual_position_levels_long" time="0.005" /><testcase classname="backend.tests.test_trading_bot_features.TestEdgeCasesAndRegression" name="test_derive_manual_position_levels_short" time="0.005" /><testcase classname="backend.tests.test_trading_bot_features.TestEdgeCasesAndRegression" name="test_config_has_new_sections" time="0.005" /><testcase classname="backend.tests.test_trading_bot_features.TestEdgeCasesAndRegression" name="test_trading_bot_initializes_new_config_values" time="0.005" /><testcase classname="backend.tests.test_trading_bot_features.TestEdgeCasesAndRegression" name="test_position_controls_dict_includes_partial_tp" time="0.000" /></testsuite></testsuites>