<?xml version="1.0" encoding="utf-8"?><testsuites name="pytest tests"><testsuite name="pytest" errors="0" failures="0" skipped="0" tests="32" time="2.589" timestamp="2026-03-28T05:04:56.151145+00:00" hostname="agent-env-1562375c-ec60-447e-9efc-9832b760b5ea"><testcase classname="backend.tests.test_iteration44_signal_quality_fixes.TestOrderflowAnalyzerDepthLevels" name="test_default_depth_levels_is_25" time="0.000" /><testcase classname="backend.tests.test_iteration44_signal_quality_fixes.TestOrderflowAnalyzerDepthLevels" name="test_depth_levels_can_be_customized" time="0.000" /><testcase classname="backend.tests.test_iteration44_signal_quality_fixes.TestOrderflowAnalyzerDepthLevels" name="test_analyzer_uses_depth_levels_for_orderbook" time="0.000" /><testcase classname="backend.tests.test_iteration44_signal_quality_fixes.TestOrderflowAnalyzerRecentTradeTracking" name="test_recent_trades_affect_weighted_imbalance" time="0.000" /><testcase classname="backend.tests.test_iteration44_signal_quality_fixes.TestOrderflowAnalyzerRecentTradeTracking" name="test_old_trades_have_less_weight" time="0.000" /><testcase classname="backend.tests.test_iteration44_signal_quality_fixes.TestOrderflowAnalyzerImbalanceScoreWeights" name="test_imbalance_score_formula" time="0.000" /><testcase classname="backend.tests.test_iteration44_signal_quality_fixes.TestOrderflowAnalyzerDominantSide" name="test_dominant_side_bullish_threshold" time="0.000" /><testcase classname="backend.tests.test_iteration44_signal_quality_fixes.TestOrderflowAnalyzerDominantSide" name="test_dominant_side_bearish_threshold" time="0.000" /><testcase classname="backend.tests.test_iteration44_signal_quality_fixes.TestOrderflowAnalyzerDominantSide" name="test_dominant_side_neutral_threshold" time="0.000" /><testcase classname="backend.tests.test_iteration44_signal_quality_fixes.TestOrderflowAnalyzerEmptyDataHandling" name="test_empty_orderbook" time="0.000" /><testcase classname="backend.tests.test_iteration44_signal_quality_fixes.TestOrderflowAnalyzerEmptyDataHandling" name="test_empty_trades" time="0.000" /><testcase classname="backend.tests.test_iteration44_signal_quality_fixes.TestOrderflowAnalyzerEmptyDataHandling" name="test_empty_orderbook_and_trades" time="0.000" /><testcase classname="backend.tests.test_iteration44_signal_quality_fixes.TestExhaustionGuard" name="test_exhaustion_guard_rejects_buy_after_5_bullish_candles" time="0.000" /><testcase classname="backend.tests.test_iteration44_signal_quality_fixes.TestExhaustionGuard" name="test_exhaustion_guard_rejects_sell_after_5_bearish_candles" time="0.000" /><testcase classname="backend.tests.test_iteration44_signal_quality_fixes.TestExhaustionGuard" name="test_exhaustion_guard_allows_entry_with_3_candles_same_direction" time="0.000" /><testcase classname="backend.tests.test_iteration44_signal_quality_fixes.TestExhaustionGuard" name="test_exhaustion_guard_allows_entry_with_4_candles_same_direction" time="0.000" /><testcase classname="backend.tests.test_iteration44_signal_quality_fixes.TestCounterFlowGuard" name="test_counter_flow_rejects_sell_when_heavy_buying" time="0.000" /><testcase classname="backend.tests.test_iteration44_signal_quality_fixes.TestCounterFlowGuard" name="test_counter_flow_rejects_buy_when_heavy_selling" time="0.000" /><testcase classname="backend.tests.test_iteration44_signal_quality_fixes.TestCounterFlowGuard" name="test_counter_flow_allows_entry_when_volumes_balanced" time="0.000" /><testcase classname="backend.tests.test_iteration44_signal_quality_fixes.TestConfigValues" name="test_trailing_activation_atr_is_0_7" time="0.012" /><testcase classname="backend.tests.test_iteration44_signal_quality_fixes.TestConfigValues" name="test_trailing_distance_atr_is_1_2" time="0.010" /><testcase classname="backend.tests.test_iteration44_signal_quality_fixes.TestConfigValues" name="test_exchange_closed_confirm_cycles_is_8" time="0.010" /><testcase classname="backend.tests.test_iteration44_signal_quality_fixes.TestConfigValues" name="test_exchange_closed_force_cycles_is_30" time="0.010" /><testcase classname="backend.tests.test_iteration44_signal_quality_fixes.TestConfigValues" name="test_1m_preset_trailing_activation_atr" time="0.012" /><testcase classname="backend.tests.test_iteration44_signal_quality_fixes.TestConfigValues" name="test_1m_preset_trailing_distance_atr" time="0.010" /><testcase classname="backend.tests.test_iteration44_signal_quality_fixes.TestRegressionClassifySignalGrade" name="test_classify_signal_grade_exists" time="0.000" /><testcase classname="backend.tests.test_iteration44_signal_quality_fixes.TestRegressionClassifySignalGrade" name="test_grade_a_high_conviction" time="0.000" /><testcase classname="backend.tests.test_iteration44_signal_quality_fixes.TestRegressionClassifySignalGrade" name="test_grade_b_standard" time="0.000" /><testcase classname="backend.tests.test_iteration44_signal_quality_fixes.TestRegressionClassifySignalGrade" name="test_grade_c_marginal" time="0.000" /><testcase classname="backend.tests.test_iteration44_signal_quality_fixes.TestRegressionP0ManualProtection" name="test_entry_signal_has_grade_field" time="0.000" /><testcase classname="backend.tests.test_iteration44_signal_quality_fixes.TestRegressionP0ManualProtection" name="test_entry_signal_has_metadata_field" time="0.000" /><testcase classname="backend.tests.test_iteration44_signal_quality_fixes.TestIteration44Summary" name="test_all_signal_quality_fixes_present" time="0.010" /></testsuite></testsuites>