<?xml version="1.0" encoding="utf-8"?><testsuites name="pytest tests"><testsuite name="pytest" errors="0" failures="0" skipped="0" tests="85" time="2.838" timestamp="2026-03-19T03:43:40.661119+00:00" hostname="agent-env-036b33ef-8625-452c-9def-192519f35e6f"><testcase classname="backend.tests.test_entry_engine_v6.TestWeightedScoring" name="test_all_signals_aligned_bull_enters" time="0.001" /><testcase classname="backend.tests.test_entry_engine_v6.TestWeightedScoring" name="test_all_signals_aligned_bear_enters" time="0.000" /><testcase classname="backend.tests.test_entry_engine_v6.TestWeightedScoring" name="test_conflicting_signals_below_threshold" time="0.000" /><testcase classname="backend.tests.test_entry_engine_v6.TestWeightedScoring" name="test_score_breakdown_in_metadata" time="0.000" /><testcase classname="backend.tests.test_entry_engine_v6.TestWeightedScoring" name="test_neutral_trend_can_still_trade" time="0.000" /><testcase classname="backend.tests.test_entry_engine_v6.TestWeightedScoring" name="test_rr_still_hard_requirement" time="0.000" /><testcase classname="backend.tests.test_entry_engine_v6.TestTransformerCalibration" name="test_no_100_percent_probability" time="0.000" /><testcase classname="backend.tests.test_entry_engine_v6.TestTransformerCalibration" name="test_calibration_preserves_ordering" time="0.000" /><testcase classname="backend.tests.test_entry_engine_v6.TestTransformerCalibration" name="test_calibrated_probs_sum_to_one" time="0.000" /><testcase classname="backend.tests.test_entry_engine_v6.TestOrderflowInScoring" name="test_strong_bullish_imbalance_boosts_score" time="0.000" /><testcase classname="backend.tests.test_entry_engine_v6.TestOrderflowInScoring" name="test_bearish_imbalance_on_bullish_trend_lowers_score" time="0.000" /><testcase classname="backend.tests.test_entry_engine_v6.TestOrderflowInScoring" name="test_uses_normalized_not_raw_ratio" time="0.000" /><testcase classname="backend.tests.test_entry_engine_v6.TestConfigV6" name="test_entry_threshold_in_config" time="0.007" /><testcase classname="backend.tests.test_entry_engine_v6.TestConfigV6" name="test_trade_symbols_25" time="0.007" /><testcase classname="backend.tests.test_entry_engine_v6.TestConfigV6" name="test_rr_ratio_at_least_2" time="0.007" /><testcase classname="backend.tests.test_entry_engine_v6.TestConfigV6" name="test_early_exit_still_zero" time="0.007" /><testcase classname="backend.tests.test_trained_model_integration.TestCheckpointLoading" name="test_model_none_when_checkpoint_missing" time="0.000" /><testcase classname="backend.tests.test_trained_model_integration.TestCheckpointLoading" name="test_model_none_when_disabled" time="0.000" /><testcase classname="backend.tests.test_trained_model_integration.TestCheckpointLoading" name="test_model_loaded_when_checkpoint_exists" time="0.009" /><testcase classname="backend.tests.test_trained_model_integration.TestCheckpointLoading" name="test_corrupted_checkpoint_handled_gracefully" time="0.001" /><testcase classname="backend.tests.test_trained_model_integration.TestCheckpointLoading" name="test_relative_path_resolution" time="0.000" /><testcase classname="backend.tests.test_trained_model_integration.TestTrainedWinProbability" name="test_prediction_returns_none_when_model_missing" time="0.000" /><testcase classname="backend.tests.test_trained_model_integration.TestTrainedWinProbability" name="test_prediction_clamped_to_0_1_range" time="0.013" /><testcase classname="backend.tests.test_trained_model_integration.TestTrainedWinProbability" name="test_prediction_with_extreme_inputs" time="0.007" /><testcase classname="backend.tests.test_trained_model_integration.TestTrainedWinProbability" name="test_clamp_static_method" time="0.000" /><testcase classname="backend.tests.test_trained_model_integration.TestTrainedWinProbability" name="test_normalize_rr_method" time="0.000" /><testcase classname="backend.tests.test_trained_model_integration.TestTrainedWinProbability" name="test_normalize_htf_trend_method" time="0.000" /><testcase classname="backend.tests.test_trained_model_integration.TestLowProbabilityRejection" name="test_low_prob_rejects_entry" time="0.008" /><testcase classname="backend.tests.test_trained_model_integration.TestLowProbabilityRejection" name="test_rejection_metadata_contains_prob" time="0.000" /><testcase classname="backend.tests.test_trained_model_integration.TestConfidenceBlending" name="test_blending_formula_correctness" time="0.000" /><testcase classname="backend.tests.test_trained_model_integration.TestConfidenceBlending" name="test_no_blending_when_model_missing" time="0.000" /><testcase classname="backend.tests.test_trained_model_integration.TestConfidenceBlending" name="test_blending_applied_when_model_loaded" time="0.007" /><testcase classname="backend.tests.test_trained_model_integration.TestConfidenceBlending" name="test_blend_clamped_to_0_1" time="0.000" /><testcase classname="backend.tests.test_trained_model_integration.TestSameSideCooldownRegression" name="test_cooldown_method_exists" time="0.000" /><testcase classname="backend.tests.test_trained_model_integration.TestSameSideCooldownRegression" name="test_signal_timestamp_registration_method_exists" time="0.000" /><testcase classname="backend.tests.test_trained_model_integration.TestSameSideCooldownRegression" name="test_cooldown_config_present" time="0.007" /><testcase classname="backend.tests.test_trained_model_integration.TestSameSideCooldownRegression" name="test_last_signal_ts_attribute_initialized" time="0.000" /><testcase classname="backend.tests.test_trained_model_integration.TestSameSideCooldownRegression" name="test_cooldown_check_in_scan_entries" time="0.000" /><testcase classname="backend.tests.test_trained_model_integration.TestSameSideCooldownRegression" name="test_cooldown_logic_returns_remaining_seconds" time="0.000" /><testcase classname="backend.tests.test_trained_model_integration.TestTrainedModelConfig" name="test_trained_model_enabled_config" time="0.040" /><testcase classname="backend.tests.test_trained_model_integration.TestTrainedModelConfig" name="test_trained_model_min_prob_config" time="0.007" /><testcase classname="backend.tests.test_trained_model_integration.TestTrainedModelConfig" name="test_trained_model_blend_config" time="0.007" /><testcase classname="backend.tests.test_trained_model_integration.TestTrainedModelConfig" name="test_trained_model_weights_path_config" time="0.007" /><testcase classname="backend.tests.test_trained_model_integration.TestTrainedModelConfig" name="test_entry_threshold_reasonable" time="0.007" /><testcase classname="backend.tests.test_trained_model_integration.TestSignalGenerationWithTrainedModel" name="test_signal_metadata_contains_trained_model_fields" time="0.000" /><testcase classname="backend.tests.test_trained_model_integration.TestSignalGenerationWithTrainedModel" name="test_full_signal_flow_with_trained_model" time="0.008" /><testcase classname="backend.tests.test_signal_feedback_loop_and_sl_validation" name="test_invalid_sl_long_rejected" time="0.000" /><testcase classname="backend.tests.test_signal_feedback_loop_and_sl_validation" name="test_invalid_sl_short_rejected" time="0.000" /><testcase classname="backend.tests.test_signal_feedback_loop_and_sl_validation" name="test_signal_feedback_loop_labels_and_appends_dataset" time="0.003" /><testcase classname="backend.tests.test_signal_feedback_loop_and_sl_validation" name="test_feedback_loop_daily_retrain_gate" time="0.001" /><testcase classname="backend.tests.test_signal_feedback_loop_and_sl_validation" name="test_quality_gate_rejects_low_expected_edge" time="0.000" /><testcase classname="backend.tests.test_signal_feedback_loop_and_sl_validation" name="test_quality_gate_rejects_chop_regime" time="0.000" /><testcase classname="backend.tests.test_signal_feedback_loop_and_sl_validation" name="test_quality_gate_passes_strong_signal" time="0.000" /><testcase classname="backend.tests.test_entry_engine_sl_and_antichase_iteration18.TestConfigIteration18" name="test_entry_threshold_is_0_62" time="0.007" /><testcase classname="backend.tests.test_entry_engine_sl_and_antichase_iteration18.TestConfigIteration18" name="test_trained_model_disabled" time="0.007" /><testcase classname="backend.tests.test_entry_engine_sl_and_antichase_iteration18.TestConfigIteration18" name="test_min_stop_atr_mult_present" time="0.007" /><testcase classname="backend.tests.test_entry_engine_sl_and_antichase_iteration18.TestConfigIteration18" name="test_max_entry_extension_atr_present" time="0.007" /><testcase classname="backend.tests.test_entry_engine_sl_and_antichase_iteration18.TestConfigIteration18" name="test_entry_range_atr_mult_present" time="0.007" /><testcase classname="backend.tests.test_entry_engine_sl_and_antichase_iteration18.TestSLFloor" name="test_sl_floor_applied_when_sl_too_tight" time="0.000" /><testcase classname="backend.tests.test_entry_engine_sl_and_antichase_iteration18.TestSLFloor" name="test_sl_floor_not_applied_when_sl_already_wide" time="0.000" /><testcase classname="backend.tests.test_entry_engine_sl_and_antichase_iteration18.TestSLFloor" name="test_sl_floor_works_for_shorts" time="0.000" /><testcase classname="backend.tests.test_entry_engine_sl_and_antichase_iteration18.TestSLFloor" name="test_engine_loads_min_stop_atr_mult_from_config" time="0.000" /><testcase classname="backend.tests.test_entry_engine_sl_and_antichase_iteration18.TestAntiChaseReject" name="test_rejects_long_entry_too_extended_from_zone" time="0.000" /><testcase classname="backend.tests.test_entry_engine_sl_and_antichase_iteration18.TestAntiChaseReject" name="test_accepts_long_entry_within_extension_limit" time="0.000" /><testcase classname="backend.tests.test_entry_engine_sl_and_antichase_iteration18.TestAntiChaseReject" name="test_rejects_short_entry_too_extended_from_zone" time="0.000" /><testcase classname="backend.tests.test_entry_engine_sl_and_antichase_iteration18.TestAntiChaseReject" name="test_extension_atr_in_reject_metadata" time="0.000" /><testcase classname="backend.tests.test_entry_engine_sl_and_antichase_iteration18.TestAntiChaseReject" name="test_engine_loads_max_entry_extension_atr_from_config" time="0.000" /><testcase classname="backend.tests.test_entry_engine_sl_and_antichase_iteration18.TestMetadataFields" name="test_entry_range_low_in_metadata" time="0.000" /><testcase classname="backend.tests.test_entry_engine_sl_and_antichase_iteration18.TestMetadataFields" name="test_entry_range_high_in_metadata" time="0.000" /><testcase classname="backend.tests.test_entry_engine_sl_and_antichase_iteration18.TestMetadataFields" name="test_entry_range_for_long_is_below_current_price" time="0.000" /><testcase classname="backend.tests.test_entry_engine_sl_and_antichase_iteration18.TestMetadataFields" name="test_entry_range_for_short_is_above_current_price" time="0.000" /><testcase classname="backend.tests.test_entry_engine_sl_and_antichase_iteration18.TestMetadataFields" name="test_smc_score_in_metadata" time="0.000" /><testcase classname="backend.tests.test_entry_engine_sl_and_antichase_iteration18.TestMetadataFields" name="test_smc_score_equals_composite_score" time="0.000" /><testcase classname="backend.tests.test_entry_engine_sl_and_antichase_iteration18.TestMetadataFields" name="test_entry_range_uses_atr_multiplier" time="0.000" /><testcase classname="backend.tests.test_entry_engine_sl_and_antichase_iteration18.TestTelegramEntryRange" name="test_main_py_telegram_message_has_entry_range" time="0.000" /><testcase classname="backend.tests.test_entry_engine_sl_and_antichase_iteration18.TestTelegramEntryRange" name="test_telegram_message_structure" time="0.005" /><testcase classname="backend.tests.test_entry_engine_sl_and_antichase_iteration18.TestEngineInitialization" name="test_entry_threshold_loaded" time="0.000" /><testcase classname="backend.tests.test_entry_engine_sl_and_antichase_iteration18.TestEngineInitialization" name="test_min_stop_atr_mult_loaded" time="0.000" /><testcase classname="backend.tests.test_entry_engine_sl_and_antichase_iteration18.TestEngineInitialization" name="test_max_entry_extension_atr_loaded" time="0.000" /><testcase classname="backend.tests.test_entry_engine_sl_and_antichase_iteration18.TestEngineInitialization" name="test_entry_range_atr_mult_loaded" time="0.000" /><testcase classname="backend.tests.test_entry_engine_sl_and_antichase_iteration18.TestEngineInitialization" name="test_trained_model_enabled_loaded" time="0.000" /><testcase classname="backend.tests.test_entry_engine_sl_and_antichase_iteration18.TestEngineInitialization" name="test_trained_model_min_prob_loaded" time="0.000" /><testcase classname="backend.tests.test_entry_engine_sl_and_antichase_iteration18.TestSLDistanceValidation" name="test_sl_uses_max_of_pct_and_atr_floor" time="0.000" /><testcase classname="backend.tests.test_entry_engine_sl_and_antichase_iteration18.TestSLDistanceValidation" name="test_sl_validates_long_not_above_entry" time="0.000" /><testcase classname="backend.tests.test_entry_engine_sl_and_antichase_iteration18.TestSLDistanceValidation" name="test_sl_validates_short_not_below_entry" time="0.000" /></testsuite></testsuites>